[2024-02-04T10:00:47.251+0000] {taskinstance.py:1956} INFO - Dependencies all met for dep_context=non-requeueable deps ti=<TaskInstance: sf_data_upload.sf311_extract_task manual__2024-02-04T09:55:54.011497+00:00 [queued]>
[2024-02-04T10:00:47.258+0000] {taskinstance.py:1956} INFO - Dependencies all met for dep_context=requeueable deps ti=<TaskInstance: sf_data_upload.sf311_extract_task manual__2024-02-04T09:55:54.011497+00:00 [queued]>
[2024-02-04T10:00:47.260+0000] {taskinstance.py:2170} INFO - Starting attempt 5 of 5
[2024-02-04T10:00:47.268+0000] {taskinstance.py:2191} INFO - Executing <Task(PythonOperator): sf311_extract_task> on 2024-02-04 09:55:54.011497+00:00
[2024-02-04T10:00:47.273+0000] {standard_task_runner.py:60} INFO - Started process 92 to run task
[2024-02-04T10:00:47.275+0000] {standard_task_runner.py:87} INFO - Running: ['***', 'tasks', 'run', 'sf_data_upload', 'sf311_extract_task', 'manual__2024-02-04T09:55:54.011497+00:00', '--job-id', '62', '--raw', '--subdir', 'DAGS_FOLDER/sf311_data_upload_dag.py', '--cfg-path', '/tmp/tmpj40yf3o0']
[2024-02-04T10:00:47.277+0000] {standard_task_runner.py:88} INFO - Job 62: Subtask sf311_extract_task
[2024-02-04T10:00:47.307+0000] {task_command.py:423} INFO - Running <TaskInstance: sf_data_upload.sf311_extract_task manual__2024-02-04T09:55:54.011497+00:00 [running]> on host e61977183ded
[2024-02-04T10:00:47.351+0000] {taskinstance.py:2480} INFO - Exporting env vars: AIRFLOW_CTX_DAG_OWNER='***' AIRFLOW_CTX_DAG_ID='sf_data_upload' AIRFLOW_CTX_TASK_ID='sf311_extract_task' AIRFLOW_CTX_EXECUTION_DATE='2024-02-04T09:55:54.011497+00:00' AIRFLOW_CTX_TRY_NUMBER='5' AIRFLOW_CTX_DAG_RUN_ID='manual__2024-02-04T09:55:54.011497+00:00'
[2024-02-04T10:00:47.603+0000] {socrata.py:63} WARNING - Requests made without an app_token will be subject to strict throttling limits.
[2024-02-04T10:01:05.895+0000] {python.py:201} INFO - Done. Returned value was:       service_request_id  ... :@computed_region_y6ts_4iup
0               17845252  ...                         NaN
1               17845251  ...                         NaN
2               17845250  ...                         NaN
3               17845246  ...                         NaN
4               17845245  ...                         NaN
...                  ...  ...                         ...
39995           17752502  ...                         NaN
39996           17752501  ...                         NaN
39997           17752499  ...                         NaN
39998           17752495  ...                         NaN
39999           17752494  ...                         NaN

[40000 rows x 48 columns]
[2024-02-04T10:01:06.869+0000] {taskinstance.py:1138} INFO - Marking task as SUCCESS. dag_id=sf_data_upload, task_id=sf311_extract_task, execution_date=20240204T095554, start_date=20240204T100047, end_date=20240204T100106
[2024-02-04T10:01:07.036+0000] {local_task_job_runner.py:234} INFO - Task exited with return code 0
[2024-02-04T10:01:07.076+0000] {taskinstance.py:3280} INFO - 1 downstream tasks scheduled from follow-on schedule check
