[2024-02-03T23:18:18.320+0000] {taskinstance.py:1956} INFO - Dependencies all met for dep_context=non-requeueable deps ti=<TaskInstance: sf_data_upload.sf311_clean_task scheduled__2024-02-02T00:00:00+00:00 [queued]>
[2024-02-03T23:18:18.328+0000] {taskinstance.py:1956} INFO - Dependencies all met for dep_context=requeueable deps ti=<TaskInstance: sf_data_upload.sf311_clean_task scheduled__2024-02-02T00:00:00+00:00 [queued]>
[2024-02-03T23:18:18.329+0000] {taskinstance.py:2170} INFO - Starting attempt 1 of 1
[2024-02-03T23:18:18.337+0000] {taskinstance.py:2191} INFO - Executing <Task(PythonOperator): sf311_clean_task> on 2024-02-02 00:00:00+00:00
[2024-02-03T23:18:18.341+0000] {standard_task_runner.py:60} INFO - Started process 80 to run task
[2024-02-03T23:18:18.344+0000] {standard_task_runner.py:87} INFO - Running: ['***', 'tasks', 'run', 'sf_data_upload', 'sf311_clean_task', 'scheduled__2024-02-02T00:00:00+00:00', '--job-id', '25', '--raw', '--subdir', 'DAGS_FOLDER/sf311_data_upload_dag.py', '--cfg-path', '/tmp/tmplpglrunr']
[2024-02-03T23:18:18.347+0000] {standard_task_runner.py:88} INFO - Job 25: Subtask sf311_clean_task
[2024-02-03T23:18:18.378+0000] {task_command.py:423} INFO - Running <TaskInstance: sf_data_upload.sf311_clean_task scheduled__2024-02-02T00:00:00+00:00 [running]> on host f7935484a45e
[2024-02-03T23:18:18.478+0000] {taskinstance.py:2480} INFO - Exporting env vars: AIRFLOW_CTX_DAG_OWNER='***' AIRFLOW_CTX_DAG_ID='sf_data_upload' AIRFLOW_CTX_TASK_ID='sf311_clean_task' AIRFLOW_CTX_EXECUTION_DATE='2024-02-02T00:00:00+00:00' AIRFLOW_CTX_TRY_NUMBER='1' AIRFLOW_CTX_DAG_RUN_ID='scheduled__2024-02-02T00:00:00+00:00'
[2024-02-03T23:18:18.484+0000] {python.py:201} INFO - Done. Returned value was:      service_request_id  ...                                          media_url
0              17841168  ...                                               None
1              17841162  ...                                               None
2              17841161  ...                                               None
3              17841158  ...                                               None
4              17841157  ...                                               None
..                  ...  ...                                                ...
995            17838519  ...                                               None
996            17838518  ...                                               None
997            17838516  ...                                               None
998            17838515  ...  {'url': 'https://mobile311.sfgov.org/media/san...
999            17838507  ...                                               None

[1000 rows x 21 columns]
[2024-02-03T23:18:18.524+0000] {taskinstance.py:1138} INFO - Marking task as SUCCESS. dag_id=sf_data_upload, task_id=sf311_clean_task, execution_date=20240202T000000, start_date=20240203T231818, end_date=20240203T231818
[2024-02-03T23:18:18.558+0000] {local_task_job_runner.py:234} INFO - Task exited with return code 0
[2024-02-03T23:18:18.574+0000] {taskinstance.py:3280} INFO - 1 downstream tasks scheduled from follow-on schedule check
