[2024-02-04T10:01:08.595+0000] {taskinstance.py:1956} INFO - Dependencies all met for dep_context=non-requeueable deps ti=<TaskInstance: sf_data_upload.sf311_clean_task manual__2024-02-04T09:55:54.011497+00:00 [queued]>
[2024-02-04T10:01:08.603+0000] {taskinstance.py:1956} INFO - Dependencies all met for dep_context=requeueable deps ti=<TaskInstance: sf_data_upload.sf311_clean_task manual__2024-02-04T09:55:54.011497+00:00 [queued]>
[2024-02-04T10:01:08.604+0000] {taskinstance.py:2170} INFO - Starting attempt 1 of 1
[2024-02-04T10:01:08.613+0000] {taskinstance.py:2191} INFO - Executing <Task(PythonOperator): sf311_clean_task> on 2024-02-04 09:55:54.011497+00:00
[2024-02-04T10:01:08.621+0000] {standard_task_runner.py:60} INFO - Started process 110 to run task
[2024-02-04T10:01:08.626+0000] {standard_task_runner.py:87} INFO - Running: ['***', 'tasks', 'run', 'sf_data_upload', 'sf311_clean_task', 'manual__2024-02-04T09:55:54.011497+00:00', '--job-id', '63', '--raw', '--subdir', 'DAGS_FOLDER/sf311_data_upload_dag.py', '--cfg-path', '/tmp/tmp6fw96nb3']
[2024-02-04T10:01:08.629+0000] {standard_task_runner.py:88} INFO - Job 63: Subtask sf311_clean_task
[2024-02-04T10:01:08.676+0000] {task_command.py:423} INFO - Running <TaskInstance: sf_data_upload.sf311_clean_task manual__2024-02-04T09:55:54.011497+00:00 [running]> on host e61977183ded
[2024-02-04T10:01:09.356+0000] {taskinstance.py:2480} INFO - Exporting env vars: AIRFLOW_CTX_DAG_OWNER='***' AIRFLOW_CTX_DAG_ID='sf_data_upload' AIRFLOW_CTX_TASK_ID='sf311_clean_task' AIRFLOW_CTX_EXECUTION_DATE='2024-02-04T09:55:54.011497+00:00' AIRFLOW_CTX_TRY_NUMBER='1' AIRFLOW_CTX_DAG_RUN_ID='manual__2024-02-04T09:55:54.011497+00:00'
[2024-02-04T10:01:09.441+0000] {python.py:201} INFO - Done. Returned value was:        service_request_id  ... media_url
0                17845252  ...      None
1                17845251  ...      None
2                17845250  ...      None
3                17845246  ...      None
4                17845245  ...      None
...                   ...  ...       ...
39995            17752502  ...      None
39996            17752501  ...      None
39997            17752499  ...      None
39998            17752495  ...      None
39999            17752494  ...      None

[40000 rows x 21 columns]
[2024-02-04T10:01:09.941+0000] {taskinstance.py:1138} INFO - Marking task as SUCCESS. dag_id=sf_data_upload, task_id=sf311_clean_task, execution_date=20240204T095554, start_date=20240204T100108, end_date=20240204T100109
[2024-02-04T10:01:10.005+0000] {local_task_job_runner.py:234} INFO - Task exited with return code 0
[2024-02-04T10:01:10.035+0000] {taskinstance.py:3280} INFO - 0 downstream tasks scheduled from follow-on schedule check
