[2024-02-03T23:18:14.373+0000] {taskinstance.py:1956} INFO - Dependencies all met for dep_context=non-requeueable deps ti=<TaskInstance: sf_data_upload.sf311_extract_task scheduled__2024-02-02T00:00:00+00:00 [queued]>
[2024-02-03T23:18:14.379+0000] {taskinstance.py:1956} INFO - Dependencies all met for dep_context=requeueable deps ti=<TaskInstance: sf_data_upload.sf311_extract_task scheduled__2024-02-02T00:00:00+00:00 [queued]>
[2024-02-03T23:18:14.380+0000] {taskinstance.py:2170} INFO - Starting attempt 2 of 2
[2024-02-03T23:18:14.387+0000] {taskinstance.py:2191} INFO - Executing <Task(PythonOperator): sf311_extract_task> on 2024-02-02 00:00:00+00:00
[2024-02-03T23:18:14.392+0000] {standard_task_runner.py:60} INFO - Started process 77 to run task
[2024-02-03T23:18:14.395+0000] {standard_task_runner.py:87} INFO - Running: ['***', 'tasks', 'run', 'sf_data_upload', 'sf311_extract_task', 'scheduled__2024-02-02T00:00:00+00:00', '--job-id', '24', '--raw', '--subdir', 'DAGS_FOLDER/sf311_data_upload_dag.py', '--cfg-path', '/tmp/tmpe4yzd9ec']
[2024-02-03T23:18:14.399+0000] {standard_task_runner.py:88} INFO - Job 24: Subtask sf311_extract_task
[2024-02-03T23:18:14.435+0000] {task_command.py:423} INFO - Running <TaskInstance: sf_data_upload.sf311_extract_task scheduled__2024-02-02T00:00:00+00:00 [running]> on host f7935484a45e
[2024-02-03T23:18:14.478+0000] {taskinstance.py:2480} INFO - Exporting env vars: AIRFLOW_CTX_DAG_OWNER='***' AIRFLOW_CTX_DAG_ID='sf_data_upload' AIRFLOW_CTX_TASK_ID='sf311_extract_task' AIRFLOW_CTX_EXECUTION_DATE='2024-02-02T00:00:00+00:00' AIRFLOW_CTX_TRY_NUMBER='2' AIRFLOW_CTX_DAG_RUN_ID='scheduled__2024-02-02T00:00:00+00:00'
[2024-02-03T23:18:14.482+0000] {socrata.py:63} WARNING - Requests made without an app_token will be subject to strict throttling limits.
[2024-02-03T23:18:17.035+0000] {python.py:201} INFO - Done. Returned value was:     service_request_id  ... :@computed_region_y6ts_4iup
0             17841168  ...                         NaN
1             17841162  ...                         NaN
2             17841161  ...                         NaN
3             17841158  ...                         NaN
4             17841157  ...                         NaN
..                 ...  ...                         ...
995           17838519  ...                         NaN
996           17838518  ...                         NaN
997           17838516  ...                         NaN
998           17838515  ...                         NaN
999           17838507  ...                         NaN

[1000 rows x 48 columns]
[2024-02-03T23:18:17.118+0000] {taskinstance.py:1138} INFO - Marking task as SUCCESS. dag_id=sf_data_upload, task_id=sf311_extract_task, execution_date=20240202T000000, start_date=20240203T231814, end_date=20240203T231817
[2024-02-03T23:18:17.154+0000] {local_task_job_runner.py:234} INFO - Task exited with return code 0
[2024-02-03T23:18:17.180+0000] {taskinstance.py:3280} INFO - 1 downstream tasks scheduled from follow-on schedule check
