[2024-02-02T17:07:22.519+0000] {processor.py:161} INFO - Started process (PID=45) to work on /home/airflow/.local/lib/python3.8/site-packages/airflow/example_dags/example_dag_decorator.py
[2024-02-02T17:07:22.522+0000] {processor.py:830} INFO - Processing file /home/airflow/.local/lib/python3.8/site-packages/airflow/example_dags/example_dag_decorator.py for tasks to queue
[2024-02-02T17:07:22.525+0000] {logging_mixin.py:188} INFO - [2024-02-02T17:07:22.525+0000] {dagbag.py:538} INFO - Filling up the DagBag from /home/airflow/.local/lib/python3.8/site-packages/airflow/example_dags/example_dag_decorator.py
[2024-02-02T17:07:22.691+0000] {processor.py:840} INFO - DAG(s) 'example_dag_decorator' retrieved from /home/airflow/.local/lib/python3.8/site-packages/airflow/example_dags/example_dag_decorator.py
[2024-02-02T17:07:22.796+0000] {logging_mixin.py:188} INFO - [2024-02-02T17:07:22.796+0000] {override.py:1769} INFO - Created Permission View: can delete on DAG:example_dag_decorator
[2024-02-02T17:07:22.809+0000] {logging_mixin.py:188} INFO - [2024-02-02T17:07:22.809+0000] {override.py:1769} INFO - Created Permission View: can edit on DAG:example_dag_decorator
[2024-02-02T17:07:22.817+0000] {logging_mixin.py:188} INFO - [2024-02-02T17:07:22.816+0000] {override.py:1769} INFO - Created Permission View: can read on DAG:example_dag_decorator
[2024-02-02T17:07:22.819+0000] {logging_mixin.py:188} INFO - [2024-02-02T17:07:22.818+0000] {dag.py:3036} INFO - Sync 1 DAGs
[2024-02-02T17:07:22.829+0000] {logging_mixin.py:188} INFO - [2024-02-02T17:07:22.829+0000] {dag.py:3058} INFO - Creating ORM DAG for example_dag_decorator
[2024-02-02T17:07:22.832+0000] {logging_mixin.py:188} INFO - [2024-02-02T17:07:22.832+0000] {dag.py:3823} INFO - Setting next_dagrun for example_dag_decorator to None, run_after=None
[2024-02-02T17:07:22.845+0000] {processor.py:183} INFO - Processing /home/airflow/.local/lib/python3.8/site-packages/airflow/example_dags/example_dag_decorator.py took 0.330 seconds
[2024-02-02T17:07:53.847+0000] {processor.py:161} INFO - Started process (PID=101) to work on /home/airflow/.local/lib/python3.8/site-packages/airflow/example_dags/example_dag_decorator.py
[2024-02-02T17:07:53.850+0000] {processor.py:830} INFO - Processing file /home/airflow/.local/lib/python3.8/site-packages/airflow/example_dags/example_dag_decorator.py for tasks to queue
[2024-02-02T17:07:53.855+0000] {logging_mixin.py:188} INFO - [2024-02-02T17:07:53.854+0000] {dagbag.py:538} INFO - Filling up the DagBag from /home/airflow/.local/lib/python3.8/site-packages/airflow/example_dags/example_dag_decorator.py
[2024-02-02T17:07:53.932+0000] {processor.py:840} INFO - DAG(s) 'example_dag_decorator' retrieved from /home/airflow/.local/lib/python3.8/site-packages/airflow/example_dags/example_dag_decorator.py
[2024-02-02T17:07:54.041+0000] {logging_mixin.py:188} INFO - [2024-02-02T17:07:54.040+0000] {dag.py:3036} INFO - Sync 1 DAGs
[2024-02-02T17:07:54.049+0000] {logging_mixin.py:188} INFO - [2024-02-02T17:07:54.049+0000] {dag.py:3823} INFO - Setting next_dagrun for example_dag_decorator to None, run_after=None
[2024-02-02T17:07:54.064+0000] {processor.py:183} INFO - Processing /home/airflow/.local/lib/python3.8/site-packages/airflow/example_dags/example_dag_decorator.py took 0.220 seconds
[2024-02-02T17:08:24.666+0000] {processor.py:161} INFO - Started process (PID=156) to work on /home/airflow/.local/lib/python3.8/site-packages/airflow/example_dags/example_dag_decorator.py
[2024-02-02T17:08:24.670+0000] {processor.py:830} INFO - Processing file /home/airflow/.local/lib/python3.8/site-packages/airflow/example_dags/example_dag_decorator.py for tasks to queue
[2024-02-02T17:08:24.675+0000] {logging_mixin.py:188} INFO - [2024-02-02T17:08:24.674+0000] {dagbag.py:538} INFO - Filling up the DagBag from /home/airflow/.local/lib/python3.8/site-packages/airflow/example_dags/example_dag_decorator.py
[2024-02-02T17:08:24.740+0000] {processor.py:840} INFO - DAG(s) 'example_dag_decorator' retrieved from /home/airflow/.local/lib/python3.8/site-packages/airflow/example_dags/example_dag_decorator.py
[2024-02-02T17:08:24.816+0000] {logging_mixin.py:188} INFO - [2024-02-02T17:08:24.816+0000] {dag.py:3036} INFO - Sync 1 DAGs
[2024-02-02T17:08:24.826+0000] {logging_mixin.py:188} INFO - [2024-02-02T17:08:24.826+0000] {dag.py:3823} INFO - Setting next_dagrun for example_dag_decorator to None, run_after=None
[2024-02-02T17:08:24.841+0000] {processor.py:183} INFO - Processing /home/airflow/.local/lib/python3.8/site-packages/airflow/example_dags/example_dag_decorator.py took 0.179 seconds
