[2024-02-02T17:07:24.797+0000] {processor.py:161} INFO - Started process (PID=61) to work on /home/airflow/.local/lib/python3.8/site-packages/airflow/example_dags/example_subdag_operator.py
[2024-02-02T17:07:24.799+0000] {processor.py:830} INFO - Processing file /home/airflow/.local/lib/python3.8/site-packages/airflow/example_dags/example_subdag_operator.py for tasks to queue
[2024-02-02T17:07:24.802+0000] {logging_mixin.py:188} INFO - [2024-02-02T17:07:24.801+0000] {dagbag.py:538} INFO - Filling up the DagBag from /home/airflow/.local/lib/python3.8/site-packages/airflow/example_dags/example_subdag_operator.py
[2024-02-02T17:07:24.826+0000] {processor.py:840} INFO - DAG(s) 'example_subdag_operator.section-1', 'example_subdag_operator.section-2', 'example_subdag_operator' retrieved from /home/airflow/.local/lib/python3.8/site-packages/airflow/example_dags/example_subdag_operator.py
[2024-02-02T17:07:24.901+0000] {logging_mixin.py:188} INFO - [2024-02-02T17:07:24.900+0000] {override.py:1769} INFO - Created Permission View: can delete on DAG:example_subdag_operator
[2024-02-02T17:07:24.911+0000] {logging_mixin.py:188} INFO - [2024-02-02T17:07:24.911+0000] {override.py:1769} INFO - Created Permission View: can edit on DAG:example_subdag_operator
[2024-02-02T17:07:24.917+0000] {logging_mixin.py:188} INFO - [2024-02-02T17:07:24.917+0000] {override.py:1769} INFO - Created Permission View: can read on DAG:example_subdag_operator
[2024-02-02T17:07:24.919+0000] {logging_mixin.py:188} INFO - [2024-02-02T17:07:24.919+0000] {dag.py:3036} INFO - Sync 3 DAGs
[2024-02-02T17:07:24.929+0000] {logging_mixin.py:188} INFO - [2024-02-02T17:07:24.928+0000] {dag.py:3058} INFO - Creating ORM DAG for example_subdag_operator
[2024-02-02T17:07:24.930+0000] {logging_mixin.py:188} INFO - [2024-02-02T17:07:24.930+0000] {dag.py:3058} INFO - Creating ORM DAG for example_subdag_operator.section-1
[2024-02-02T17:07:24.932+0000] {logging_mixin.py:188} INFO - [2024-02-02T17:07:24.932+0000] {dag.py:3058} INFO - Creating ORM DAG for example_subdag_operator.section-2
[2024-02-02T17:07:24.940+0000] {logging_mixin.py:188} INFO - [2024-02-02T17:07:24.939+0000] {dag.py:3823} INFO - Setting next_dagrun for example_subdag_operator to 2022-01-01 00:00:00+00:00, run_after=2022-01-01 00:00:00+00:00
[2024-02-02T17:07:24.942+0000] {logging_mixin.py:188} INFO - [2024-02-02T17:07:24.942+0000] {dag.py:3823} INFO - Setting next_dagrun for example_subdag_operator.section-1 to None, run_after=None
[2024-02-02T17:07:24.943+0000] {logging_mixin.py:188} INFO - [2024-02-02T17:07:24.943+0000] {dag.py:3823} INFO - Setting next_dagrun for example_subdag_operator.section-2 to None, run_after=None
[2024-02-02T17:07:24.951+0000] {logging_mixin.py:188} INFO - [2024-02-02T17:07:24.951+0000] {dag.py:3036} INFO - Sync 2 DAGs
[2024-02-02T17:07:24.957+0000] {logging_mixin.py:188} INFO - [2024-02-02T17:07:24.957+0000] {dag.py:3823} INFO - Setting next_dagrun for example_subdag_operator.section-1 to None, run_after=None
[2024-02-02T17:07:24.962+0000] {logging_mixin.py:188} INFO - [2024-02-02T17:07:24.962+0000] {dag.py:3823} INFO - Setting next_dagrun for example_subdag_operator.section-2 to None, run_after=None
[2024-02-02T17:07:24.979+0000] {processor.py:183} INFO - Processing /home/airflow/.local/lib/python3.8/site-packages/airflow/example_dags/example_subdag_operator.py took 0.185 seconds
[2024-02-02T17:07:55.846+0000] {processor.py:161} INFO - Started process (PID=117) to work on /home/airflow/.local/lib/python3.8/site-packages/airflow/example_dags/example_subdag_operator.py
[2024-02-02T17:07:55.850+0000] {processor.py:830} INFO - Processing file /home/airflow/.local/lib/python3.8/site-packages/airflow/example_dags/example_subdag_operator.py for tasks to queue
[2024-02-02T17:07:55.853+0000] {logging_mixin.py:188} INFO - [2024-02-02T17:07:55.853+0000] {dagbag.py:538} INFO - Filling up the DagBag from /home/airflow/.local/lib/python3.8/site-packages/airflow/example_dags/example_subdag_operator.py
[2024-02-02T17:07:55.880+0000] {processor.py:840} INFO - DAG(s) 'example_subdag_operator.section-1', 'example_subdag_operator.section-2', 'example_subdag_operator' retrieved from /home/airflow/.local/lib/python3.8/site-packages/airflow/example_dags/example_subdag_operator.py
[2024-02-02T17:07:55.893+0000] {logging_mixin.py:188} INFO - [2024-02-02T17:07:55.892+0000] {dag.py:3036} INFO - Sync 3 DAGs
[2024-02-02T17:07:55.907+0000] {logging_mixin.py:188} INFO - [2024-02-02T17:07:55.907+0000] {dag.py:3823} INFO - Setting next_dagrun for example_subdag_operator to 2022-01-01 00:00:00+00:00, run_after=2022-01-01 00:00:00+00:00
[2024-02-02T17:07:55.910+0000] {logging_mixin.py:188} INFO - [2024-02-02T17:07:55.910+0000] {dag.py:3823} INFO - Setting next_dagrun for example_subdag_operator.section-1 to None, run_after=None
[2024-02-02T17:07:55.913+0000] {logging_mixin.py:188} INFO - [2024-02-02T17:07:55.913+0000] {dag.py:3823} INFO - Setting next_dagrun for example_subdag_operator.section-2 to None, run_after=None
[2024-02-02T17:07:55.918+0000] {logging_mixin.py:188} INFO - [2024-02-02T17:07:55.918+0000] {dag.py:3036} INFO - Sync 2 DAGs
[2024-02-02T17:07:55.923+0000] {logging_mixin.py:188} INFO - [2024-02-02T17:07:55.923+0000] {dag.py:3823} INFO - Setting next_dagrun for example_subdag_operator.section-1 to None, run_after=None
[2024-02-02T17:07:55.924+0000] {logging_mixin.py:188} INFO - [2024-02-02T17:07:55.924+0000] {dag.py:3823} INFO - Setting next_dagrun for example_subdag_operator.section-2 to None, run_after=None
[2024-02-02T17:07:55.932+0000] {processor.py:183} INFO - Processing /home/airflow/.local/lib/python3.8/site-packages/airflow/example_dags/example_subdag_operator.py took 0.093 seconds
[2024-02-02T17:08:26.444+0000] {processor.py:161} INFO - Started process (PID=172) to work on /home/airflow/.local/lib/python3.8/site-packages/airflow/example_dags/example_subdag_operator.py
[2024-02-02T17:08:26.456+0000] {processor.py:830} INFO - Processing file /home/airflow/.local/lib/python3.8/site-packages/airflow/example_dags/example_subdag_operator.py for tasks to queue
[2024-02-02T17:08:26.467+0000] {logging_mixin.py:188} INFO - [2024-02-02T17:08:26.466+0000] {dagbag.py:538} INFO - Filling up the DagBag from /home/airflow/.local/lib/python3.8/site-packages/airflow/example_dags/example_subdag_operator.py
[2024-02-02T17:08:26.498+0000] {processor.py:840} INFO - DAG(s) 'example_subdag_operator.section-1', 'example_subdag_operator.section-2', 'example_subdag_operator' retrieved from /home/airflow/.local/lib/python3.8/site-packages/airflow/example_dags/example_subdag_operator.py
[2024-02-02T17:08:26.517+0000] {logging_mixin.py:188} INFO - [2024-02-02T17:08:26.517+0000] {dag.py:3036} INFO - Sync 3 DAGs
[2024-02-02T17:08:26.539+0000] {logging_mixin.py:188} INFO - [2024-02-02T17:08:26.539+0000] {dag.py:3823} INFO - Setting next_dagrun for example_subdag_operator to 2022-01-01 00:00:00+00:00, run_after=2022-01-01 00:00:00+00:00
[2024-02-02T17:08:26.544+0000] {logging_mixin.py:188} INFO - [2024-02-02T17:08:26.544+0000] {dag.py:3823} INFO - Setting next_dagrun for example_subdag_operator.section-1 to None, run_after=None
[2024-02-02T17:08:26.547+0000] {logging_mixin.py:188} INFO - [2024-02-02T17:08:26.547+0000] {dag.py:3823} INFO - Setting next_dagrun for example_subdag_operator.section-2 to None, run_after=None
[2024-02-02T17:08:26.556+0000] {logging_mixin.py:188} INFO - [2024-02-02T17:08:26.556+0000] {dag.py:3036} INFO - Sync 2 DAGs
[2024-02-02T17:08:26.568+0000] {logging_mixin.py:188} INFO - [2024-02-02T17:08:26.568+0000] {dag.py:3823} INFO - Setting next_dagrun for example_subdag_operator.section-1 to None, run_after=None
[2024-02-02T17:08:26.571+0000] {logging_mixin.py:188} INFO - [2024-02-02T17:08:26.571+0000] {dag.py:3823} INFO - Setting next_dagrun for example_subdag_operator.section-2 to None, run_after=None
[2024-02-02T17:08:26.587+0000] {processor.py:183} INFO - Processing /home/airflow/.local/lib/python3.8/site-packages/airflow/example_dags/example_subdag_operator.py took 0.152 seconds
