[2024-02-02T17:07:22.893+0000] {processor.py:161} INFO - Started process (PID=47) to work on /home/airflow/.local/lib/python3.8/site-packages/airflow/example_dags/example_sla_dag.py
[2024-02-02T17:07:22.896+0000] {processor.py:830} INFO - Processing file /home/airflow/.local/lib/python3.8/site-packages/airflow/example_dags/example_sla_dag.py for tasks to queue
[2024-02-02T17:07:22.899+0000] {logging_mixin.py:188} INFO - [2024-02-02T17:07:22.899+0000] {dagbag.py:538} INFO - Filling up the DagBag from /home/airflow/.local/lib/python3.8/site-packages/airflow/example_dags/example_sla_dag.py
[2024-02-02T17:07:22.910+0000] {processor.py:840} INFO - DAG(s) 'example_sla_dag' retrieved from /home/airflow/.local/lib/python3.8/site-packages/airflow/example_dags/example_sla_dag.py
[2024-02-02T17:07:23.037+0000] {logging_mixin.py:188} INFO - [2024-02-02T17:07:23.036+0000] {override.py:1769} INFO - Created Permission View: can delete on DAG:example_sla_dag
[2024-02-02T17:07:23.051+0000] {logging_mixin.py:188} INFO - [2024-02-02T17:07:23.051+0000] {override.py:1769} INFO - Created Permission View: can edit on DAG:example_sla_dag
[2024-02-02T17:07:23.065+0000] {logging_mixin.py:188} INFO - [2024-02-02T17:07:23.065+0000] {override.py:1769} INFO - Created Permission View: can read on DAG:example_sla_dag
[2024-02-02T17:07:23.068+0000] {logging_mixin.py:188} INFO - [2024-02-02T17:07:23.068+0000] {dag.py:3036} INFO - Sync 1 DAGs
[2024-02-02T17:07:23.092+0000] {logging_mixin.py:188} INFO - [2024-02-02T17:07:23.092+0000] {dag.py:3058} INFO - Creating ORM DAG for example_sla_dag
[2024-02-02T17:07:23.112+0000] {logging_mixin.py:188} INFO - [2024-02-02T17:07:23.112+0000] {dag.py:3823} INFO - Setting next_dagrun for example_sla_dag to 2024-02-02 17:04:00+00:00, run_after=2024-02-02 17:06:00+00:00
[2024-02-02T17:07:23.143+0000] {processor.py:183} INFO - Processing /home/airflow/.local/lib/python3.8/site-packages/airflow/example_dags/example_sla_dag.py took 0.254 seconds
[2024-02-02T17:07:53.953+0000] {processor.py:161} INFO - Started process (PID=103) to work on /home/airflow/.local/lib/python3.8/site-packages/airflow/example_dags/example_sla_dag.py
[2024-02-02T17:07:53.956+0000] {processor.py:830} INFO - Processing file /home/airflow/.local/lib/python3.8/site-packages/airflow/example_dags/example_sla_dag.py for tasks to queue
[2024-02-02T17:07:53.959+0000] {logging_mixin.py:188} INFO - [2024-02-02T17:07:53.959+0000] {dagbag.py:538} INFO - Filling up the DagBag from /home/airflow/.local/lib/python3.8/site-packages/airflow/example_dags/example_sla_dag.py
[2024-02-02T17:07:53.969+0000] {processor.py:840} INFO - DAG(s) 'example_sla_dag' retrieved from /home/airflow/.local/lib/python3.8/site-packages/airflow/example_dags/example_sla_dag.py
[2024-02-02T17:07:54.004+0000] {logging_mixin.py:188} INFO - [2024-02-02T17:07:54.004+0000] {dag.py:3036} INFO - Sync 1 DAGs
[2024-02-02T17:07:54.032+0000] {logging_mixin.py:188} INFO - [2024-02-02T17:07:54.032+0000] {dag.py:3823} INFO - Setting next_dagrun for example_sla_dag to 2024-02-02 17:04:00+00:00, run_after=2024-02-02 17:06:00+00:00
[2024-02-02T17:07:54.045+0000] {processor.py:183} INFO - Processing /home/airflow/.local/lib/python3.8/site-packages/airflow/example_dags/example_sla_dag.py took 0.096 seconds
[2024-02-02T17:08:24.757+0000] {processor.py:161} INFO - Started process (PID=158) to work on /home/airflow/.local/lib/python3.8/site-packages/airflow/example_dags/example_sla_dag.py
[2024-02-02T17:08:24.760+0000] {processor.py:830} INFO - Processing file /home/airflow/.local/lib/python3.8/site-packages/airflow/example_dags/example_sla_dag.py for tasks to queue
[2024-02-02T17:08:24.762+0000] {logging_mixin.py:188} INFO - [2024-02-02T17:08:24.761+0000] {dagbag.py:538} INFO - Filling up the DagBag from /home/airflow/.local/lib/python3.8/site-packages/airflow/example_dags/example_sla_dag.py
[2024-02-02T17:08:24.768+0000] {processor.py:840} INFO - DAG(s) 'example_sla_dag' retrieved from /home/airflow/.local/lib/python3.8/site-packages/airflow/example_dags/example_sla_dag.py
[2024-02-02T17:08:24.785+0000] {logging_mixin.py:188} INFO - [2024-02-02T17:08:24.785+0000] {dag.py:3036} INFO - Sync 1 DAGs
[2024-02-02T17:08:24.803+0000] {logging_mixin.py:188} INFO - [2024-02-02T17:08:24.803+0000] {dag.py:3823} INFO - Setting next_dagrun for example_sla_dag to 2024-02-02 17:06:00+00:00, run_after=2024-02-02 17:08:00+00:00
[2024-02-02T17:08:24.817+0000] {processor.py:183} INFO - Processing /home/airflow/.local/lib/python3.8/site-packages/airflow/example_dags/example_sla_dag.py took 0.062 seconds
