[2024-02-02T17:07:24.252+0000] {processor.py:161} INFO - Started process (PID=56) to work on /home/airflow/.local/lib/python3.8/site-packages/airflow/example_dags/example_trigger_controller_dag.py
[2024-02-02T17:07:24.254+0000] {processor.py:830} INFO - Processing file /home/airflow/.local/lib/python3.8/site-packages/airflow/example_dags/example_trigger_controller_dag.py for tasks to queue
[2024-02-02T17:07:24.258+0000] {logging_mixin.py:188} INFO - [2024-02-02T17:07:24.257+0000] {dagbag.py:538} INFO - Filling up the DagBag from /home/airflow/.local/lib/python3.8/site-packages/airflow/example_dags/example_trigger_controller_dag.py
[2024-02-02T17:07:24.265+0000] {processor.py:840} INFO - DAG(s) 'example_trigger_controller_dag' retrieved from /home/airflow/.local/lib/python3.8/site-packages/airflow/example_dags/example_trigger_controller_dag.py
[2024-02-02T17:07:24.329+0000] {logging_mixin.py:188} INFO - [2024-02-02T17:07:24.329+0000] {override.py:1769} INFO - Created Permission View: can delete on DAG:example_trigger_controller_dag
[2024-02-02T17:07:24.338+0000] {logging_mixin.py:188} INFO - [2024-02-02T17:07:24.337+0000] {override.py:1769} INFO - Created Permission View: can edit on DAG:example_trigger_controller_dag
[2024-02-02T17:07:24.344+0000] {logging_mixin.py:188} INFO - [2024-02-02T17:07:24.343+0000] {override.py:1769} INFO - Created Permission View: can read on DAG:example_trigger_controller_dag
[2024-02-02T17:07:24.345+0000] {logging_mixin.py:188} INFO - [2024-02-02T17:07:24.345+0000] {dag.py:3036} INFO - Sync 1 DAGs
[2024-02-02T17:07:24.352+0000] {logging_mixin.py:188} INFO - [2024-02-02T17:07:24.352+0000] {dag.py:3058} INFO - Creating ORM DAG for example_trigger_controller_dag
[2024-02-02T17:07:24.361+0000] {logging_mixin.py:188} INFO - [2024-02-02T17:07:24.361+0000] {dag.py:3823} INFO - Setting next_dagrun for example_trigger_controller_dag to 2021-01-01 00:00:00+00:00, run_after=2021-01-01 00:00:00+00:00
[2024-02-02T17:07:24.374+0000] {processor.py:183} INFO - Processing /home/airflow/.local/lib/python3.8/site-packages/airflow/example_dags/example_trigger_controller_dag.py took 0.127 seconds
[2024-02-02T17:07:54.434+0000] {processor.py:161} INFO - Started process (PID=112) to work on /home/airflow/.local/lib/python3.8/site-packages/airflow/example_dags/example_trigger_controller_dag.py
[2024-02-02T17:07:54.437+0000] {processor.py:830} INFO - Processing file /home/airflow/.local/lib/python3.8/site-packages/airflow/example_dags/example_trigger_controller_dag.py for tasks to queue
[2024-02-02T17:07:54.440+0000] {logging_mixin.py:188} INFO - [2024-02-02T17:07:54.440+0000] {dagbag.py:538} INFO - Filling up the DagBag from /home/airflow/.local/lib/python3.8/site-packages/airflow/example_dags/example_trigger_controller_dag.py
[2024-02-02T17:07:54.445+0000] {processor.py:840} INFO - DAG(s) 'example_trigger_controller_dag' retrieved from /home/airflow/.local/lib/python3.8/site-packages/airflow/example_dags/example_trigger_controller_dag.py
[2024-02-02T17:07:54.466+0000] {logging_mixin.py:188} INFO - [2024-02-02T17:07:54.466+0000] {dag.py:3036} INFO - Sync 1 DAGs
[2024-02-02T17:07:54.488+0000] {logging_mixin.py:188} INFO - [2024-02-02T17:07:54.488+0000] {dag.py:3823} INFO - Setting next_dagrun for example_trigger_controller_dag to 2021-01-01 00:00:00+00:00, run_after=2021-01-01 00:00:00+00:00
[2024-02-02T17:07:54.515+0000] {processor.py:183} INFO - Processing /home/airflow/.local/lib/python3.8/site-packages/airflow/example_dags/example_trigger_controller_dag.py took 0.084 seconds
[2024-02-02T17:08:25.157+0000] {processor.py:161} INFO - Started process (PID=167) to work on /home/airflow/.local/lib/python3.8/site-packages/airflow/example_dags/example_trigger_controller_dag.py
[2024-02-02T17:08:25.159+0000] {processor.py:830} INFO - Processing file /home/airflow/.local/lib/python3.8/site-packages/airflow/example_dags/example_trigger_controller_dag.py for tasks to queue
[2024-02-02T17:08:25.163+0000] {logging_mixin.py:188} INFO - [2024-02-02T17:08:25.162+0000] {dagbag.py:538} INFO - Filling up the DagBag from /home/airflow/.local/lib/python3.8/site-packages/airflow/example_dags/example_trigger_controller_dag.py
[2024-02-02T17:08:25.169+0000] {processor.py:840} INFO - DAG(s) 'example_trigger_controller_dag' retrieved from /home/airflow/.local/lib/python3.8/site-packages/airflow/example_dags/example_trigger_controller_dag.py
[2024-02-02T17:08:25.186+0000] {logging_mixin.py:188} INFO - [2024-02-02T17:08:25.186+0000] {dag.py:3036} INFO - Sync 1 DAGs
[2024-02-02T17:08:25.203+0000] {logging_mixin.py:188} INFO - [2024-02-02T17:08:25.203+0000] {dag.py:3823} INFO - Setting next_dagrun for example_trigger_controller_dag to 2021-01-01 00:00:00+00:00, run_after=2021-01-01 00:00:00+00:00
[2024-02-02T17:08:25.224+0000] {processor.py:183} INFO - Processing /home/airflow/.local/lib/python3.8/site-packages/airflow/example_dags/example_trigger_controller_dag.py took 0.069 seconds
