[2024-02-02T17:07:23.681+0000] {processor.py:161} INFO - Started process (PID=51) to work on /home/airflow/.local/lib/python3.8/site-packages/airflow/example_dags/example_bash_operator.py
[2024-02-02T17:07:23.683+0000] {processor.py:830} INFO - Processing file /home/airflow/.local/lib/python3.8/site-packages/airflow/example_dags/example_bash_operator.py for tasks to queue
[2024-02-02T17:07:23.686+0000] {logging_mixin.py:188} INFO - [2024-02-02T17:07:23.686+0000] {dagbag.py:538} INFO - Filling up the DagBag from /home/airflow/.local/lib/python3.8/site-packages/airflow/example_dags/example_bash_operator.py
[2024-02-02T17:07:23.699+0000] {processor.py:840} INFO - DAG(s) 'example_bash_operator' retrieved from /home/airflow/.local/lib/python3.8/site-packages/airflow/example_dags/example_bash_operator.py
[2024-02-02T17:07:23.796+0000] {logging_mixin.py:188} INFO - [2024-02-02T17:07:23.795+0000] {override.py:1769} INFO - Created Permission View: can delete on DAG:example_bash_operator
[2024-02-02T17:07:23.806+0000] {logging_mixin.py:188} INFO - [2024-02-02T17:07:23.805+0000] {override.py:1769} INFO - Created Permission View: can edit on DAG:example_bash_operator
[2024-02-02T17:07:23.812+0000] {logging_mixin.py:188} INFO - [2024-02-02T17:07:23.811+0000] {override.py:1769} INFO - Created Permission View: can read on DAG:example_bash_operator
[2024-02-02T17:07:23.813+0000] {logging_mixin.py:188} INFO - [2024-02-02T17:07:23.813+0000] {dag.py:3036} INFO - Sync 1 DAGs
[2024-02-02T17:07:23.828+0000] {logging_mixin.py:188} INFO - [2024-02-02T17:07:23.828+0000] {dag.py:3058} INFO - Creating ORM DAG for example_bash_operator
[2024-02-02T17:07:23.841+0000] {logging_mixin.py:188} INFO - [2024-02-02T17:07:23.841+0000] {dag.py:3823} INFO - Setting next_dagrun for example_bash_operator to 2024-02-01 00:00:00+00:00, run_after=2024-02-02 00:00:00+00:00
[2024-02-02T17:07:23.875+0000] {processor.py:183} INFO - Processing /home/airflow/.local/lib/python3.8/site-packages/airflow/example_dags/example_bash_operator.py took 0.196 seconds
[2024-02-02T17:07:54.181+0000] {processor.py:161} INFO - Started process (PID=107) to work on /home/airflow/.local/lib/python3.8/site-packages/airflow/example_dags/example_bash_operator.py
[2024-02-02T17:07:54.184+0000] {processor.py:830} INFO - Processing file /home/airflow/.local/lib/python3.8/site-packages/airflow/example_dags/example_bash_operator.py for tasks to queue
[2024-02-02T17:07:54.186+0000] {logging_mixin.py:188} INFO - [2024-02-02T17:07:54.186+0000] {dagbag.py:538} INFO - Filling up the DagBag from /home/airflow/.local/lib/python3.8/site-packages/airflow/example_dags/example_bash_operator.py
[2024-02-02T17:07:54.194+0000] {processor.py:840} INFO - DAG(s) 'example_bash_operator' retrieved from /home/airflow/.local/lib/python3.8/site-packages/airflow/example_dags/example_bash_operator.py
[2024-02-02T17:07:54.213+0000] {logging_mixin.py:188} INFO - [2024-02-02T17:07:54.213+0000] {dag.py:3036} INFO - Sync 1 DAGs
[2024-02-02T17:07:54.227+0000] {logging_mixin.py:188} INFO - [2024-02-02T17:07:54.227+0000] {dag.py:3823} INFO - Setting next_dagrun for example_bash_operator to 2024-02-01 00:00:00+00:00, run_after=2024-02-02 00:00:00+00:00
[2024-02-02T17:07:54.246+0000] {processor.py:183} INFO - Processing /home/airflow/.local/lib/python3.8/site-packages/airflow/example_dags/example_bash_operator.py took 0.067 seconds
[2024-02-02T17:08:24.949+0000] {processor.py:161} INFO - Started process (PID=162) to work on /home/airflow/.local/lib/python3.8/site-packages/airflow/example_dags/example_bash_operator.py
[2024-02-02T17:08:24.951+0000] {processor.py:830} INFO - Processing file /home/airflow/.local/lib/python3.8/site-packages/airflow/example_dags/example_bash_operator.py for tasks to queue
[2024-02-02T17:08:24.953+0000] {logging_mixin.py:188} INFO - [2024-02-02T17:08:24.952+0000] {dagbag.py:538} INFO - Filling up the DagBag from /home/airflow/.local/lib/python3.8/site-packages/airflow/example_dags/example_bash_operator.py
[2024-02-02T17:08:24.960+0000] {processor.py:840} INFO - DAG(s) 'example_bash_operator' retrieved from /home/airflow/.local/lib/python3.8/site-packages/airflow/example_dags/example_bash_operator.py
[2024-02-02T17:08:24.982+0000] {logging_mixin.py:188} INFO - [2024-02-02T17:08:24.981+0000] {dag.py:3036} INFO - Sync 1 DAGs
[2024-02-02T17:08:24.998+0000] {logging_mixin.py:188} INFO - [2024-02-02T17:08:24.998+0000] {dag.py:3823} INFO - Setting next_dagrun for example_bash_operator to 2024-02-01 00:00:00+00:00, run_after=2024-02-02 00:00:00+00:00
[2024-02-02T17:08:25.012+0000] {processor.py:183} INFO - Processing /home/airflow/.local/lib/python3.8/site-packages/airflow/example_dags/example_bash_operator.py took 0.065 seconds
