[2024-02-02T17:07:25.985+0000] {processor.py:161} INFO - Started process (PID=72) to work on /home/airflow/.local/lib/python3.8/site-packages/airflow/example_dags/example_kubernetes_executor.py
[2024-02-02T17:07:25.988+0000] {processor.py:830} INFO - Processing file /home/airflow/.local/lib/python3.8/site-packages/airflow/example_dags/example_kubernetes_executor.py for tasks to queue
[2024-02-02T17:07:25.991+0000] {logging_mixin.py:188} INFO - [2024-02-02T17:07:25.991+0000] {dagbag.py:538} INFO - Filling up the DagBag from /home/airflow/.local/lib/python3.8/site-packages/airflow/example_dags/example_kubernetes_executor.py
[2024-02-02T17:07:26.006+0000] {processor.py:840} INFO - DAG(s) 'example_kubernetes_executor' retrieved from /home/airflow/.local/lib/python3.8/site-packages/airflow/example_dags/example_kubernetes_executor.py
[2024-02-02T17:07:26.142+0000] {logging_mixin.py:188} INFO - [2024-02-02T17:07:26.141+0000] {override.py:1769} INFO - Created Permission View: can delete on DAG:example_kubernetes_executor
[2024-02-02T17:07:26.152+0000] {logging_mixin.py:188} INFO - [2024-02-02T17:07:26.151+0000] {override.py:1769} INFO - Created Permission View: can edit on DAG:example_kubernetes_executor
[2024-02-02T17:07:26.161+0000] {logging_mixin.py:188} INFO - [2024-02-02T17:07:26.161+0000] {override.py:1769} INFO - Created Permission View: can read on DAG:example_kubernetes_executor
[2024-02-02T17:07:26.163+0000] {logging_mixin.py:188} INFO - [2024-02-02T17:07:26.163+0000] {dag.py:3036} INFO - Sync 1 DAGs
[2024-02-02T17:07:26.172+0000] {logging_mixin.py:188} INFO - [2024-02-02T17:07:26.172+0000] {dag.py:3058} INFO - Creating ORM DAG for example_kubernetes_executor
[2024-02-02T17:07:26.174+0000] {logging_mixin.py:188} INFO - [2024-02-02T17:07:26.174+0000] {dag.py:3823} INFO - Setting next_dagrun for example_kubernetes_executor to None, run_after=None
[2024-02-02T17:07:26.190+0000] {processor.py:183} INFO - Processing /home/airflow/.local/lib/python3.8/site-packages/airflow/example_dags/example_kubernetes_executor.py took 0.208 seconds
[2024-02-02T17:07:56.329+0000] {processor.py:161} INFO - Started process (PID=128) to work on /home/airflow/.local/lib/python3.8/site-packages/airflow/example_dags/example_kubernetes_executor.py
[2024-02-02T17:07:56.331+0000] {processor.py:830} INFO - Processing file /home/airflow/.local/lib/python3.8/site-packages/airflow/example_dags/example_kubernetes_executor.py for tasks to queue
[2024-02-02T17:07:56.334+0000] {logging_mixin.py:188} INFO - [2024-02-02T17:07:56.334+0000] {dagbag.py:538} INFO - Filling up the DagBag from /home/airflow/.local/lib/python3.8/site-packages/airflow/example_dags/example_kubernetes_executor.py
[2024-02-02T17:07:56.344+0000] {processor.py:840} INFO - DAG(s) 'example_kubernetes_executor' retrieved from /home/airflow/.local/lib/python3.8/site-packages/airflow/example_dags/example_kubernetes_executor.py
[2024-02-02T17:07:56.370+0000] {logging_mixin.py:188} INFO - [2024-02-02T17:07:56.370+0000] {dag.py:3036} INFO - Sync 1 DAGs
[2024-02-02T17:07:56.379+0000] {logging_mixin.py:188} INFO - [2024-02-02T17:07:56.379+0000] {dag.py:3823} INFO - Setting next_dagrun for example_kubernetes_executor to None, run_after=None
[2024-02-02T17:07:56.396+0000] {processor.py:183} INFO - Processing /home/airflow/.local/lib/python3.8/site-packages/airflow/example_dags/example_kubernetes_executor.py took 0.069 seconds
[2024-02-02T17:08:27.319+0000] {processor.py:161} INFO - Started process (PID=183) to work on /home/airflow/.local/lib/python3.8/site-packages/airflow/example_dags/example_kubernetes_executor.py
[2024-02-02T17:08:27.322+0000] {processor.py:830} INFO - Processing file /home/airflow/.local/lib/python3.8/site-packages/airflow/example_dags/example_kubernetes_executor.py for tasks to queue
[2024-02-02T17:08:27.327+0000] {logging_mixin.py:188} INFO - [2024-02-02T17:08:27.326+0000] {dagbag.py:538} INFO - Filling up the DagBag from /home/airflow/.local/lib/python3.8/site-packages/airflow/example_dags/example_kubernetes_executor.py
[2024-02-02T17:08:27.345+0000] {processor.py:840} INFO - DAG(s) 'example_kubernetes_executor' retrieved from /home/airflow/.local/lib/python3.8/site-packages/airflow/example_dags/example_kubernetes_executor.py
[2024-02-02T17:08:27.377+0000] {logging_mixin.py:188} INFO - [2024-02-02T17:08:27.377+0000] {dag.py:3036} INFO - Sync 1 DAGs
[2024-02-02T17:08:27.388+0000] {logging_mixin.py:188} INFO - [2024-02-02T17:08:27.387+0000] {dag.py:3823} INFO - Setting next_dagrun for example_kubernetes_executor to None, run_after=None
[2024-02-02T17:08:27.401+0000] {processor.py:183} INFO - Processing /home/airflow/.local/lib/python3.8/site-packages/airflow/example_dags/example_kubernetes_executor.py took 0.085 seconds
