[2024-02-02T17:07:23.508+0000] {processor.py:161} INFO - Started process (PID=50) to work on /home/airflow/.local/lib/python3.8/site-packages/airflow/example_dags/example_branch_python_dop_operator_3.py
[2024-02-02T17:07:23.511+0000] {processor.py:830} INFO - Processing file /home/airflow/.local/lib/python3.8/site-packages/airflow/example_dags/example_branch_python_dop_operator_3.py for tasks to queue
[2024-02-02T17:07:23.513+0000] {logging_mixin.py:188} INFO - [2024-02-02T17:07:23.513+0000] {dagbag.py:538} INFO - Filling up the DagBag from /home/airflow/.local/lib/python3.8/site-packages/airflow/example_dags/example_branch_python_dop_operator_3.py
[2024-02-02T17:07:23.522+0000] {processor.py:840} INFO - DAG(s) 'example_branch_dop_operator_v3' retrieved from /home/airflow/.local/lib/python3.8/site-packages/airflow/example_dags/example_branch_python_dop_operator_3.py
[2024-02-02T17:07:23.589+0000] {logging_mixin.py:188} INFO - [2024-02-02T17:07:23.588+0000] {override.py:1769} INFO - Created Permission View: can delete on DAG:example_branch_dop_operator_v3
[2024-02-02T17:07:23.598+0000] {logging_mixin.py:188} INFO - [2024-02-02T17:07:23.598+0000] {override.py:1769} INFO - Created Permission View: can edit on DAG:example_branch_dop_operator_v3
[2024-02-02T17:07:23.604+0000] {logging_mixin.py:188} INFO - [2024-02-02T17:07:23.603+0000] {override.py:1769} INFO - Created Permission View: can read on DAG:example_branch_dop_operator_v3
[2024-02-02T17:07:23.606+0000] {logging_mixin.py:188} INFO - [2024-02-02T17:07:23.605+0000] {dag.py:3036} INFO - Sync 1 DAGs
[2024-02-02T17:07:23.613+0000] {logging_mixin.py:188} INFO - [2024-02-02T17:07:23.613+0000] {dag.py:3058} INFO - Creating ORM DAG for example_branch_dop_operator_v3
[2024-02-02T17:07:23.623+0000] {logging_mixin.py:188} INFO - [2024-02-02T17:07:23.623+0000] {dag.py:3823} INFO - Setting next_dagrun for example_branch_dop_operator_v3 to 2024-02-02 17:06:00+00:00, run_after=2024-02-02 17:07:00+00:00
[2024-02-02T17:07:23.641+0000] {processor.py:183} INFO - Processing /home/airflow/.local/lib/python3.8/site-packages/airflow/example_dags/example_branch_python_dop_operator_3.py took 0.135 seconds
[2024-02-02T17:07:54.160+0000] {processor.py:161} INFO - Started process (PID=106) to work on /home/airflow/.local/lib/python3.8/site-packages/airflow/example_dags/example_branch_python_dop_operator_3.py
[2024-02-02T17:07:54.162+0000] {processor.py:830} INFO - Processing file /home/airflow/.local/lib/python3.8/site-packages/airflow/example_dags/example_branch_python_dop_operator_3.py for tasks to queue
[2024-02-02T17:07:54.165+0000] {logging_mixin.py:188} INFO - [2024-02-02T17:07:54.165+0000] {dagbag.py:538} INFO - Filling up the DagBag from /home/airflow/.local/lib/python3.8/site-packages/airflow/example_dags/example_branch_python_dop_operator_3.py
[2024-02-02T17:07:54.172+0000] {processor.py:840} INFO - DAG(s) 'example_branch_dop_operator_v3' retrieved from /home/airflow/.local/lib/python3.8/site-packages/airflow/example_dags/example_branch_python_dop_operator_3.py
[2024-02-02T17:07:54.190+0000] {logging_mixin.py:188} INFO - [2024-02-02T17:07:54.190+0000] {dag.py:3036} INFO - Sync 1 DAGs
[2024-02-02T17:07:54.207+0000] {logging_mixin.py:188} INFO - [2024-02-02T17:07:54.207+0000] {dag.py:3823} INFO - Setting next_dagrun for example_branch_dop_operator_v3 to 2024-02-02 17:06:00+00:00, run_after=2024-02-02 17:07:00+00:00
[2024-02-02T17:07:54.220+0000] {processor.py:183} INFO - Processing /home/airflow/.local/lib/python3.8/site-packages/airflow/example_dags/example_branch_python_dop_operator_3.py took 0.062 seconds
[2024-02-02T17:08:24.916+0000] {processor.py:161} INFO - Started process (PID=161) to work on /home/airflow/.local/lib/python3.8/site-packages/airflow/example_dags/example_branch_python_dop_operator_3.py
[2024-02-02T17:08:24.918+0000] {processor.py:830} INFO - Processing file /home/airflow/.local/lib/python3.8/site-packages/airflow/example_dags/example_branch_python_dop_operator_3.py for tasks to queue
[2024-02-02T17:08:24.920+0000] {logging_mixin.py:188} INFO - [2024-02-02T17:08:24.920+0000] {dagbag.py:538} INFO - Filling up the DagBag from /home/airflow/.local/lib/python3.8/site-packages/airflow/example_dags/example_branch_python_dop_operator_3.py
[2024-02-02T17:08:24.927+0000] {processor.py:840} INFO - DAG(s) 'example_branch_dop_operator_v3' retrieved from /home/airflow/.local/lib/python3.8/site-packages/airflow/example_dags/example_branch_python_dop_operator_3.py
[2024-02-02T17:08:24.941+0000] {logging_mixin.py:188} INFO - [2024-02-02T17:08:24.941+0000] {dag.py:3036} INFO - Sync 1 DAGs
[2024-02-02T17:08:24.958+0000] {logging_mixin.py:188} INFO - [2024-02-02T17:08:24.958+0000] {dag.py:3823} INFO - Setting next_dagrun for example_branch_dop_operator_v3 to 2024-02-02 17:07:00+00:00, run_after=2024-02-02 17:08:00+00:00
[2024-02-02T17:08:24.972+0000] {processor.py:183} INFO - Processing /home/airflow/.local/lib/python3.8/site-packages/airflow/example_dags/example_branch_python_dop_operator_3.py took 0.058 seconds
