[2024-02-02T17:07:21.802+0000] {processor.py:161} INFO - Started process (PID=40) to work on /home/airflow/.local/lib/python3.8/site-packages/airflow/example_dags/example_sensors.py
[2024-02-02T17:07:21.805+0000] {processor.py:830} INFO - Processing file /home/airflow/.local/lib/python3.8/site-packages/airflow/example_dags/example_sensors.py for tasks to queue
[2024-02-02T17:07:21.809+0000] {logging_mixin.py:188} INFO - [2024-02-02T17:07:21.808+0000] {dagbag.py:538} INFO - Filling up the DagBag from /home/airflow/.local/lib/python3.8/site-packages/airflow/example_dags/example_sensors.py
[2024-02-02T17:07:21.834+0000] {processor.py:840} INFO - DAG(s) 'example_sensors' retrieved from /home/airflow/.local/lib/python3.8/site-packages/airflow/example_dags/example_sensors.py
[2024-02-02T17:07:22.002+0000] {logging_mixin.py:188} INFO - [2024-02-02T17:07:22.001+0000] {override.py:1769} INFO - Created Permission View: can delete on DAG:example_sensors
[2024-02-02T17:07:22.023+0000] {logging_mixin.py:188} INFO - [2024-02-02T17:07:22.022+0000] {override.py:1769} INFO - Created Permission View: can edit on DAG:example_sensors
[2024-02-02T17:07:22.038+0000] {logging_mixin.py:188} INFO - [2024-02-02T17:07:22.037+0000] {override.py:1769} INFO - Created Permission View: can read on DAG:example_sensors
[2024-02-02T17:07:22.040+0000] {logging_mixin.py:188} INFO - [2024-02-02T17:07:22.039+0000] {dag.py:3036} INFO - Sync 1 DAGs
[2024-02-02T17:07:22.051+0000] {logging_mixin.py:188} INFO - [2024-02-02T17:07:22.050+0000] {dag.py:3058} INFO - Creating ORM DAG for example_sensors
[2024-02-02T17:07:22.053+0000] {logging_mixin.py:188} INFO - [2024-02-02T17:07:22.052+0000] {dag.py:3823} INFO - Setting next_dagrun for example_sensors to None, run_after=None
[2024-02-02T17:07:22.071+0000] {processor.py:183} INFO - Processing /home/airflow/.local/lib/python3.8/site-packages/airflow/example_dags/example_sensors.py took 0.275 seconds
[2024-02-02T17:07:52.549+0000] {processor.py:161} INFO - Started process (PID=96) to work on /home/airflow/.local/lib/python3.8/site-packages/airflow/example_dags/example_sensors.py
[2024-02-02T17:07:52.552+0000] {processor.py:830} INFO - Processing file /home/airflow/.local/lib/python3.8/site-packages/airflow/example_dags/example_sensors.py for tasks to queue
[2024-02-02T17:07:52.555+0000] {logging_mixin.py:188} INFO - [2024-02-02T17:07:52.555+0000] {dagbag.py:538} INFO - Filling up the DagBag from /home/airflow/.local/lib/python3.8/site-packages/airflow/example_dags/example_sensors.py
[2024-02-02T17:07:52.565+0000] {processor.py:840} INFO - DAG(s) 'example_sensors' retrieved from /home/airflow/.local/lib/python3.8/site-packages/airflow/example_dags/example_sensors.py
[2024-02-02T17:07:52.590+0000] {logging_mixin.py:188} INFO - [2024-02-02T17:07:52.590+0000] {dag.py:3036} INFO - Sync 1 DAGs
[2024-02-02T17:07:52.602+0000] {logging_mixin.py:188} INFO - [2024-02-02T17:07:52.601+0000] {dag.py:3823} INFO - Setting next_dagrun for example_sensors to None, run_after=None
[2024-02-02T17:07:52.616+0000] {processor.py:183} INFO - Processing /home/airflow/.local/lib/python3.8/site-packages/airflow/example_dags/example_sensors.py took 0.071 seconds
[2024-02-02T17:08:23.449+0000] {processor.py:161} INFO - Started process (PID=151) to work on /home/airflow/.local/lib/python3.8/site-packages/airflow/example_dags/example_sensors.py
[2024-02-02T17:08:23.451+0000] {processor.py:830} INFO - Processing file /home/airflow/.local/lib/python3.8/site-packages/airflow/example_dags/example_sensors.py for tasks to queue
[2024-02-02T17:08:23.454+0000] {logging_mixin.py:188} INFO - [2024-02-02T17:08:23.454+0000] {dagbag.py:538} INFO - Filling up the DagBag from /home/airflow/.local/lib/python3.8/site-packages/airflow/example_dags/example_sensors.py
[2024-02-02T17:08:23.460+0000] {processor.py:840} INFO - DAG(s) 'example_sensors' retrieved from /home/airflow/.local/lib/python3.8/site-packages/airflow/example_dags/example_sensors.py
[2024-02-02T17:08:23.478+0000] {logging_mixin.py:188} INFO - [2024-02-02T17:08:23.477+0000] {dag.py:3036} INFO - Sync 1 DAGs
[2024-02-02T17:08:23.487+0000] {logging_mixin.py:188} INFO - [2024-02-02T17:08:23.487+0000] {dag.py:3823} INFO - Setting next_dagrun for example_sensors to None, run_after=None
[2024-02-02T17:08:23.500+0000] {processor.py:183} INFO - Processing /home/airflow/.local/lib/python3.8/site-packages/airflow/example_dags/example_sensors.py took 0.053 seconds
