[2024-02-02T17:07:21.038+0000] {processor.py:161} INFO - Started process (PID=36) to work on /home/airflow/.local/lib/python3.8/site-packages/airflow/example_dags/example_python_operator.py
[2024-02-02T17:07:21.041+0000] {processor.py:830} INFO - Processing file /home/airflow/.local/lib/python3.8/site-packages/airflow/example_dags/example_python_operator.py for tasks to queue
[2024-02-02T17:07:21.044+0000] {logging_mixin.py:188} INFO - [2024-02-02T17:07:21.043+0000] {dagbag.py:538} INFO - Filling up the DagBag from /home/airflow/.local/lib/python3.8/site-packages/airflow/example_dags/example_python_operator.py
[2024-02-02T17:07:21.071+0000] {processor.py:840} INFO - DAG(s) 'example_python_operator' retrieved from /home/airflow/.local/lib/python3.8/site-packages/airflow/example_dags/example_python_operator.py
[2024-02-02T17:07:21.209+0000] {logging_mixin.py:188} INFO - [2024-02-02T17:07:21.209+0000] {override.py:1769} INFO - Created Permission View: can delete on DAG:example_python_operator
[2024-02-02T17:07:21.221+0000] {logging_mixin.py:188} INFO - [2024-02-02T17:07:21.221+0000] {override.py:1769} INFO - Created Permission View: can edit on DAG:example_python_operator
[2024-02-02T17:07:21.230+0000] {logging_mixin.py:188} INFO - [2024-02-02T17:07:21.229+0000] {override.py:1769} INFO - Created Permission View: can read on DAG:example_python_operator
[2024-02-02T17:07:21.235+0000] {logging_mixin.py:188} INFO - [2024-02-02T17:07:21.235+0000] {dag.py:3036} INFO - Sync 1 DAGs
[2024-02-02T17:07:21.255+0000] {logging_mixin.py:188} INFO - [2024-02-02T17:07:21.255+0000] {dag.py:3058} INFO - Creating ORM DAG for example_python_operator
[2024-02-02T17:07:21.262+0000] {logging_mixin.py:188} INFO - [2024-02-02T17:07:21.259+0000] {dag.py:3823} INFO - Setting next_dagrun for example_python_operator to None, run_after=None
[2024-02-02T17:07:21.295+0000] {processor.py:183} INFO - Processing /home/airflow/.local/lib/python3.8/site-packages/airflow/example_dags/example_python_operator.py took 0.261 seconds
[2024-02-02T17:07:51.345+0000] {processor.py:161} INFO - Started process (PID=92) to work on /home/airflow/.local/lib/python3.8/site-packages/airflow/example_dags/example_python_operator.py
[2024-02-02T17:07:51.348+0000] {processor.py:830} INFO - Processing file /home/airflow/.local/lib/python3.8/site-packages/airflow/example_dags/example_python_operator.py for tasks to queue
[2024-02-02T17:07:51.350+0000] {logging_mixin.py:188} INFO - [2024-02-02T17:07:51.350+0000] {dagbag.py:538} INFO - Filling up the DagBag from /home/airflow/.local/lib/python3.8/site-packages/airflow/example_dags/example_python_operator.py
[2024-02-02T17:07:51.359+0000] {processor.py:840} INFO - DAG(s) 'example_python_operator' retrieved from /home/airflow/.local/lib/python3.8/site-packages/airflow/example_dags/example_python_operator.py
[2024-02-02T17:07:51.374+0000] {logging_mixin.py:188} INFO - [2024-02-02T17:07:51.374+0000] {dag.py:3036} INFO - Sync 1 DAGs
[2024-02-02T17:07:51.382+0000] {logging_mixin.py:188} INFO - [2024-02-02T17:07:51.382+0000] {dag.py:3823} INFO - Setting next_dagrun for example_python_operator to None, run_after=None
[2024-02-02T17:07:51.392+0000] {processor.py:183} INFO - Processing /home/airflow/.local/lib/python3.8/site-packages/airflow/example_dags/example_python_operator.py took 0.049 seconds
[2024-02-02T17:08:22.222+0000] {processor.py:161} INFO - Started process (PID=147) to work on /home/airflow/.local/lib/python3.8/site-packages/airflow/example_dags/example_python_operator.py
[2024-02-02T17:08:22.225+0000] {processor.py:830} INFO - Processing file /home/airflow/.local/lib/python3.8/site-packages/airflow/example_dags/example_python_operator.py for tasks to queue
[2024-02-02T17:08:22.228+0000] {logging_mixin.py:188} INFO - [2024-02-02T17:08:22.228+0000] {dagbag.py:538} INFO - Filling up the DagBag from /home/airflow/.local/lib/python3.8/site-packages/airflow/example_dags/example_python_operator.py
[2024-02-02T17:08:22.241+0000] {processor.py:840} INFO - DAG(s) 'example_python_operator' retrieved from /home/airflow/.local/lib/python3.8/site-packages/airflow/example_dags/example_python_operator.py
[2024-02-02T17:08:22.265+0000] {logging_mixin.py:188} INFO - [2024-02-02T17:08:22.265+0000] {dag.py:3036} INFO - Sync 1 DAGs
[2024-02-02T17:08:22.275+0000] {logging_mixin.py:188} INFO - [2024-02-02T17:08:22.275+0000] {dag.py:3823} INFO - Setting next_dagrun for example_python_operator to None, run_after=None
[2024-02-02T17:08:22.286+0000] {processor.py:183} INFO - Processing /home/airflow/.local/lib/python3.8/site-packages/airflow/example_dags/example_python_operator.py took 0.069 seconds
