[2024-02-02T17:07:21.721+0000] {processor.py:161} INFO - Started process (PID=39) to work on /home/airflow/.local/lib/python3.8/site-packages/airflow/example_dags/example_time_delta_sensor_async.py
[2024-02-02T17:07:21.724+0000] {processor.py:830} INFO - Processing file /home/airflow/.local/lib/python3.8/site-packages/airflow/example_dags/example_time_delta_sensor_async.py for tasks to queue
[2024-02-02T17:07:21.735+0000] {logging_mixin.py:188} INFO - [2024-02-02T17:07:21.735+0000] {dagbag.py:538} INFO - Filling up the DagBag from /home/airflow/.local/lib/python3.8/site-packages/airflow/example_dags/example_time_delta_sensor_async.py
[2024-02-02T17:07:21.786+0000] {processor.py:840} INFO - DAG(s) 'example_time_delta_sensor_async' retrieved from /home/airflow/.local/lib/python3.8/site-packages/airflow/example_dags/example_time_delta_sensor_async.py
[2024-02-02T17:07:21.950+0000] {logging_mixin.py:188} INFO - [2024-02-02T17:07:21.950+0000] {override.py:1769} INFO - Created Permission View: can delete on DAG:example_time_delta_sensor_async
[2024-02-02T17:07:21.959+0000] {logging_mixin.py:188} INFO - [2024-02-02T17:07:21.959+0000] {override.py:1769} INFO - Created Permission View: can edit on DAG:example_time_delta_sensor_async
[2024-02-02T17:07:21.966+0000] {logging_mixin.py:188} INFO - [2024-02-02T17:07:21.965+0000] {override.py:1769} INFO - Created Permission View: can read on DAG:example_time_delta_sensor_async
[2024-02-02T17:07:21.977+0000] {logging_mixin.py:188} INFO - [2024-02-02T17:07:21.977+0000] {dag.py:3036} INFO - Sync 1 DAGs
[2024-02-02T17:07:21.995+0000] {logging_mixin.py:188} INFO - [2024-02-02T17:07:21.994+0000] {dag.py:3058} INFO - Creating ORM DAG for example_time_delta_sensor_async
[2024-02-02T17:07:21.999+0000] {logging_mixin.py:188} INFO - [2024-02-02T17:07:21.999+0000] {dag.py:3823} INFO - Setting next_dagrun for example_time_delta_sensor_async to None, run_after=None
[2024-02-02T17:07:22.032+0000] {processor.py:183} INFO - Processing /home/airflow/.local/lib/python3.8/site-packages/airflow/example_dags/example_time_delta_sensor_async.py took 0.314 seconds
[2024-02-02T17:07:52.494+0000] {processor.py:161} INFO - Started process (PID=95) to work on /home/airflow/.local/lib/python3.8/site-packages/airflow/example_dags/example_time_delta_sensor_async.py
[2024-02-02T17:07:52.497+0000] {processor.py:830} INFO - Processing file /home/airflow/.local/lib/python3.8/site-packages/airflow/example_dags/example_time_delta_sensor_async.py for tasks to queue
[2024-02-02T17:07:52.500+0000] {logging_mixin.py:188} INFO - [2024-02-02T17:07:52.500+0000] {dagbag.py:538} INFO - Filling up the DagBag from /home/airflow/.local/lib/python3.8/site-packages/airflow/example_dags/example_time_delta_sensor_async.py
[2024-02-02T17:07:52.507+0000] {processor.py:840} INFO - DAG(s) 'example_time_delta_sensor_async' retrieved from /home/airflow/.local/lib/python3.8/site-packages/airflow/example_dags/example_time_delta_sensor_async.py
[2024-02-02T17:07:52.533+0000] {logging_mixin.py:188} INFO - [2024-02-02T17:07:52.533+0000] {dag.py:3036} INFO - Sync 1 DAGs
[2024-02-02T17:07:52.548+0000] {logging_mixin.py:188} INFO - [2024-02-02T17:07:52.548+0000] {dag.py:3823} INFO - Setting next_dagrun for example_time_delta_sensor_async to None, run_after=None
[2024-02-02T17:07:52.565+0000] {processor.py:183} INFO - Processing /home/airflow/.local/lib/python3.8/site-packages/airflow/example_dags/example_time_delta_sensor_async.py took 0.076 seconds
[2024-02-02T17:08:23.410+0000] {processor.py:161} INFO - Started process (PID=150) to work on /home/airflow/.local/lib/python3.8/site-packages/airflow/example_dags/example_time_delta_sensor_async.py
[2024-02-02T17:08:23.412+0000] {processor.py:830} INFO - Processing file /home/airflow/.local/lib/python3.8/site-packages/airflow/example_dags/example_time_delta_sensor_async.py for tasks to queue
[2024-02-02T17:08:23.415+0000] {logging_mixin.py:188} INFO - [2024-02-02T17:08:23.415+0000] {dagbag.py:538} INFO - Filling up the DagBag from /home/airflow/.local/lib/python3.8/site-packages/airflow/example_dags/example_time_delta_sensor_async.py
[2024-02-02T17:08:23.420+0000] {processor.py:840} INFO - DAG(s) 'example_time_delta_sensor_async' retrieved from /home/airflow/.local/lib/python3.8/site-packages/airflow/example_dags/example_time_delta_sensor_async.py
[2024-02-02T17:08:23.436+0000] {logging_mixin.py:188} INFO - [2024-02-02T17:08:23.435+0000] {dag.py:3036} INFO - Sync 1 DAGs
[2024-02-02T17:08:23.446+0000] {logging_mixin.py:188} INFO - [2024-02-02T17:08:23.446+0000] {dag.py:3823} INFO - Setting next_dagrun for example_time_delta_sensor_async to None, run_after=None
[2024-02-02T17:08:23.459+0000] {processor.py:183} INFO - Processing /home/airflow/.local/lib/python3.8/site-packages/airflow/example_dags/example_time_delta_sensor_async.py took 0.051 seconds
