[2024-02-02T17:07:25.707+0000] {processor.py:161} INFO - Started process (PID=69) to work on /home/airflow/.local/lib/python3.8/site-packages/airflow/example_dags/example_task_group.py
[2024-02-02T17:07:25.711+0000] {processor.py:830} INFO - Processing file /home/airflow/.local/lib/python3.8/site-packages/airflow/example_dags/example_task_group.py for tasks to queue
[2024-02-02T17:07:25.715+0000] {logging_mixin.py:188} INFO - [2024-02-02T17:07:25.715+0000] {dagbag.py:538} INFO - Filling up the DagBag from /home/airflow/.local/lib/python3.8/site-packages/airflow/example_dags/example_task_group.py
[2024-02-02T17:07:25.725+0000] {processor.py:840} INFO - DAG(s) 'example_task_group' retrieved from /home/airflow/.local/lib/python3.8/site-packages/airflow/example_dags/example_task_group.py
[2024-02-02T17:07:25.831+0000] {logging_mixin.py:188} INFO - [2024-02-02T17:07:25.831+0000] {override.py:1769} INFO - Created Permission View: can delete on DAG:example_task_group
[2024-02-02T17:07:25.840+0000] {logging_mixin.py:188} INFO - [2024-02-02T17:07:25.840+0000] {override.py:1769} INFO - Created Permission View: can edit on DAG:example_task_group
[2024-02-02T17:07:25.852+0000] {logging_mixin.py:188} INFO - [2024-02-02T17:07:25.851+0000] {override.py:1769} INFO - Created Permission View: can read on DAG:example_task_group
[2024-02-02T17:07:25.855+0000] {logging_mixin.py:188} INFO - [2024-02-02T17:07:25.855+0000] {dag.py:3036} INFO - Sync 1 DAGs
[2024-02-02T17:07:25.868+0000] {logging_mixin.py:188} INFO - [2024-02-02T17:07:25.868+0000] {dag.py:3058} INFO - Creating ORM DAG for example_task_group
[2024-02-02T17:07:25.876+0000] {logging_mixin.py:188} INFO - [2024-02-02T17:07:25.876+0000] {dag.py:3823} INFO - Setting next_dagrun for example_task_group to 2024-02-01 00:00:00+00:00, run_after=2024-02-02 00:00:00+00:00
[2024-02-02T17:07:25.896+0000] {processor.py:183} INFO - Processing /home/airflow/.local/lib/python3.8/site-packages/airflow/example_dags/example_task_group.py took 0.191 seconds
[2024-02-02T17:07:56.224+0000] {processor.py:161} INFO - Started process (PID=125) to work on /home/airflow/.local/lib/python3.8/site-packages/airflow/example_dags/example_task_group.py
[2024-02-02T17:07:56.226+0000] {processor.py:830} INFO - Processing file /home/airflow/.local/lib/python3.8/site-packages/airflow/example_dags/example_task_group.py for tasks to queue
[2024-02-02T17:07:56.229+0000] {logging_mixin.py:188} INFO - [2024-02-02T17:07:56.228+0000] {dagbag.py:538} INFO - Filling up the DagBag from /home/airflow/.local/lib/python3.8/site-packages/airflow/example_dags/example_task_group.py
[2024-02-02T17:07:56.235+0000] {processor.py:840} INFO - DAG(s) 'example_task_group' retrieved from /home/airflow/.local/lib/python3.8/site-packages/airflow/example_dags/example_task_group.py
[2024-02-02T17:07:56.256+0000] {logging_mixin.py:188} INFO - [2024-02-02T17:07:56.256+0000] {dag.py:3036} INFO - Sync 1 DAGs
[2024-02-02T17:07:56.271+0000] {logging_mixin.py:188} INFO - [2024-02-02T17:07:56.271+0000] {dag.py:3823} INFO - Setting next_dagrun for example_task_group to 2024-02-01 00:00:00+00:00, run_after=2024-02-02 00:00:00+00:00
[2024-02-02T17:07:56.286+0000] {processor.py:183} INFO - Processing /home/airflow/.local/lib/python3.8/site-packages/airflow/example_dags/example_task_group.py took 0.065 seconds
[2024-02-02T17:08:27.141+0000] {processor.py:161} INFO - Started process (PID=180) to work on /home/airflow/.local/lib/python3.8/site-packages/airflow/example_dags/example_task_group.py
[2024-02-02T17:08:27.143+0000] {processor.py:830} INFO - Processing file /home/airflow/.local/lib/python3.8/site-packages/airflow/example_dags/example_task_group.py for tasks to queue
[2024-02-02T17:08:27.147+0000] {logging_mixin.py:188} INFO - [2024-02-02T17:08:27.146+0000] {dagbag.py:538} INFO - Filling up the DagBag from /home/airflow/.local/lib/python3.8/site-packages/airflow/example_dags/example_task_group.py
[2024-02-02T17:08:27.154+0000] {processor.py:840} INFO - DAG(s) 'example_task_group' retrieved from /home/airflow/.local/lib/python3.8/site-packages/airflow/example_dags/example_task_group.py
[2024-02-02T17:08:27.176+0000] {logging_mixin.py:188} INFO - [2024-02-02T17:08:27.176+0000] {dag.py:3036} INFO - Sync 1 DAGs
[2024-02-02T17:08:27.195+0000] {logging_mixin.py:188} INFO - [2024-02-02T17:08:27.195+0000] {dag.py:3823} INFO - Setting next_dagrun for example_task_group to 2024-02-01 00:00:00+00:00, run_after=2024-02-02 00:00:00+00:00
[2024-02-02T17:08:27.211+0000] {processor.py:183} INFO - Processing /home/airflow/.local/lib/python3.8/site-packages/airflow/example_dags/example_task_group.py took 0.073 seconds
