[2024-02-02T17:07:25.027+0000] {processor.py:161} INFO - Started process (PID=64) to work on /home/airflow/.local/lib/python3.8/site-packages/airflow/example_dags/example_params_trigger_ui.py
[2024-02-02T17:07:25.029+0000] {processor.py:830} INFO - Processing file /home/airflow/.local/lib/python3.8/site-packages/airflow/example_dags/example_params_trigger_ui.py for tasks to queue
[2024-02-02T17:07:25.032+0000] {logging_mixin.py:188} INFO - [2024-02-02T17:07:25.032+0000] {dagbag.py:538} INFO - Filling up the DagBag from /home/airflow/.local/lib/python3.8/site-packages/airflow/example_dags/example_params_trigger_ui.py
[2024-02-02T17:07:25.045+0000] {processor.py:840} INFO - DAG(s) 'example_params_trigger_ui' retrieved from /home/airflow/.local/lib/python3.8/site-packages/airflow/example_dags/example_params_trigger_ui.py
[2024-02-02T17:07:25.144+0000] {logging_mixin.py:188} INFO - [2024-02-02T17:07:25.143+0000] {override.py:1769} INFO - Created Permission View: can delete on DAG:example_params_trigger_ui
[2024-02-02T17:07:25.155+0000] {logging_mixin.py:188} INFO - [2024-02-02T17:07:25.154+0000] {override.py:1769} INFO - Created Permission View: can edit on DAG:example_params_trigger_ui
[2024-02-02T17:07:25.164+0000] {logging_mixin.py:188} INFO - [2024-02-02T17:07:25.164+0000] {override.py:1769} INFO - Created Permission View: can read on DAG:example_params_trigger_ui
[2024-02-02T17:07:25.166+0000] {logging_mixin.py:188} INFO - [2024-02-02T17:07:25.166+0000] {dag.py:3036} INFO - Sync 1 DAGs
[2024-02-02T17:07:25.179+0000] {logging_mixin.py:188} INFO - [2024-02-02T17:07:25.179+0000] {dag.py:3058} INFO - Creating ORM DAG for example_params_trigger_ui
[2024-02-02T17:07:25.183+0000] {logging_mixin.py:188} INFO - [2024-02-02T17:07:25.183+0000] {dag.py:3823} INFO - Setting next_dagrun for example_params_trigger_ui to None, run_after=None
[2024-02-02T17:07:25.200+0000] {processor.py:183} INFO - Processing /home/airflow/.local/lib/python3.8/site-packages/airflow/example_dags/example_params_trigger_ui.py took 0.176 seconds
[2024-02-02T17:07:55.960+0000] {processor.py:161} INFO - Started process (PID=120) to work on /home/airflow/.local/lib/python3.8/site-packages/airflow/example_dags/example_params_trigger_ui.py
[2024-02-02T17:07:55.962+0000] {processor.py:830} INFO - Processing file /home/airflow/.local/lib/python3.8/site-packages/airflow/example_dags/example_params_trigger_ui.py for tasks to queue
[2024-02-02T17:07:55.964+0000] {logging_mixin.py:188} INFO - [2024-02-02T17:07:55.964+0000] {dagbag.py:538} INFO - Filling up the DagBag from /home/airflow/.local/lib/python3.8/site-packages/airflow/example_dags/example_params_trigger_ui.py
[2024-02-02T17:07:55.974+0000] {processor.py:840} INFO - DAG(s) 'example_params_trigger_ui' retrieved from /home/airflow/.local/lib/python3.8/site-packages/airflow/example_dags/example_params_trigger_ui.py
[2024-02-02T17:07:56.003+0000] {logging_mixin.py:188} INFO - [2024-02-02T17:07:56.002+0000] {dag.py:3036} INFO - Sync 1 DAGs
[2024-02-02T17:07:56.011+0000] {logging_mixin.py:188} INFO - [2024-02-02T17:07:56.011+0000] {dag.py:3823} INFO - Setting next_dagrun for example_params_trigger_ui to None, run_after=None
[2024-02-02T17:07:56.026+0000] {processor.py:183} INFO - Processing /home/airflow/.local/lib/python3.8/site-packages/airflow/example_dags/example_params_trigger_ui.py took 0.068 seconds
[2024-02-02T17:08:26.758+0000] {processor.py:161} INFO - Started process (PID=175) to work on /home/airflow/.local/lib/python3.8/site-packages/airflow/example_dags/example_params_trigger_ui.py
[2024-02-02T17:08:26.764+0000] {processor.py:830} INFO - Processing file /home/airflow/.local/lib/python3.8/site-packages/airflow/example_dags/example_params_trigger_ui.py for tasks to queue
[2024-02-02T17:08:26.774+0000] {logging_mixin.py:188} INFO - [2024-02-02T17:08:26.773+0000] {dagbag.py:538} INFO - Filling up the DagBag from /home/airflow/.local/lib/python3.8/site-packages/airflow/example_dags/example_params_trigger_ui.py
[2024-02-02T17:08:26.824+0000] {processor.py:840} INFO - DAG(s) 'example_params_trigger_ui' retrieved from /home/airflow/.local/lib/python3.8/site-packages/airflow/example_dags/example_params_trigger_ui.py
[2024-02-02T17:08:26.878+0000] {logging_mixin.py:188} INFO - [2024-02-02T17:08:26.878+0000] {dag.py:3036} INFO - Sync 1 DAGs
[2024-02-02T17:08:26.895+0000] {logging_mixin.py:188} INFO - [2024-02-02T17:08:26.894+0000] {dag.py:3823} INFO - Setting next_dagrun for example_params_trigger_ui to None, run_after=None
[2024-02-02T17:08:26.920+0000] {processor.py:183} INFO - Processing /home/airflow/.local/lib/python3.8/site-packages/airflow/example_dags/example_params_trigger_ui.py took 0.167 seconds
