[2024-02-02T17:07:22.103+0000] {processor.py:161} INFO - Started process (PID=42) to work on /home/airflow/.local/lib/python3.8/site-packages/airflow/example_dags/example_latest_only.py
[2024-02-02T17:07:22.106+0000] {processor.py:830} INFO - Processing file /home/airflow/.local/lib/python3.8/site-packages/airflow/example_dags/example_latest_only.py for tasks to queue
[2024-02-02T17:07:22.108+0000] {logging_mixin.py:188} INFO - [2024-02-02T17:07:22.108+0000] {dagbag.py:538} INFO - Filling up the DagBag from /home/airflow/.local/lib/python3.8/site-packages/airflow/example_dags/example_latest_only.py
[2024-02-02T17:07:22.116+0000] {processor.py:840} INFO - DAG(s) 'latest_only' retrieved from /home/airflow/.local/lib/python3.8/site-packages/airflow/example_dags/example_latest_only.py
[2024-02-02T17:07:22.183+0000] {logging_mixin.py:188} INFO - [2024-02-02T17:07:22.182+0000] {override.py:1769} INFO - Created Permission View: can delete on DAG:latest_only
[2024-02-02T17:07:22.194+0000] {logging_mixin.py:188} INFO - [2024-02-02T17:07:22.194+0000] {override.py:1769} INFO - Created Permission View: can edit on DAG:latest_only
[2024-02-02T17:07:22.202+0000] {logging_mixin.py:188} INFO - [2024-02-02T17:07:22.202+0000] {override.py:1769} INFO - Created Permission View: can read on DAG:latest_only
[2024-02-02T17:07:22.204+0000] {logging_mixin.py:188} INFO - [2024-02-02T17:07:22.204+0000] {dag.py:3036} INFO - Sync 1 DAGs
[2024-02-02T17:07:22.229+0000] {logging_mixin.py:188} INFO - [2024-02-02T17:07:22.228+0000] {dag.py:3058} INFO - Creating ORM DAG for latest_only
[2024-02-02T17:07:22.251+0000] {logging_mixin.py:188} INFO - [2024-02-02T17:07:22.251+0000] {dag.py:3823} INFO - Setting next_dagrun for latest_only to 2024-02-02 12:00:00+00:00, run_after=2024-02-02 16:00:00+00:00
[2024-02-02T17:07:22.268+0000] {processor.py:183} INFO - Processing /home/airflow/.local/lib/python3.8/site-packages/airflow/example_dags/example_latest_only.py took 0.167 seconds
[2024-02-02T17:07:52.654+0000] {processor.py:161} INFO - Started process (PID=98) to work on /home/airflow/.local/lib/python3.8/site-packages/airflow/example_dags/example_latest_only.py
[2024-02-02T17:07:52.656+0000] {processor.py:830} INFO - Processing file /home/airflow/.local/lib/python3.8/site-packages/airflow/example_dags/example_latest_only.py for tasks to queue
[2024-02-02T17:07:52.659+0000] {logging_mixin.py:188} INFO - [2024-02-02T17:07:52.658+0000] {dagbag.py:538} INFO - Filling up the DagBag from /home/airflow/.local/lib/python3.8/site-packages/airflow/example_dags/example_latest_only.py
[2024-02-02T17:07:52.663+0000] {processor.py:840} INFO - DAG(s) 'latest_only' retrieved from /home/airflow/.local/lib/python3.8/site-packages/airflow/example_dags/example_latest_only.py
[2024-02-02T17:07:52.682+0000] {logging_mixin.py:188} INFO - [2024-02-02T17:07:52.682+0000] {dag.py:3036} INFO - Sync 1 DAGs
[2024-02-02T17:07:52.702+0000] {logging_mixin.py:188} INFO - [2024-02-02T17:07:52.702+0000] {dag.py:3823} INFO - Setting next_dagrun for latest_only to 2024-02-02 12:00:00+00:00, run_after=2024-02-02 16:00:00+00:00
[2024-02-02T17:07:52.717+0000] {processor.py:183} INFO - Processing /home/airflow/.local/lib/python3.8/site-packages/airflow/example_dags/example_latest_only.py took 0.065 seconds
[2024-02-02T17:08:23.524+0000] {processor.py:161} INFO - Started process (PID=153) to work on /home/airflow/.local/lib/python3.8/site-packages/airflow/example_dags/example_latest_only.py
[2024-02-02T17:08:23.526+0000] {processor.py:830} INFO - Processing file /home/airflow/.local/lib/python3.8/site-packages/airflow/example_dags/example_latest_only.py for tasks to queue
[2024-02-02T17:08:23.528+0000] {logging_mixin.py:188} INFO - [2024-02-02T17:08:23.528+0000] {dagbag.py:538} INFO - Filling up the DagBag from /home/airflow/.local/lib/python3.8/site-packages/airflow/example_dags/example_latest_only.py
[2024-02-02T17:08:23.532+0000] {processor.py:840} INFO - DAG(s) 'latest_only' retrieved from /home/airflow/.local/lib/python3.8/site-packages/airflow/example_dags/example_latest_only.py
[2024-02-02T17:08:23.548+0000] {logging_mixin.py:188} INFO - [2024-02-02T17:08:23.548+0000] {dag.py:3036} INFO - Sync 1 DAGs
[2024-02-02T17:08:23.563+0000] {logging_mixin.py:188} INFO - [2024-02-02T17:08:23.562+0000] {dag.py:3823} INFO - Setting next_dagrun for latest_only to 2024-02-02 12:00:00+00:00, run_after=2024-02-02 16:00:00+00:00
[2024-02-02T17:08:23.575+0000] {processor.py:183} INFO - Processing /home/airflow/.local/lib/python3.8/site-packages/airflow/example_dags/example_latest_only.py took 0.053 seconds
