[2024-02-02T17:07:20.179+0000] {processor.py:161} INFO - Started process (PID=33) to work on /home/airflow/.local/lib/python3.8/site-packages/airflow/example_dags/example_params_ui_tutorial.py
[2024-02-02T17:07:20.183+0000] {processor.py:830} INFO - Processing file /home/airflow/.local/lib/python3.8/site-packages/airflow/example_dags/example_params_ui_tutorial.py for tasks to queue
[2024-02-02T17:07:20.186+0000] {logging_mixin.py:188} INFO - [2024-02-02T17:07:20.186+0000] {dagbag.py:538} INFO - Filling up the DagBag from /home/airflow/.local/lib/python3.8/site-packages/airflow/example_dags/example_params_ui_tutorial.py
[2024-02-02T17:07:20.211+0000] {processor.py:840} INFO - DAG(s) 'example_params_ui_tutorial' retrieved from /home/airflow/.local/lib/python3.8/site-packages/airflow/example_dags/example_params_ui_tutorial.py
[2024-02-02T17:07:20.512+0000] {logging_mixin.py:188} INFO - [2024-02-02T17:07:20.512+0000] {override.py:1769} INFO - Created Permission View: can delete on DAG:example_params_ui_tutorial
[2024-02-02T17:07:20.531+0000] {logging_mixin.py:188} INFO - [2024-02-02T17:07:20.530+0000] {override.py:1769} INFO - Created Permission View: can edit on DAG:example_params_ui_tutorial
[2024-02-02T17:07:20.552+0000] {logging_mixin.py:188} INFO - [2024-02-02T17:07:20.551+0000] {override.py:1769} INFO - Created Permission View: can read on DAG:example_params_ui_tutorial
[2024-02-02T17:07:20.555+0000] {logging_mixin.py:188} INFO - [2024-02-02T17:07:20.555+0000] {dag.py:3036} INFO - Sync 1 DAGs
[2024-02-02T17:07:20.569+0000] {logging_mixin.py:188} INFO - [2024-02-02T17:07:20.569+0000] {dag.py:3058} INFO - Creating ORM DAG for example_params_ui_tutorial
[2024-02-02T17:07:20.573+0000] {logging_mixin.py:188} INFO - [2024-02-02T17:07:20.573+0000] {dag.py:3823} INFO - Setting next_dagrun for example_params_ui_tutorial to None, run_after=None
[2024-02-02T17:07:20.592+0000] {processor.py:183} INFO - Processing /home/airflow/.local/lib/python3.8/site-packages/airflow/example_dags/example_params_ui_tutorial.py took 0.430 seconds
[2024-02-02T17:07:51.171+0000] {processor.py:161} INFO - Started process (PID=89) to work on /home/airflow/.local/lib/python3.8/site-packages/airflow/example_dags/example_params_ui_tutorial.py
[2024-02-02T17:07:51.175+0000] {processor.py:830} INFO - Processing file /home/airflow/.local/lib/python3.8/site-packages/airflow/example_dags/example_params_ui_tutorial.py for tasks to queue
[2024-02-02T17:07:51.181+0000] {logging_mixin.py:188} INFO - [2024-02-02T17:07:51.180+0000] {dagbag.py:538} INFO - Filling up the DagBag from /home/airflow/.local/lib/python3.8/site-packages/airflow/example_dags/example_params_ui_tutorial.py
[2024-02-02T17:07:51.202+0000] {processor.py:840} INFO - DAG(s) 'example_params_ui_tutorial' retrieved from /home/airflow/.local/lib/python3.8/site-packages/airflow/example_dags/example_params_ui_tutorial.py
[2024-02-02T17:07:51.244+0000] {logging_mixin.py:188} INFO - [2024-02-02T17:07:51.244+0000] {dag.py:3036} INFO - Sync 1 DAGs
[2024-02-02T17:07:51.257+0000] {logging_mixin.py:188} INFO - [2024-02-02T17:07:51.256+0000] {dag.py:3823} INFO - Setting next_dagrun for example_params_ui_tutorial to None, run_after=None
[2024-02-02T17:07:51.271+0000] {processor.py:183} INFO - Processing /home/airflow/.local/lib/python3.8/site-packages/airflow/example_dags/example_params_ui_tutorial.py took 0.104 seconds
[2024-02-02T17:08:22.061+0000] {processor.py:161} INFO - Started process (PID=144) to work on /home/airflow/.local/lib/python3.8/site-packages/airflow/example_dags/example_params_ui_tutorial.py
[2024-02-02T17:08:22.063+0000] {processor.py:830} INFO - Processing file /home/airflow/.local/lib/python3.8/site-packages/airflow/example_dags/example_params_ui_tutorial.py for tasks to queue
[2024-02-02T17:08:22.066+0000] {logging_mixin.py:188} INFO - [2024-02-02T17:08:22.066+0000] {dagbag.py:538} INFO - Filling up the DagBag from /home/airflow/.local/lib/python3.8/site-packages/airflow/example_dags/example_params_ui_tutorial.py
[2024-02-02T17:08:22.082+0000] {processor.py:840} INFO - DAG(s) 'example_params_ui_tutorial' retrieved from /home/airflow/.local/lib/python3.8/site-packages/airflow/example_dags/example_params_ui_tutorial.py
[2024-02-02T17:08:22.124+0000] {logging_mixin.py:188} INFO - [2024-02-02T17:08:22.124+0000] {dag.py:3036} INFO - Sync 1 DAGs
[2024-02-02T17:08:22.135+0000] {logging_mixin.py:188} INFO - [2024-02-02T17:08:22.135+0000] {dag.py:3823} INFO - Setting next_dagrun for example_params_ui_tutorial to None, run_after=None
[2024-02-02T17:08:22.157+0000] {processor.py:183} INFO - Processing /home/airflow/.local/lib/python3.8/site-packages/airflow/example_dags/example_params_ui_tutorial.py took 0.101 seconds
