[2024-02-02T17:07:26.228+0000] {processor.py:161} INFO - Started process (PID=74) to work on /home/airflow/.local/lib/python3.8/site-packages/airflow/example_dags/example_complex.py
[2024-02-02T17:07:26.232+0000] {processor.py:830} INFO - Processing file /home/airflow/.local/lib/python3.8/site-packages/airflow/example_dags/example_complex.py for tasks to queue
[2024-02-02T17:07:26.239+0000] {logging_mixin.py:188} INFO - [2024-02-02T17:07:26.238+0000] {dagbag.py:538} INFO - Filling up the DagBag from /home/airflow/.local/lib/python3.8/site-packages/airflow/example_dags/example_complex.py
[2024-02-02T17:07:26.251+0000] {processor.py:840} INFO - DAG(s) 'example_complex' retrieved from /home/airflow/.local/lib/python3.8/site-packages/airflow/example_dags/example_complex.py
[2024-02-02T17:07:26.356+0000] {logging_mixin.py:188} INFO - [2024-02-02T17:07:26.356+0000] {override.py:1769} INFO - Created Permission View: can delete on DAG:example_complex
[2024-02-02T17:07:26.367+0000] {logging_mixin.py:188} INFO - [2024-02-02T17:07:26.367+0000] {override.py:1769} INFO - Created Permission View: can edit on DAG:example_complex
[2024-02-02T17:07:26.383+0000] {logging_mixin.py:188} INFO - [2024-02-02T17:07:26.383+0000] {override.py:1769} INFO - Created Permission View: can read on DAG:example_complex
[2024-02-02T17:07:26.387+0000] {logging_mixin.py:188} INFO - [2024-02-02T17:07:26.386+0000] {dag.py:3036} INFO - Sync 1 DAGs
[2024-02-02T17:07:26.397+0000] {logging_mixin.py:188} INFO - [2024-02-02T17:07:26.397+0000] {dag.py:3058} INFO - Creating ORM DAG for example_complex
[2024-02-02T17:07:26.399+0000] {logging_mixin.py:188} INFO - [2024-02-02T17:07:26.398+0000] {dag.py:3823} INFO - Setting next_dagrun for example_complex to None, run_after=None
[2024-02-02T17:07:26.425+0000] {processor.py:183} INFO - Processing /home/airflow/.local/lib/python3.8/site-packages/airflow/example_dags/example_complex.py took 0.199 seconds
[2024-02-02T17:07:56.544+0000] {processor.py:161} INFO - Started process (PID=130) to work on /home/airflow/.local/lib/python3.8/site-packages/airflow/example_dags/example_complex.py
[2024-02-02T17:07:56.547+0000] {processor.py:830} INFO - Processing file /home/airflow/.local/lib/python3.8/site-packages/airflow/example_dags/example_complex.py for tasks to queue
[2024-02-02T17:07:56.550+0000] {logging_mixin.py:188} INFO - [2024-02-02T17:07:56.550+0000] {dagbag.py:538} INFO - Filling up the DagBag from /home/airflow/.local/lib/python3.8/site-packages/airflow/example_dags/example_complex.py
[2024-02-02T17:07:56.559+0000] {processor.py:840} INFO - DAG(s) 'example_complex' retrieved from /home/airflow/.local/lib/python3.8/site-packages/airflow/example_dags/example_complex.py
[2024-02-02T17:07:56.584+0000] {logging_mixin.py:188} INFO - [2024-02-02T17:07:56.583+0000] {dag.py:3036} INFO - Sync 1 DAGs
[2024-02-02T17:07:56.591+0000] {logging_mixin.py:188} INFO - [2024-02-02T17:07:56.591+0000] {dag.py:3823} INFO - Setting next_dagrun for example_complex to None, run_after=None
[2024-02-02T17:07:56.604+0000] {processor.py:183} INFO - Processing /home/airflow/.local/lib/python3.8/site-packages/airflow/example_dags/example_complex.py took 0.064 seconds
[2024-02-02T17:08:27.432+0000] {processor.py:161} INFO - Started process (PID=185) to work on /home/airflow/.local/lib/python3.8/site-packages/airflow/example_dags/example_complex.py
[2024-02-02T17:08:27.435+0000] {processor.py:830} INFO - Processing file /home/airflow/.local/lib/python3.8/site-packages/airflow/example_dags/example_complex.py for tasks to queue
[2024-02-02T17:08:27.438+0000] {logging_mixin.py:188} INFO - [2024-02-02T17:08:27.438+0000] {dagbag.py:538} INFO - Filling up the DagBag from /home/airflow/.local/lib/python3.8/site-packages/airflow/example_dags/example_complex.py
[2024-02-02T17:08:27.446+0000] {processor.py:840} INFO - DAG(s) 'example_complex' retrieved from /home/airflow/.local/lib/python3.8/site-packages/airflow/example_dags/example_complex.py
[2024-02-02T17:08:27.469+0000] {logging_mixin.py:188} INFO - [2024-02-02T17:08:27.469+0000] {dag.py:3036} INFO - Sync 1 DAGs
[2024-02-02T17:08:27.478+0000] {logging_mixin.py:188} INFO - [2024-02-02T17:08:27.478+0000] {dag.py:3823} INFO - Setting next_dagrun for example_complex to None, run_after=None
[2024-02-02T17:08:27.489+0000] {processor.py:183} INFO - Processing /home/airflow/.local/lib/python3.8/site-packages/airflow/example_dags/example_complex.py took 0.060 seconds
