[2024-02-02T17:07:23.207+0000] {processor.py:161} INFO - Started process (PID=48) to work on /home/airflow/.local/lib/python3.8/site-packages/airflow/example_dags/example_short_circuit_operator.py
[2024-02-02T17:07:23.209+0000] {processor.py:830} INFO - Processing file /home/airflow/.local/lib/python3.8/site-packages/airflow/example_dags/example_short_circuit_operator.py for tasks to queue
[2024-02-02T17:07:23.214+0000] {logging_mixin.py:188} INFO - [2024-02-02T17:07:23.214+0000] {dagbag.py:538} INFO - Filling up the DagBag from /home/airflow/.local/lib/python3.8/site-packages/airflow/example_dags/example_short_circuit_operator.py
[2024-02-02T17:07:23.228+0000] {processor.py:840} INFO - DAG(s) 'example_short_circuit_operator' retrieved from /home/airflow/.local/lib/python3.8/site-packages/airflow/example_dags/example_short_circuit_operator.py
[2024-02-02T17:07:23.353+0000] {logging_mixin.py:188} INFO - [2024-02-02T17:07:23.353+0000] {override.py:1769} INFO - Created Permission View: can delete on DAG:example_short_circuit_operator
[2024-02-02T17:07:23.365+0000] {logging_mixin.py:188} INFO - [2024-02-02T17:07:23.365+0000] {override.py:1769} INFO - Created Permission View: can edit on DAG:example_short_circuit_operator
[2024-02-02T17:07:23.376+0000] {logging_mixin.py:188} INFO - [2024-02-02T17:07:23.376+0000] {override.py:1769} INFO - Created Permission View: can read on DAG:example_short_circuit_operator
[2024-02-02T17:07:23.378+0000] {logging_mixin.py:188} INFO - [2024-02-02T17:07:23.378+0000] {dag.py:3036} INFO - Sync 1 DAGs
[2024-02-02T17:07:23.389+0000] {logging_mixin.py:188} INFO - [2024-02-02T17:07:23.389+0000] {dag.py:3058} INFO - Creating ORM DAG for example_short_circuit_operator
[2024-02-02T17:07:23.405+0000] {logging_mixin.py:188} INFO - [2024-02-02T17:07:23.404+0000] {dag.py:3823} INFO - Setting next_dagrun for example_short_circuit_operator to 2024-02-01 00:00:00+00:00, run_after=2024-02-02 00:00:00+00:00
[2024-02-02T17:07:23.440+0000] {processor.py:183} INFO - Processing /home/airflow/.local/lib/python3.8/site-packages/airflow/example_dags/example_short_circuit_operator.py took 0.238 seconds
[2024-02-02T17:07:54.072+0000] {processor.py:161} INFO - Started process (PID=104) to work on /home/airflow/.local/lib/python3.8/site-packages/airflow/example_dags/example_short_circuit_operator.py
[2024-02-02T17:07:54.075+0000] {processor.py:830} INFO - Processing file /home/airflow/.local/lib/python3.8/site-packages/airflow/example_dags/example_short_circuit_operator.py for tasks to queue
[2024-02-02T17:07:54.078+0000] {logging_mixin.py:188} INFO - [2024-02-02T17:07:54.078+0000] {dagbag.py:538} INFO - Filling up the DagBag from /home/airflow/.local/lib/python3.8/site-packages/airflow/example_dags/example_short_circuit_operator.py
[2024-02-02T17:07:54.084+0000] {processor.py:840} INFO - DAG(s) 'example_short_circuit_operator' retrieved from /home/airflow/.local/lib/python3.8/site-packages/airflow/example_dags/example_short_circuit_operator.py
[2024-02-02T17:07:54.107+0000] {logging_mixin.py:188} INFO - [2024-02-02T17:07:54.107+0000] {dag.py:3036} INFO - Sync 1 DAGs
[2024-02-02T17:07:54.121+0000] {logging_mixin.py:188} INFO - [2024-02-02T17:07:54.121+0000] {dag.py:3823} INFO - Setting next_dagrun for example_short_circuit_operator to 2024-02-01 00:00:00+00:00, run_after=2024-02-02 00:00:00+00:00
[2024-02-02T17:07:54.133+0000] {processor.py:183} INFO - Processing /home/airflow/.local/lib/python3.8/site-packages/airflow/example_dags/example_short_circuit_operator.py took 0.064 seconds
[2024-02-02T17:08:24.839+0000] {processor.py:161} INFO - Started process (PID=159) to work on /home/airflow/.local/lib/python3.8/site-packages/airflow/example_dags/example_short_circuit_operator.py
[2024-02-02T17:08:24.841+0000] {processor.py:830} INFO - Processing file /home/airflow/.local/lib/python3.8/site-packages/airflow/example_dags/example_short_circuit_operator.py for tasks to queue
[2024-02-02T17:08:24.843+0000] {logging_mixin.py:188} INFO - [2024-02-02T17:08:24.843+0000] {dagbag.py:538} INFO - Filling up the DagBag from /home/airflow/.local/lib/python3.8/site-packages/airflow/example_dags/example_short_circuit_operator.py
[2024-02-02T17:08:24.850+0000] {processor.py:840} INFO - DAG(s) 'example_short_circuit_operator' retrieved from /home/airflow/.local/lib/python3.8/site-packages/airflow/example_dags/example_short_circuit_operator.py
[2024-02-02T17:08:24.867+0000] {logging_mixin.py:188} INFO - [2024-02-02T17:08:24.867+0000] {dag.py:3036} INFO - Sync 1 DAGs
[2024-02-02T17:08:24.882+0000] {logging_mixin.py:188} INFO - [2024-02-02T17:08:24.882+0000] {dag.py:3823} INFO - Setting next_dagrun for example_short_circuit_operator to 2024-02-01 00:00:00+00:00, run_after=2024-02-02 00:00:00+00:00
[2024-02-02T17:08:24.893+0000] {processor.py:183} INFO - Processing /home/airflow/.local/lib/python3.8/site-packages/airflow/example_dags/example_short_circuit_operator.py took 0.056 seconds
