[2024-02-02T17:07:25.503+0000] {processor.py:161} INFO - Started process (PID=68) to work on /home/airflow/.local/lib/python3.8/site-packages/airflow/example_dags/example_setup_teardown.py
[2024-02-02T17:07:25.505+0000] {processor.py:830} INFO - Processing file /home/airflow/.local/lib/python3.8/site-packages/airflow/example_dags/example_setup_teardown.py for tasks to queue
[2024-02-02T17:07:25.509+0000] {logging_mixin.py:188} INFO - [2024-02-02T17:07:25.508+0000] {dagbag.py:538} INFO - Filling up the DagBag from /home/airflow/.local/lib/python3.8/site-packages/airflow/example_dags/example_setup_teardown.py
[2024-02-02T17:07:25.518+0000] {processor.py:840} INFO - DAG(s) 'example_setup_teardown' retrieved from /home/airflow/.local/lib/python3.8/site-packages/airflow/example_dags/example_setup_teardown.py
[2024-02-02T17:07:25.624+0000] {logging_mixin.py:188} INFO - [2024-02-02T17:07:25.623+0000] {override.py:1769} INFO - Created Permission View: can delete on DAG:example_setup_teardown
[2024-02-02T17:07:25.633+0000] {logging_mixin.py:188} INFO - [2024-02-02T17:07:25.632+0000] {override.py:1769} INFO - Created Permission View: can edit on DAG:example_setup_teardown
[2024-02-02T17:07:25.640+0000] {logging_mixin.py:188} INFO - [2024-02-02T17:07:25.640+0000] {override.py:1769} INFO - Created Permission View: can read on DAG:example_setup_teardown
[2024-02-02T17:07:25.641+0000] {logging_mixin.py:188} INFO - [2024-02-02T17:07:25.641+0000] {dag.py:3036} INFO - Sync 1 DAGs
[2024-02-02T17:07:25.649+0000] {logging_mixin.py:188} INFO - [2024-02-02T17:07:25.649+0000] {dag.py:3058} INFO - Creating ORM DAG for example_setup_teardown
[2024-02-02T17:07:25.657+0000] {logging_mixin.py:188} INFO - [2024-02-02T17:07:25.657+0000] {dag.py:3823} INFO - Setting next_dagrun for example_setup_teardown to 2024-02-01 00:00:00+00:00, run_after=2024-02-02 00:00:00+00:00
[2024-02-02T17:07:25.682+0000] {processor.py:183} INFO - Processing /home/airflow/.local/lib/python3.8/site-packages/airflow/example_dags/example_setup_teardown.py took 0.182 seconds
[2024-02-02T17:07:56.128+0000] {processor.py:161} INFO - Started process (PID=124) to work on /home/airflow/.local/lib/python3.8/site-packages/airflow/example_dags/example_setup_teardown.py
[2024-02-02T17:07:56.130+0000] {processor.py:830} INFO - Processing file /home/airflow/.local/lib/python3.8/site-packages/airflow/example_dags/example_setup_teardown.py for tasks to queue
[2024-02-02T17:07:56.132+0000] {logging_mixin.py:188} INFO - [2024-02-02T17:07:56.132+0000] {dagbag.py:538} INFO - Filling up the DagBag from /home/airflow/.local/lib/python3.8/site-packages/airflow/example_dags/example_setup_teardown.py
[2024-02-02T17:07:56.138+0000] {processor.py:840} INFO - DAG(s) 'example_setup_teardown' retrieved from /home/airflow/.local/lib/python3.8/site-packages/airflow/example_dags/example_setup_teardown.py
[2024-02-02T17:07:56.169+0000] {logging_mixin.py:188} INFO - [2024-02-02T17:07:56.168+0000] {dag.py:3036} INFO - Sync 1 DAGs
[2024-02-02T17:07:56.200+0000] {logging_mixin.py:188} INFO - [2024-02-02T17:07:56.200+0000] {dag.py:3823} INFO - Setting next_dagrun for example_setup_teardown to 2024-02-01 00:00:00+00:00, run_after=2024-02-02 00:00:00+00:00
[2024-02-02T17:07:56.219+0000] {processor.py:183} INFO - Processing /home/airflow/.local/lib/python3.8/site-packages/airflow/example_dags/example_setup_teardown.py took 0.093 seconds
[2024-02-02T17:08:27.072+0000] {processor.py:161} INFO - Started process (PID=179) to work on /home/airflow/.local/lib/python3.8/site-packages/airflow/example_dags/example_setup_teardown.py
[2024-02-02T17:08:27.074+0000] {processor.py:830} INFO - Processing file /home/airflow/.local/lib/python3.8/site-packages/airflow/example_dags/example_setup_teardown.py for tasks to queue
[2024-02-02T17:08:27.078+0000] {logging_mixin.py:188} INFO - [2024-02-02T17:08:27.077+0000] {dagbag.py:538} INFO - Filling up the DagBag from /home/airflow/.local/lib/python3.8/site-packages/airflow/example_dags/example_setup_teardown.py
[2024-02-02T17:08:27.083+0000] {processor.py:840} INFO - DAG(s) 'example_setup_teardown' retrieved from /home/airflow/.local/lib/python3.8/site-packages/airflow/example_dags/example_setup_teardown.py
[2024-02-02T17:08:27.102+0000] {logging_mixin.py:188} INFO - [2024-02-02T17:08:27.101+0000] {dag.py:3036} INFO - Sync 1 DAGs
[2024-02-02T17:08:27.121+0000] {logging_mixin.py:188} INFO - [2024-02-02T17:08:27.121+0000] {dag.py:3823} INFO - Setting next_dagrun for example_setup_teardown to 2024-02-01 00:00:00+00:00, run_after=2024-02-02 00:00:00+00:00
[2024-02-02T17:08:27.140+0000] {processor.py:183} INFO - Processing /home/airflow/.local/lib/python3.8/site-packages/airflow/example_dags/example_setup_teardown.py took 0.071 seconds
