[2024-02-02T17:07:25.251+0000] {processor.py:161} INFO - Started process (PID=66) to work on /home/airflow/.local/lib/python3.8/site-packages/airflow/example_dags/example_branch_labels.py
[2024-02-02T17:07:25.257+0000] {processor.py:830} INFO - Processing file /home/airflow/.local/lib/python3.8/site-packages/airflow/example_dags/example_branch_labels.py for tasks to queue
[2024-02-02T17:07:25.270+0000] {logging_mixin.py:188} INFO - [2024-02-02T17:07:25.269+0000] {dagbag.py:538} INFO - Filling up the DagBag from /home/airflow/.local/lib/python3.8/site-packages/airflow/example_dags/example_branch_labels.py
[2024-02-02T17:07:25.286+0000] {processor.py:840} INFO - DAG(s) 'example_branch_labels' retrieved from /home/airflow/.local/lib/python3.8/site-packages/airflow/example_dags/example_branch_labels.py
[2024-02-02T17:07:25.368+0000] {logging_mixin.py:188} INFO - [2024-02-02T17:07:25.367+0000] {override.py:1769} INFO - Created Permission View: can delete on DAG:example_branch_labels
[2024-02-02T17:07:25.378+0000] {logging_mixin.py:188} INFO - [2024-02-02T17:07:25.378+0000] {override.py:1769} INFO - Created Permission View: can edit on DAG:example_branch_labels
[2024-02-02T17:07:25.388+0000] {logging_mixin.py:188} INFO - [2024-02-02T17:07:25.388+0000] {override.py:1769} INFO - Created Permission View: can read on DAG:example_branch_labels
[2024-02-02T17:07:25.391+0000] {logging_mixin.py:188} INFO - [2024-02-02T17:07:25.390+0000] {dag.py:3036} INFO - Sync 1 DAGs
[2024-02-02T17:07:25.399+0000] {logging_mixin.py:188} INFO - [2024-02-02T17:07:25.399+0000] {dag.py:3058} INFO - Creating ORM DAG for example_branch_labels
[2024-02-02T17:07:25.409+0000] {logging_mixin.py:188} INFO - [2024-02-02T17:07:25.409+0000] {dag.py:3823} INFO - Setting next_dagrun for example_branch_labels to 2024-02-01 00:00:00+00:00, run_after=2024-02-02 00:00:00+00:00
[2024-02-02T17:07:25.437+0000] {processor.py:183} INFO - Processing /home/airflow/.local/lib/python3.8/site-packages/airflow/example_dags/example_branch_labels.py took 0.189 seconds
[2024-02-02T17:07:56.050+0000] {processor.py:161} INFO - Started process (PID=122) to work on /home/airflow/.local/lib/python3.8/site-packages/airflow/example_dags/example_branch_labels.py
[2024-02-02T17:07:56.052+0000] {processor.py:830} INFO - Processing file /home/airflow/.local/lib/python3.8/site-packages/airflow/example_dags/example_branch_labels.py for tasks to queue
[2024-02-02T17:07:56.054+0000] {logging_mixin.py:188} INFO - [2024-02-02T17:07:56.054+0000] {dagbag.py:538} INFO - Filling up the DagBag from /home/airflow/.local/lib/python3.8/site-packages/airflow/example_dags/example_branch_labels.py
[2024-02-02T17:07:56.060+0000] {processor.py:840} INFO - DAG(s) 'example_branch_labels' retrieved from /home/airflow/.local/lib/python3.8/site-packages/airflow/example_dags/example_branch_labels.py
[2024-02-02T17:07:56.076+0000] {logging_mixin.py:188} INFO - [2024-02-02T17:07:56.076+0000] {dag.py:3036} INFO - Sync 1 DAGs
[2024-02-02T17:07:56.091+0000] {logging_mixin.py:188} INFO - [2024-02-02T17:07:56.091+0000] {dag.py:3823} INFO - Setting next_dagrun for example_branch_labels to 2024-02-01 00:00:00+00:00, run_after=2024-02-02 00:00:00+00:00
[2024-02-02T17:07:56.105+0000] {processor.py:183} INFO - Processing /home/airflow/.local/lib/python3.8/site-packages/airflow/example_dags/example_branch_labels.py took 0.057 seconds
[2024-02-02T17:08:26.963+0000] {processor.py:161} INFO - Started process (PID=177) to work on /home/airflow/.local/lib/python3.8/site-packages/airflow/example_dags/example_branch_labels.py
[2024-02-02T17:08:26.966+0000] {processor.py:830} INFO - Processing file /home/airflow/.local/lib/python3.8/site-packages/airflow/example_dags/example_branch_labels.py for tasks to queue
[2024-02-02T17:08:26.971+0000] {logging_mixin.py:188} INFO - [2024-02-02T17:08:26.970+0000] {dagbag.py:538} INFO - Filling up the DagBag from /home/airflow/.local/lib/python3.8/site-packages/airflow/example_dags/example_branch_labels.py
[2024-02-02T17:08:26.982+0000] {processor.py:840} INFO - DAG(s) 'example_branch_labels' retrieved from /home/airflow/.local/lib/python3.8/site-packages/airflow/example_dags/example_branch_labels.py
[2024-02-02T17:08:27.001+0000] {logging_mixin.py:188} INFO - [2024-02-02T17:08:27.001+0000] {dag.py:3036} INFO - Sync 1 DAGs
[2024-02-02T17:08:27.023+0000] {logging_mixin.py:188} INFO - [2024-02-02T17:08:27.022+0000] {dag.py:3823} INFO - Setting next_dagrun for example_branch_labels to 2024-02-01 00:00:00+00:00, run_after=2024-02-02 00:00:00+00:00
[2024-02-02T17:08:27.041+0000] {processor.py:183} INFO - Processing /home/airflow/.local/lib/python3.8/site-packages/airflow/example_dags/example_branch_labels.py took 0.083 seconds
