[2024-02-02T17:07:25.725+0000] {processor.py:161} INFO - Started process (PID=70) to work on /home/airflow/.local/lib/python3.8/site-packages/airflow/example_dags/example_external_task_marker_dag.py
[2024-02-02T17:07:25.727+0000] {processor.py:830} INFO - Processing file /home/airflow/.local/lib/python3.8/site-packages/airflow/example_dags/example_external_task_marker_dag.py for tasks to queue
[2024-02-02T17:07:25.732+0000] {logging_mixin.py:188} INFO - [2024-02-02T17:07:25.729+0000] {dagbag.py:538} INFO - Filling up the DagBag from /home/airflow/.local/lib/python3.8/site-packages/airflow/example_dags/example_external_task_marker_dag.py
[2024-02-02T17:07:25.741+0000] {processor.py:840} INFO - DAG(s) 'example_external_task_marker_child', 'example_external_task_marker_parent' retrieved from /home/airflow/.local/lib/python3.8/site-packages/airflow/example_dags/example_external_task_marker_dag.py
[2024-02-02T17:07:25.849+0000] {logging_mixin.py:188} INFO - [2024-02-02T17:07:25.848+0000] {override.py:1769} INFO - Created Permission View: can delete on DAG:example_external_task_marker_child
[2024-02-02T17:07:25.868+0000] {logging_mixin.py:188} INFO - [2024-02-02T17:07:25.867+0000] {override.py:1769} INFO - Created Permission View: can edit on DAG:example_external_task_marker_child
[2024-02-02T17:07:25.875+0000] {logging_mixin.py:188} INFO - [2024-02-02T17:07:25.875+0000] {override.py:1769} INFO - Created Permission View: can read on DAG:example_external_task_marker_child
[2024-02-02T17:07:25.888+0000] {logging_mixin.py:188} INFO - [2024-02-02T17:07:25.888+0000] {override.py:1769} INFO - Created Permission View: can delete on DAG:example_external_task_marker_parent
[2024-02-02T17:07:25.898+0000] {logging_mixin.py:188} INFO - [2024-02-02T17:07:25.897+0000] {override.py:1769} INFO - Created Permission View: can edit on DAG:example_external_task_marker_parent
[2024-02-02T17:07:25.909+0000] {logging_mixin.py:188} INFO - [2024-02-02T17:07:25.908+0000] {override.py:1769} INFO - Created Permission View: can read on DAG:example_external_task_marker_parent
[2024-02-02T17:07:25.911+0000] {logging_mixin.py:188} INFO - [2024-02-02T17:07:25.911+0000] {dag.py:3036} INFO - Sync 2 DAGs
[2024-02-02T17:07:25.923+0000] {logging_mixin.py:188} INFO - [2024-02-02T17:07:25.922+0000] {dag.py:3058} INFO - Creating ORM DAG for example_external_task_marker_parent
[2024-02-02T17:07:25.927+0000] {logging_mixin.py:188} INFO - [2024-02-02T17:07:25.926+0000] {dag.py:3058} INFO - Creating ORM DAG for example_external_task_marker_child
[2024-02-02T17:07:25.929+0000] {logging_mixin.py:188} INFO - [2024-02-02T17:07:25.929+0000] {dag.py:3823} INFO - Setting next_dagrun for example_external_task_marker_child to None, run_after=None
[2024-02-02T17:07:25.931+0000] {logging_mixin.py:188} INFO - [2024-02-02T17:07:25.930+0000] {dag.py:3823} INFO - Setting next_dagrun for example_external_task_marker_parent to None, run_after=None
[2024-02-02T17:07:25.945+0000] {processor.py:183} INFO - Processing /home/airflow/.local/lib/python3.8/site-packages/airflow/example_dags/example_external_task_marker_dag.py took 0.223 seconds
[2024-02-02T17:07:56.247+0000] {processor.py:161} INFO - Started process (PID=126) to work on /home/airflow/.local/lib/python3.8/site-packages/airflow/example_dags/example_external_task_marker_dag.py
[2024-02-02T17:07:56.249+0000] {processor.py:830} INFO - Processing file /home/airflow/.local/lib/python3.8/site-packages/airflow/example_dags/example_external_task_marker_dag.py for tasks to queue
[2024-02-02T17:07:56.252+0000] {logging_mixin.py:188} INFO - [2024-02-02T17:07:56.251+0000] {dagbag.py:538} INFO - Filling up the DagBag from /home/airflow/.local/lib/python3.8/site-packages/airflow/example_dags/example_external_task_marker_dag.py
[2024-02-02T17:07:56.257+0000] {processor.py:840} INFO - DAG(s) 'example_external_task_marker_child', 'example_external_task_marker_parent' retrieved from /home/airflow/.local/lib/python3.8/site-packages/airflow/example_dags/example_external_task_marker_dag.py
[2024-02-02T17:07:56.275+0000] {logging_mixin.py:188} INFO - [2024-02-02T17:07:56.275+0000] {dag.py:3036} INFO - Sync 2 DAGs
[2024-02-02T17:07:56.284+0000] {logging_mixin.py:188} INFO - [2024-02-02T17:07:56.284+0000] {dag.py:3823} INFO - Setting next_dagrun for example_external_task_marker_child to None, run_after=None
[2024-02-02T17:07:56.288+0000] {logging_mixin.py:188} INFO - [2024-02-02T17:07:56.288+0000] {dag.py:3823} INFO - Setting next_dagrun for example_external_task_marker_parent to None, run_after=None
[2024-02-02T17:07:56.301+0000] {processor.py:183} INFO - Processing /home/airflow/.local/lib/python3.8/site-packages/airflow/example_dags/example_external_task_marker_dag.py took 0.056 seconds
[2024-02-02T17:08:27.174+0000] {processor.py:161} INFO - Started process (PID=181) to work on /home/airflow/.local/lib/python3.8/site-packages/airflow/example_dags/example_external_task_marker_dag.py
[2024-02-02T17:08:27.177+0000] {processor.py:830} INFO - Processing file /home/airflow/.local/lib/python3.8/site-packages/airflow/example_dags/example_external_task_marker_dag.py for tasks to queue
[2024-02-02T17:08:27.180+0000] {logging_mixin.py:188} INFO - [2024-02-02T17:08:27.180+0000] {dagbag.py:538} INFO - Filling up the DagBag from /home/airflow/.local/lib/python3.8/site-packages/airflow/example_dags/example_external_task_marker_dag.py
[2024-02-02T17:08:27.186+0000] {processor.py:840} INFO - DAG(s) 'example_external_task_marker_parent', 'example_external_task_marker_child' retrieved from /home/airflow/.local/lib/python3.8/site-packages/airflow/example_dags/example_external_task_marker_dag.py
[2024-02-02T17:08:27.206+0000] {logging_mixin.py:188} INFO - [2024-02-02T17:08:27.205+0000] {dag.py:3036} INFO - Sync 2 DAGs
[2024-02-02T17:08:27.217+0000] {logging_mixin.py:188} INFO - [2024-02-02T17:08:27.217+0000] {dag.py:3823} INFO - Setting next_dagrun for example_external_task_marker_child to None, run_after=None
[2024-02-02T17:08:27.232+0000] {logging_mixin.py:188} INFO - [2024-02-02T17:08:27.232+0000] {dag.py:3823} INFO - Setting next_dagrun for example_external_task_marker_parent to None, run_after=None
[2024-02-02T17:08:27.272+0000] {processor.py:183} INFO - Processing /home/airflow/.local/lib/python3.8/site-packages/airflow/example_dags/example_external_task_marker_dag.py took 0.102 seconds
