[2024-02-02T17:07:25.008+0000] {processor.py:161} INFO - Started process (PID=63) to work on /home/airflow/.local/lib/python3.8/site-packages/airflow/example_dags/example_local_kubernetes_executor.py
[2024-02-02T17:07:25.010+0000] {processor.py:830} INFO - Processing file /home/airflow/.local/lib/python3.8/site-packages/airflow/example_dags/example_local_kubernetes_executor.py for tasks to queue
[2024-02-02T17:07:25.015+0000] {logging_mixin.py:188} INFO - [2024-02-02T17:07:25.014+0000] {dagbag.py:538} INFO - Filling up the DagBag from /home/airflow/.local/lib/python3.8/site-packages/airflow/example_dags/example_local_kubernetes_executor.py
[2024-02-02T17:07:25.026+0000] {processor.py:840} INFO - DAG(s) 'example_local_kubernetes_executor' retrieved from /home/airflow/.local/lib/python3.8/site-packages/airflow/example_dags/example_local_kubernetes_executor.py
[2024-02-02T17:07:25.124+0000] {logging_mixin.py:188} INFO - [2024-02-02T17:07:25.123+0000] {override.py:1769} INFO - Created Permission View: can delete on DAG:example_local_kubernetes_executor
[2024-02-02T17:07:25.135+0000] {logging_mixin.py:188} INFO - [2024-02-02T17:07:25.135+0000] {override.py:1769} INFO - Created Permission View: can edit on DAG:example_local_kubernetes_executor
[2024-02-02T17:07:25.143+0000] {logging_mixin.py:188} INFO - [2024-02-02T17:07:25.143+0000] {override.py:1769} INFO - Created Permission View: can read on DAG:example_local_kubernetes_executor
[2024-02-02T17:07:25.146+0000] {logging_mixin.py:188} INFO - [2024-02-02T17:07:25.146+0000] {dag.py:3036} INFO - Sync 1 DAGs
[2024-02-02T17:07:25.158+0000] {logging_mixin.py:188} INFO - [2024-02-02T17:07:25.158+0000] {dag.py:3058} INFO - Creating ORM DAG for example_local_kubernetes_executor
[2024-02-02T17:07:25.161+0000] {logging_mixin.py:188} INFO - [2024-02-02T17:07:25.160+0000] {dag.py:3823} INFO - Setting next_dagrun for example_local_kubernetes_executor to None, run_after=None
[2024-02-02T17:07:25.186+0000] {processor.py:183} INFO - Processing /home/airflow/.local/lib/python3.8/site-packages/airflow/example_dags/example_local_kubernetes_executor.py took 0.181 seconds
[2024-02-02T17:07:55.942+0000] {processor.py:161} INFO - Started process (PID=119) to work on /home/airflow/.local/lib/python3.8/site-packages/airflow/example_dags/example_local_kubernetes_executor.py
[2024-02-02T17:07:55.944+0000] {processor.py:830} INFO - Processing file /home/airflow/.local/lib/python3.8/site-packages/airflow/example_dags/example_local_kubernetes_executor.py for tasks to queue
[2024-02-02T17:07:55.946+0000] {logging_mixin.py:188} INFO - [2024-02-02T17:07:55.946+0000] {dagbag.py:538} INFO - Filling up the DagBag from /home/airflow/.local/lib/python3.8/site-packages/airflow/example_dags/example_local_kubernetes_executor.py
[2024-02-02T17:07:55.954+0000] {processor.py:840} INFO - DAG(s) 'example_local_kubernetes_executor' retrieved from /home/airflow/.local/lib/python3.8/site-packages/airflow/example_dags/example_local_kubernetes_executor.py
[2024-02-02T17:07:55.981+0000] {logging_mixin.py:188} INFO - [2024-02-02T17:07:55.980+0000] {dag.py:3036} INFO - Sync 1 DAGs
[2024-02-02T17:07:55.989+0000] {logging_mixin.py:188} INFO - [2024-02-02T17:07:55.989+0000] {dag.py:3823} INFO - Setting next_dagrun for example_local_kubernetes_executor to None, run_after=None
[2024-02-02T17:07:56.000+0000] {processor.py:183} INFO - Processing /home/airflow/.local/lib/python3.8/site-packages/airflow/example_dags/example_local_kubernetes_executor.py took 0.061 seconds
[2024-02-02T17:08:26.601+0000] {processor.py:161} INFO - Started process (PID=174) to work on /home/airflow/.local/lib/python3.8/site-packages/airflow/example_dags/example_local_kubernetes_executor.py
[2024-02-02T17:08:26.605+0000] {processor.py:830} INFO - Processing file /home/airflow/.local/lib/python3.8/site-packages/airflow/example_dags/example_local_kubernetes_executor.py for tasks to queue
[2024-02-02T17:08:26.609+0000] {logging_mixin.py:188} INFO - [2024-02-02T17:08:26.608+0000] {dagbag.py:538} INFO - Filling up the DagBag from /home/airflow/.local/lib/python3.8/site-packages/airflow/example_dags/example_local_kubernetes_executor.py
[2024-02-02T17:08:26.674+0000] {processor.py:840} INFO - DAG(s) 'example_local_kubernetes_executor' retrieved from /home/airflow/.local/lib/python3.8/site-packages/airflow/example_dags/example_local_kubernetes_executor.py
[2024-02-02T17:08:26.834+0000] {logging_mixin.py:188} INFO - [2024-02-02T17:08:26.833+0000] {dag.py:3036} INFO - Sync 1 DAGs
[2024-02-02T17:08:26.850+0000] {logging_mixin.py:188} INFO - [2024-02-02T17:08:26.847+0000] {dag.py:3823} INFO - Setting next_dagrun for example_local_kubernetes_executor to None, run_after=None
[2024-02-02T17:08:26.873+0000] {processor.py:183} INFO - Processing /home/airflow/.local/lib/python3.8/site-packages/airflow/example_dags/example_local_kubernetes_executor.py took 0.277 seconds
