[2024-02-02T17:07:20.658+0000] {processor.py:161} INFO - Started process (PID=35) to work on /home/airflow/.local/lib/python3.8/site-packages/airflow/example_dags/example_xcomargs.py
[2024-02-02T17:07:20.668+0000] {processor.py:830} INFO - Processing file /home/airflow/.local/lib/python3.8/site-packages/airflow/example_dags/example_xcomargs.py for tasks to queue
[2024-02-02T17:07:20.675+0000] {logging_mixin.py:188} INFO - [2024-02-02T17:07:20.674+0000] {dagbag.py:538} INFO - Filling up the DagBag from /home/airflow/.local/lib/python3.8/site-packages/airflow/example_dags/example_xcomargs.py
[2024-02-02T17:07:20.692+0000] {processor.py:840} INFO - DAG(s) 'example_xcom_args_with_operators', 'example_xcom_args' retrieved from /home/airflow/.local/lib/python3.8/site-packages/airflow/example_dags/example_xcomargs.py
[2024-02-02T17:07:20.840+0000] {logging_mixin.py:188} INFO - [2024-02-02T17:07:20.840+0000] {override.py:1769} INFO - Created Permission View: can delete on DAG:example_xcom_args_with_operators
[2024-02-02T17:07:20.855+0000] {logging_mixin.py:188} INFO - [2024-02-02T17:07:20.855+0000] {override.py:1769} INFO - Created Permission View: can edit on DAG:example_xcom_args_with_operators
[2024-02-02T17:07:20.895+0000] {logging_mixin.py:188} INFO - [2024-02-02T17:07:20.895+0000] {override.py:1769} INFO - Created Permission View: can read on DAG:example_xcom_args_with_operators
[2024-02-02T17:07:20.926+0000] {logging_mixin.py:188} INFO - [2024-02-02T17:07:20.925+0000] {override.py:1769} INFO - Created Permission View: can delete on DAG:example_xcom_args
[2024-02-02T17:07:20.936+0000] {logging_mixin.py:188} INFO - [2024-02-02T17:07:20.936+0000] {override.py:1769} INFO - Created Permission View: can edit on DAG:example_xcom_args
[2024-02-02T17:07:20.946+0000] {logging_mixin.py:188} INFO - [2024-02-02T17:07:20.945+0000] {override.py:1769} INFO - Created Permission View: can read on DAG:example_xcom_args
[2024-02-02T17:07:20.948+0000] {logging_mixin.py:188} INFO - [2024-02-02T17:07:20.948+0000] {dag.py:3036} INFO - Sync 2 DAGs
[2024-02-02T17:07:20.967+0000] {logging_mixin.py:188} INFO - [2024-02-02T17:07:20.966+0000] {dag.py:3058} INFO - Creating ORM DAG for example_xcom_args
[2024-02-02T17:07:20.972+0000] {logging_mixin.py:188} INFO - [2024-02-02T17:07:20.972+0000] {dag.py:3058} INFO - Creating ORM DAG for example_xcom_args_with_operators
[2024-02-02T17:07:20.979+0000] {logging_mixin.py:188} INFO - [2024-02-02T17:07:20.978+0000] {dag.py:3823} INFO - Setting next_dagrun for example_xcom_args to None, run_after=None
[2024-02-02T17:07:20.981+0000] {logging_mixin.py:188} INFO - [2024-02-02T17:07:20.981+0000] {dag.py:3823} INFO - Setting next_dagrun for example_xcom_args_with_operators to None, run_after=None
[2024-02-02T17:07:21.007+0000] {processor.py:183} INFO - Processing /home/airflow/.local/lib/python3.8/site-packages/airflow/example_dags/example_xcomargs.py took 0.357 seconds
[2024-02-02T17:07:51.294+0000] {processor.py:161} INFO - Started process (PID=91) to work on /home/airflow/.local/lib/python3.8/site-packages/airflow/example_dags/example_xcomargs.py
[2024-02-02T17:07:51.296+0000] {processor.py:830} INFO - Processing file /home/airflow/.local/lib/python3.8/site-packages/airflow/example_dags/example_xcomargs.py for tasks to queue
[2024-02-02T17:07:51.298+0000] {logging_mixin.py:188} INFO - [2024-02-02T17:07:51.298+0000] {dagbag.py:538} INFO - Filling up the DagBag from /home/airflow/.local/lib/python3.8/site-packages/airflow/example_dags/example_xcomargs.py
[2024-02-02T17:07:51.304+0000] {processor.py:840} INFO - DAG(s) 'example_xcom_args', 'example_xcom_args_with_operators' retrieved from /home/airflow/.local/lib/python3.8/site-packages/airflow/example_dags/example_xcomargs.py
[2024-02-02T17:07:51.321+0000] {logging_mixin.py:188} INFO - [2024-02-02T17:07:51.321+0000] {dag.py:3036} INFO - Sync 2 DAGs
[2024-02-02T17:07:51.333+0000] {logging_mixin.py:188} INFO - [2024-02-02T17:07:51.333+0000] {dag.py:3823} INFO - Setting next_dagrun for example_xcom_args to None, run_after=None
[2024-02-02T17:07:51.337+0000] {logging_mixin.py:188} INFO - [2024-02-02T17:07:51.337+0000] {dag.py:3823} INFO - Setting next_dagrun for example_xcom_args_with_operators to None, run_after=None
[2024-02-02T17:07:51.352+0000] {processor.py:183} INFO - Processing /home/airflow/.local/lib/python3.8/site-packages/airflow/example_dags/example_xcomargs.py took 0.061 seconds
[2024-02-02T17:08:22.182+0000] {processor.py:161} INFO - Started process (PID=146) to work on /home/airflow/.local/lib/python3.8/site-packages/airflow/example_dags/example_xcomargs.py
[2024-02-02T17:08:22.184+0000] {processor.py:830} INFO - Processing file /home/airflow/.local/lib/python3.8/site-packages/airflow/example_dags/example_xcomargs.py for tasks to queue
[2024-02-02T17:08:22.187+0000] {logging_mixin.py:188} INFO - [2024-02-02T17:08:22.186+0000] {dagbag.py:538} INFO - Filling up the DagBag from /home/airflow/.local/lib/python3.8/site-packages/airflow/example_dags/example_xcomargs.py
[2024-02-02T17:08:22.193+0000] {processor.py:840} INFO - DAG(s) 'example_xcom_args', 'example_xcom_args_with_operators' retrieved from /home/airflow/.local/lib/python3.8/site-packages/airflow/example_dags/example_xcomargs.py
[2024-02-02T17:08:22.216+0000] {logging_mixin.py:188} INFO - [2024-02-02T17:08:22.216+0000] {dag.py:3036} INFO - Sync 2 DAGs
[2024-02-02T17:08:22.231+0000] {logging_mixin.py:188} INFO - [2024-02-02T17:08:22.231+0000] {dag.py:3823} INFO - Setting next_dagrun for example_xcom_args to None, run_after=None
[2024-02-02T17:08:22.238+0000] {logging_mixin.py:188} INFO - [2024-02-02T17:08:22.238+0000] {dag.py:3823} INFO - Setting next_dagrun for example_xcom_args_with_operators to None, run_after=None
[2024-02-02T17:08:22.255+0000] {processor.py:183} INFO - Processing /home/airflow/.local/lib/python3.8/site-packages/airflow/example_dags/example_xcomargs.py took 0.076 seconds
