[2024-02-02T17:07:22.068+0000] {processor.py:161} INFO - Started process (PID=41) to work on /home/airflow/.local/lib/python3.8/site-packages/airflow/example_dags/example_sensor_decorator.py
[2024-02-02T17:07:22.070+0000] {processor.py:830} INFO - Processing file /home/airflow/.local/lib/python3.8/site-packages/airflow/example_dags/example_sensor_decorator.py for tasks to queue
[2024-02-02T17:07:22.072+0000] {logging_mixin.py:188} INFO - [2024-02-02T17:07:22.072+0000] {dagbag.py:538} INFO - Filling up the DagBag from /home/airflow/.local/lib/python3.8/site-packages/airflow/example_dags/example_sensor_decorator.py
[2024-02-02T17:07:22.083+0000] {processor.py:840} INFO - DAG(s) 'example_sensor_decorator' retrieved from /home/airflow/.local/lib/python3.8/site-packages/airflow/example_dags/example_sensor_decorator.py
[2024-02-02T17:07:22.151+0000] {logging_mixin.py:188} INFO - [2024-02-02T17:07:22.151+0000] {override.py:1769} INFO - Created Permission View: can delete on DAG:example_sensor_decorator
[2024-02-02T17:07:22.159+0000] {logging_mixin.py:188} INFO - [2024-02-02T17:07:22.158+0000] {override.py:1769} INFO - Created Permission View: can edit on DAG:example_sensor_decorator
[2024-02-02T17:07:22.164+0000] {logging_mixin.py:188} INFO - [2024-02-02T17:07:22.164+0000] {override.py:1769} INFO - Created Permission View: can read on DAG:example_sensor_decorator
[2024-02-02T17:07:22.166+0000] {logging_mixin.py:188} INFO - [2024-02-02T17:07:22.166+0000] {dag.py:3036} INFO - Sync 1 DAGs
[2024-02-02T17:07:22.173+0000] {logging_mixin.py:188} INFO - [2024-02-02T17:07:22.173+0000] {dag.py:3058} INFO - Creating ORM DAG for example_sensor_decorator
[2024-02-02T17:07:22.175+0000] {logging_mixin.py:188} INFO - [2024-02-02T17:07:22.175+0000] {dag.py:3823} INFO - Setting next_dagrun for example_sensor_decorator to None, run_after=None
[2024-02-02T17:07:22.187+0000] {processor.py:183} INFO - Processing /home/airflow/.local/lib/python3.8/site-packages/airflow/example_dags/example_sensor_decorator.py took 0.122 seconds
[2024-02-02T17:07:52.600+0000] {processor.py:161} INFO - Started process (PID=97) to work on /home/airflow/.local/lib/python3.8/site-packages/airflow/example_dags/example_sensor_decorator.py
[2024-02-02T17:07:52.603+0000] {processor.py:830} INFO - Processing file /home/airflow/.local/lib/python3.8/site-packages/airflow/example_dags/example_sensor_decorator.py for tasks to queue
[2024-02-02T17:07:52.605+0000] {logging_mixin.py:188} INFO - [2024-02-02T17:07:52.605+0000] {dagbag.py:538} INFO - Filling up the DagBag from /home/airflow/.local/lib/python3.8/site-packages/airflow/example_dags/example_sensor_decorator.py
[2024-02-02T17:07:52.610+0000] {processor.py:840} INFO - DAG(s) 'example_sensor_decorator' retrieved from /home/airflow/.local/lib/python3.8/site-packages/airflow/example_dags/example_sensor_decorator.py
[2024-02-02T17:07:52.627+0000] {logging_mixin.py:188} INFO - [2024-02-02T17:07:52.627+0000] {dag.py:3036} INFO - Sync 1 DAGs
[2024-02-02T17:07:52.639+0000] {logging_mixin.py:188} INFO - [2024-02-02T17:07:52.639+0000] {dag.py:3823} INFO - Setting next_dagrun for example_sensor_decorator to None, run_after=None
[2024-02-02T17:07:52.657+0000] {processor.py:183} INFO - Processing /home/airflow/.local/lib/python3.8/site-packages/airflow/example_dags/example_sensor_decorator.py took 0.060 seconds
[2024-02-02T17:08:23.482+0000] {processor.py:161} INFO - Started process (PID=152) to work on /home/airflow/.local/lib/python3.8/site-packages/airflow/example_dags/example_sensor_decorator.py
[2024-02-02T17:08:23.484+0000] {processor.py:830} INFO - Processing file /home/airflow/.local/lib/python3.8/site-packages/airflow/example_dags/example_sensor_decorator.py for tasks to queue
[2024-02-02T17:08:23.486+0000] {logging_mixin.py:188} INFO - [2024-02-02T17:08:23.486+0000] {dagbag.py:538} INFO - Filling up the DagBag from /home/airflow/.local/lib/python3.8/site-packages/airflow/example_dags/example_sensor_decorator.py
[2024-02-02T17:08:23.492+0000] {processor.py:840} INFO - DAG(s) 'example_sensor_decorator' retrieved from /home/airflow/.local/lib/python3.8/site-packages/airflow/example_dags/example_sensor_decorator.py
[2024-02-02T17:08:23.507+0000] {logging_mixin.py:188} INFO - [2024-02-02T17:08:23.507+0000] {dag.py:3036} INFO - Sync 1 DAGs
[2024-02-02T17:08:23.516+0000] {logging_mixin.py:188} INFO - [2024-02-02T17:08:23.516+0000] {dag.py:3823} INFO - Setting next_dagrun for example_sensor_decorator to None, run_after=None
[2024-02-02T17:08:23.530+0000] {processor.py:183} INFO - Processing /home/airflow/.local/lib/python3.8/site-packages/airflow/example_dags/example_sensor_decorator.py took 0.050 seconds
