[2024-02-02T17:07:24.807+0000] {processor.py:161} INFO - Started process (PID=62) to work on /home/airflow/.local/lib/python3.8/site-packages/airflow/example_dags/example_dynamic_task_mapping.py
[2024-02-02T17:07:24.809+0000] {processor.py:830} INFO - Processing file /home/airflow/.local/lib/python3.8/site-packages/airflow/example_dags/example_dynamic_task_mapping.py for tasks to queue
[2024-02-02T17:07:24.811+0000] {logging_mixin.py:188} INFO - [2024-02-02T17:07:24.810+0000] {dagbag.py:538} INFO - Filling up the DagBag from /home/airflow/.local/lib/python3.8/site-packages/airflow/example_dags/example_dynamic_task_mapping.py
[2024-02-02T17:07:24.818+0000] {processor.py:840} INFO - DAG(s) 'example_dynamic_task_mapping' retrieved from /home/airflow/.local/lib/python3.8/site-packages/airflow/example_dags/example_dynamic_task_mapping.py
[2024-02-02T17:07:24.908+0000] {logging_mixin.py:188} INFO - [2024-02-02T17:07:24.907+0000] {override.py:1769} INFO - Created Permission View: can delete on DAG:example_dynamic_task_mapping
[2024-02-02T17:07:24.917+0000] {logging_mixin.py:188} INFO - [2024-02-02T17:07:24.917+0000] {override.py:1769} INFO - Created Permission View: can edit on DAG:example_dynamic_task_mapping
[2024-02-02T17:07:24.925+0000] {logging_mixin.py:188} INFO - [2024-02-02T17:07:24.925+0000] {override.py:1769} INFO - Created Permission View: can read on DAG:example_dynamic_task_mapping
[2024-02-02T17:07:24.927+0000] {logging_mixin.py:188} INFO - [2024-02-02T17:07:24.927+0000] {dag.py:3036} INFO - Sync 1 DAGs
[2024-02-02T17:07:24.935+0000] {logging_mixin.py:188} INFO - [2024-02-02T17:07:24.935+0000] {dag.py:3058} INFO - Creating ORM DAG for example_dynamic_task_mapping
[2024-02-02T17:07:24.944+0000] {logging_mixin.py:188} INFO - [2024-02-02T17:07:24.944+0000] {dag.py:3823} INFO - Setting next_dagrun for example_dynamic_task_mapping to 2022-03-04 00:00:00+00:00, run_after=2022-03-05 00:00:00+00:00
[2024-02-02T17:07:24.958+0000] {processor.py:183} INFO - Processing /home/airflow/.local/lib/python3.8/site-packages/airflow/example_dags/example_dynamic_task_mapping.py took 0.154 seconds
[2024-02-02T17:07:55.856+0000] {processor.py:161} INFO - Started process (PID=118) to work on /home/airflow/.local/lib/python3.8/site-packages/airflow/example_dags/example_dynamic_task_mapping.py
[2024-02-02T17:07:55.858+0000] {processor.py:830} INFO - Processing file /home/airflow/.local/lib/python3.8/site-packages/airflow/example_dags/example_dynamic_task_mapping.py for tasks to queue
[2024-02-02T17:07:55.861+0000] {logging_mixin.py:188} INFO - [2024-02-02T17:07:55.861+0000] {dagbag.py:538} INFO - Filling up the DagBag from /home/airflow/.local/lib/python3.8/site-packages/airflow/example_dags/example_dynamic_task_mapping.py
[2024-02-02T17:07:55.870+0000] {processor.py:840} INFO - DAG(s) 'example_dynamic_task_mapping' retrieved from /home/airflow/.local/lib/python3.8/site-packages/airflow/example_dags/example_dynamic_task_mapping.py
[2024-02-02T17:07:55.888+0000] {logging_mixin.py:188} INFO - [2024-02-02T17:07:55.888+0000] {dag.py:3036} INFO - Sync 1 DAGs
[2024-02-02T17:07:55.903+0000] {logging_mixin.py:188} INFO - [2024-02-02T17:07:55.903+0000] {dag.py:3823} INFO - Setting next_dagrun for example_dynamic_task_mapping to 2022-03-04 00:00:00+00:00, run_after=2022-03-05 00:00:00+00:00
[2024-02-02T17:07:55.917+0000] {processor.py:183} INFO - Processing /home/airflow/.local/lib/python3.8/site-packages/airflow/example_dags/example_dynamic_task_mapping.py took 0.065 seconds
[2024-02-02T17:08:26.469+0000] {processor.py:161} INFO - Started process (PID=173) to work on /home/airflow/.local/lib/python3.8/site-packages/airflow/example_dags/example_dynamic_task_mapping.py
[2024-02-02T17:08:26.473+0000] {processor.py:830} INFO - Processing file /home/airflow/.local/lib/python3.8/site-packages/airflow/example_dags/example_dynamic_task_mapping.py for tasks to queue
[2024-02-02T17:08:26.478+0000] {logging_mixin.py:188} INFO - [2024-02-02T17:08:26.477+0000] {dagbag.py:538} INFO - Filling up the DagBag from /home/airflow/.local/lib/python3.8/site-packages/airflow/example_dags/example_dynamic_task_mapping.py
[2024-02-02T17:08:26.489+0000] {processor.py:840} INFO - DAG(s) 'example_dynamic_task_mapping' retrieved from /home/airflow/.local/lib/python3.8/site-packages/airflow/example_dags/example_dynamic_task_mapping.py
[2024-02-02T17:08:26.509+0000] {logging_mixin.py:188} INFO - [2024-02-02T17:08:26.509+0000] {dag.py:3036} INFO - Sync 1 DAGs
[2024-02-02T17:08:26.534+0000] {logging_mixin.py:188} INFO - [2024-02-02T17:08:26.534+0000] {dag.py:3823} INFO - Setting next_dagrun for example_dynamic_task_mapping to 2022-03-04 00:00:00+00:00, run_after=2022-03-05 00:00:00+00:00
[2024-02-02T17:08:26.555+0000] {processor.py:183} INFO - Processing /home/airflow/.local/lib/python3.8/site-packages/airflow/example_dags/example_dynamic_task_mapping.py took 0.090 seconds
