[2024-02-02T17:07:24.407+0000] {processor.py:161} INFO - Started process (PID=58) to work on /home/airflow/.local/lib/python3.8/site-packages/airflow/example_dags/example_short_circuit_decorator.py
[2024-02-02T17:07:24.409+0000] {processor.py:830} INFO - Processing file /home/airflow/.local/lib/python3.8/site-packages/airflow/example_dags/example_short_circuit_decorator.py for tasks to queue
[2024-02-02T17:07:24.414+0000] {logging_mixin.py:188} INFO - [2024-02-02T17:07:24.413+0000] {dagbag.py:538} INFO - Filling up the DagBag from /home/airflow/.local/lib/python3.8/site-packages/airflow/example_dags/example_short_circuit_decorator.py
[2024-02-02T17:07:24.428+0000] {processor.py:840} INFO - DAG(s) 'example_short_circuit_decorator' retrieved from /home/airflow/.local/lib/python3.8/site-packages/airflow/example_dags/example_short_circuit_decorator.py
[2024-02-02T17:07:24.503+0000] {logging_mixin.py:188} INFO - [2024-02-02T17:07:24.503+0000] {override.py:1769} INFO - Created Permission View: can delete on DAG:example_short_circuit_decorator
[2024-02-02T17:07:24.512+0000] {logging_mixin.py:188} INFO - [2024-02-02T17:07:24.511+0000] {override.py:1769} INFO - Created Permission View: can edit on DAG:example_short_circuit_decorator
[2024-02-02T17:07:24.518+0000] {logging_mixin.py:188} INFO - [2024-02-02T17:07:24.517+0000] {override.py:1769} INFO - Created Permission View: can read on DAG:example_short_circuit_decorator
[2024-02-02T17:07:24.520+0000] {logging_mixin.py:188} INFO - [2024-02-02T17:07:24.519+0000] {dag.py:3036} INFO - Sync 1 DAGs
[2024-02-02T17:07:24.529+0000] {logging_mixin.py:188} INFO - [2024-02-02T17:07:24.528+0000] {dag.py:3058} INFO - Creating ORM DAG for example_short_circuit_decorator
[2024-02-02T17:07:24.537+0000] {logging_mixin.py:188} INFO - [2024-02-02T17:07:24.537+0000] {dag.py:3823} INFO - Setting next_dagrun for example_short_circuit_decorator to 2024-02-01 00:00:00+00:00, run_after=2024-02-02 00:00:00+00:00
[2024-02-02T17:07:24.551+0000] {processor.py:183} INFO - Processing /home/airflow/.local/lib/python3.8/site-packages/airflow/example_dags/example_short_circuit_decorator.py took 0.148 seconds
[2024-02-02T17:07:54.717+0000] {processor.py:161} INFO - Started process (PID=115) to work on /home/airflow/.local/lib/python3.8/site-packages/airflow/example_dags/example_short_circuit_decorator.py
[2024-02-02T17:07:54.719+0000] {processor.py:830} INFO - Processing file /home/airflow/.local/lib/python3.8/site-packages/airflow/example_dags/example_short_circuit_decorator.py for tasks to queue
[2024-02-02T17:07:54.721+0000] {logging_mixin.py:188} INFO - [2024-02-02T17:07:54.721+0000] {dagbag.py:538} INFO - Filling up the DagBag from /home/airflow/.local/lib/python3.8/site-packages/airflow/example_dags/example_short_circuit_decorator.py
[2024-02-02T17:07:54.729+0000] {processor.py:840} INFO - DAG(s) 'example_short_circuit_decorator' retrieved from /home/airflow/.local/lib/python3.8/site-packages/airflow/example_dags/example_short_circuit_decorator.py
[2024-02-02T17:07:54.749+0000] {logging_mixin.py:188} INFO - [2024-02-02T17:07:54.748+0000] {dag.py:3036} INFO - Sync 1 DAGs
[2024-02-02T17:07:54.763+0000] {logging_mixin.py:188} INFO - [2024-02-02T17:07:54.763+0000] {dag.py:3823} INFO - Setting next_dagrun for example_short_circuit_decorator to 2024-02-01 00:00:00+00:00, run_after=2024-02-02 00:00:00+00:00
[2024-02-02T17:07:54.775+0000] {processor.py:183} INFO - Processing /home/airflow/.local/lib/python3.8/site-packages/airflow/example_dags/example_short_circuit_decorator.py took 0.060 seconds
[2024-02-02T17:08:25.251+0000] {processor.py:161} INFO - Started process (PID=169) to work on /home/airflow/.local/lib/python3.8/site-packages/airflow/example_dags/example_short_circuit_decorator.py
[2024-02-02T17:08:25.253+0000] {processor.py:830} INFO - Processing file /home/airflow/.local/lib/python3.8/site-packages/airflow/example_dags/example_short_circuit_decorator.py for tasks to queue
[2024-02-02T17:08:25.255+0000] {logging_mixin.py:188} INFO - [2024-02-02T17:08:25.255+0000] {dagbag.py:538} INFO - Filling up the DagBag from /home/airflow/.local/lib/python3.8/site-packages/airflow/example_dags/example_short_circuit_decorator.py
[2024-02-02T17:08:25.263+0000] {processor.py:840} INFO - DAG(s) 'example_short_circuit_decorator' retrieved from /home/airflow/.local/lib/python3.8/site-packages/airflow/example_dags/example_short_circuit_decorator.py
[2024-02-02T17:08:25.281+0000] {logging_mixin.py:188} INFO - [2024-02-02T17:08:25.281+0000] {dag.py:3036} INFO - Sync 1 DAGs
[2024-02-02T17:08:25.296+0000] {logging_mixin.py:188} INFO - [2024-02-02T17:08:25.296+0000] {dag.py:3823} INFO - Setting next_dagrun for example_short_circuit_decorator to 2024-02-01 00:00:00+00:00, run_after=2024-02-02 00:00:00+00:00
[2024-02-02T17:08:25.310+0000] {processor.py:183} INFO - Processing /home/airflow/.local/lib/python3.8/site-packages/airflow/example_dags/example_short_circuit_decorator.py took 0.061 seconds
