[2024-02-02T17:07:22.256+0000] {processor.py:161} INFO - Started process (PID=43) to work on /home/airflow/.local/lib/python3.8/site-packages/airflow/example_dags/example_branch_datetime_operator.py
[2024-02-02T17:07:22.258+0000] {processor.py:830} INFO - Processing file /home/airflow/.local/lib/python3.8/site-packages/airflow/example_dags/example_branch_datetime_operator.py for tasks to queue
[2024-02-02T17:07:22.261+0000] {logging_mixin.py:188} INFO - [2024-02-02T17:07:22.260+0000] {dagbag.py:538} INFO - Filling up the DagBag from /home/airflow/.local/lib/python3.8/site-packages/airflow/example_dags/example_branch_datetime_operator.py
[2024-02-02T17:07:22.273+0000] {processor.py:840} INFO - DAG(s) 'example_branch_datetime_operator_3', 'example_branch_datetime_operator_2', 'example_branch_datetime_operator' retrieved from /home/airflow/.local/lib/python3.8/site-packages/airflow/example_dags/example_branch_datetime_operator.py
[2024-02-02T17:07:22.349+0000] {logging_mixin.py:188} INFO - [2024-02-02T17:07:22.349+0000] {override.py:1769} INFO - Created Permission View: can delete on DAG:example_branch_datetime_operator_3
[2024-02-02T17:07:22.356+0000] {logging_mixin.py:188} INFO - [2024-02-02T17:07:22.356+0000] {override.py:1769} INFO - Created Permission View: can edit on DAG:example_branch_datetime_operator_3
[2024-02-02T17:07:22.362+0000] {logging_mixin.py:188} INFO - [2024-02-02T17:07:22.362+0000] {override.py:1769} INFO - Created Permission View: can read on DAG:example_branch_datetime_operator_3
[2024-02-02T17:07:22.371+0000] {logging_mixin.py:188} INFO - [2024-02-02T17:07:22.371+0000] {override.py:1769} INFO - Created Permission View: can delete on DAG:example_branch_datetime_operator_2
[2024-02-02T17:07:22.377+0000] {logging_mixin.py:188} INFO - [2024-02-02T17:07:22.376+0000] {override.py:1769} INFO - Created Permission View: can edit on DAG:example_branch_datetime_operator_2
[2024-02-02T17:07:22.382+0000] {logging_mixin.py:188} INFO - [2024-02-02T17:07:22.382+0000] {override.py:1769} INFO - Created Permission View: can read on DAG:example_branch_datetime_operator_2
[2024-02-02T17:07:22.392+0000] {logging_mixin.py:188} INFO - [2024-02-02T17:07:22.392+0000] {override.py:1769} INFO - Created Permission View: can delete on DAG:example_branch_datetime_operator
[2024-02-02T17:07:22.400+0000] {logging_mixin.py:188} INFO - [2024-02-02T17:07:22.399+0000] {override.py:1769} INFO - Created Permission View: can edit on DAG:example_branch_datetime_operator
[2024-02-02T17:07:22.406+0000] {logging_mixin.py:188} INFO - [2024-02-02T17:07:22.406+0000] {override.py:1769} INFO - Created Permission View: can read on DAG:example_branch_datetime_operator
[2024-02-02T17:07:22.408+0000] {logging_mixin.py:188} INFO - [2024-02-02T17:07:22.408+0000] {dag.py:3036} INFO - Sync 3 DAGs
[2024-02-02T17:07:22.421+0000] {logging_mixin.py:188} INFO - [2024-02-02T17:07:22.421+0000] {dag.py:3058} INFO - Creating ORM DAG for example_branch_datetime_operator_2
[2024-02-02T17:07:22.423+0000] {logging_mixin.py:188} INFO - [2024-02-02T17:07:22.423+0000] {dag.py:3058} INFO - Creating ORM DAG for example_branch_datetime_operator
[2024-02-02T17:07:22.425+0000] {logging_mixin.py:188} INFO - [2024-02-02T17:07:22.425+0000] {dag.py:3058} INFO - Creating ORM DAG for example_branch_datetime_operator_3
[2024-02-02T17:07:22.441+0000] {logging_mixin.py:188} INFO - [2024-02-02T17:07:22.441+0000] {dag.py:3823} INFO - Setting next_dagrun for example_branch_datetime_operator to 2024-02-01 00:00:00+00:00, run_after=2024-02-02 00:00:00+00:00
[2024-02-02T17:07:22.444+0000] {logging_mixin.py:188} INFO - [2024-02-02T17:07:22.444+0000] {dag.py:3823} INFO - Setting next_dagrun for example_branch_datetime_operator_2 to 2024-02-01 00:00:00+00:00, run_after=2024-02-02 00:00:00+00:00
[2024-02-02T17:07:22.450+0000] {logging_mixin.py:188} INFO - [2024-02-02T17:07:22.449+0000] {dag.py:3823} INFO - Setting next_dagrun for example_branch_datetime_operator_3 to 2024-02-01 00:00:00+00:00, run_after=2024-02-02 00:00:00+00:00
[2024-02-02T17:07:22.482+0000] {processor.py:183} INFO - Processing /home/airflow/.local/lib/python3.8/site-packages/airflow/example_dags/example_branch_datetime_operator.py took 0.228 seconds
[2024-02-02T17:07:52.683+0000] {processor.py:161} INFO - Started process (PID=99) to work on /home/airflow/.local/lib/python3.8/site-packages/airflow/example_dags/example_branch_datetime_operator.py
[2024-02-02T17:07:52.684+0000] {processor.py:830} INFO - Processing file /home/airflow/.local/lib/python3.8/site-packages/airflow/example_dags/example_branch_datetime_operator.py for tasks to queue
[2024-02-02T17:07:52.688+0000] {logging_mixin.py:188} INFO - [2024-02-02T17:07:52.688+0000] {dagbag.py:538} INFO - Filling up the DagBag from /home/airflow/.local/lib/python3.8/site-packages/airflow/example_dags/example_branch_datetime_operator.py
[2024-02-02T17:07:52.698+0000] {processor.py:840} INFO - DAG(s) 'example_branch_datetime_operator_3', 'example_branch_datetime_operator', 'example_branch_datetime_operator_2' retrieved from /home/airflow/.local/lib/python3.8/site-packages/airflow/example_dags/example_branch_datetime_operator.py
[2024-02-02T17:07:52.726+0000] {logging_mixin.py:188} INFO - [2024-02-02T17:07:52.726+0000] {dag.py:3036} INFO - Sync 3 DAGs
[2024-02-02T17:07:52.747+0000] {logging_mixin.py:188} INFO - [2024-02-02T17:07:52.746+0000] {dag.py:3823} INFO - Setting next_dagrun for example_branch_datetime_operator to 2024-02-01 00:00:00+00:00, run_after=2024-02-02 00:00:00+00:00
[2024-02-02T17:07:52.753+0000] {logging_mixin.py:188} INFO - [2024-02-02T17:07:52.753+0000] {dag.py:3823} INFO - Setting next_dagrun for example_branch_datetime_operator_2 to 2024-02-01 00:00:00+00:00, run_after=2024-02-02 00:00:00+00:00
[2024-02-02T17:07:52.756+0000] {logging_mixin.py:188} INFO - [2024-02-02T17:07:52.756+0000] {dag.py:3823} INFO - Setting next_dagrun for example_branch_datetime_operator_3 to 2024-02-01 00:00:00+00:00, run_after=2024-02-02 00:00:00+00:00
[2024-02-02T17:07:52.772+0000] {processor.py:183} INFO - Processing /home/airflow/.local/lib/python3.8/site-packages/airflow/example_dags/example_branch_datetime_operator.py took 0.092 seconds
[2024-02-02T17:08:23.555+0000] {processor.py:161} INFO - Started process (PID=154) to work on /home/airflow/.local/lib/python3.8/site-packages/airflow/example_dags/example_branch_datetime_operator.py
[2024-02-02T17:08:23.557+0000] {processor.py:830} INFO - Processing file /home/airflow/.local/lib/python3.8/site-packages/airflow/example_dags/example_branch_datetime_operator.py for tasks to queue
[2024-02-02T17:08:23.559+0000] {logging_mixin.py:188} INFO - [2024-02-02T17:08:23.559+0000] {dagbag.py:538} INFO - Filling up the DagBag from /home/airflow/.local/lib/python3.8/site-packages/airflow/example_dags/example_branch_datetime_operator.py
[2024-02-02T17:08:23.565+0000] {processor.py:840} INFO - DAG(s) 'example_branch_datetime_operator_2', 'example_branch_datetime_operator', 'example_branch_datetime_operator_3' retrieved from /home/airflow/.local/lib/python3.8/site-packages/airflow/example_dags/example_branch_datetime_operator.py
[2024-02-02T17:08:23.584+0000] {logging_mixin.py:188} INFO - [2024-02-02T17:08:23.584+0000] {dag.py:3036} INFO - Sync 3 DAGs
[2024-02-02T17:08:23.598+0000] {logging_mixin.py:188} INFO - [2024-02-02T17:08:23.598+0000] {dag.py:3823} INFO - Setting next_dagrun for example_branch_datetime_operator to 2024-02-01 00:00:00+00:00, run_after=2024-02-02 00:00:00+00:00
[2024-02-02T17:08:23.603+0000] {logging_mixin.py:188} INFO - [2024-02-02T17:08:23.602+0000] {dag.py:3823} INFO - Setting next_dagrun for example_branch_datetime_operator_2 to 2024-02-01 00:00:00+00:00, run_after=2024-02-02 00:00:00+00:00
[2024-02-02T17:08:23.605+0000] {logging_mixin.py:188} INFO - [2024-02-02T17:08:23.605+0000] {dag.py:3823} INFO - Setting next_dagrun for example_branch_datetime_operator_3 to 2024-02-01 00:00:00+00:00, run_after=2024-02-02 00:00:00+00:00
[2024-02-02T17:08:23.614+0000] {processor.py:183} INFO - Processing /home/airflow/.local/lib/python3.8/site-packages/airflow/example_dags/example_branch_datetime_operator.py took 0.062 seconds
