[2024-02-02T17:07:21.068+0000] {processor.py:161} INFO - Started process (PID=37) to work on /home/airflow/.local/lib/python3.8/site-packages/airflow/example_dags/example_datasets.py
[2024-02-02T17:07:21.072+0000] {processor.py:830} INFO - Processing file /home/airflow/.local/lib/python3.8/site-packages/airflow/example_dags/example_datasets.py for tasks to queue
[2024-02-02T17:07:21.075+0000] {logging_mixin.py:188} INFO - [2024-02-02T17:07:21.075+0000] {dagbag.py:538} INFO - Filling up the DagBag from /home/airflow/.local/lib/python3.8/site-packages/airflow/example_dags/example_datasets.py
[2024-02-02T17:07:21.091+0000] {processor.py:840} INFO - DAG(s) 'dataset_consumes_unknown_never_scheduled', 'dataset_produces_1', 'dataset_consumes_1_never_scheduled', 'dataset_consumes_1', 'dataset_consumes_1_and_2', 'dataset_produces_2' retrieved from /home/airflow/.local/lib/python3.8/site-packages/airflow/example_dags/example_datasets.py
[2024-02-02T17:07:21.245+0000] {logging_mixin.py:188} INFO - [2024-02-02T17:07:21.245+0000] {override.py:1769} INFO - Created Permission View: can delete on DAG:dataset_consumes_unknown_never_scheduled
[2024-02-02T17:07:21.278+0000] {logging_mixin.py:188} INFO - [2024-02-02T17:07:21.278+0000] {override.py:1769} INFO - Created Permission View: can edit on DAG:dataset_consumes_unknown_never_scheduled
[2024-02-02T17:07:21.288+0000] {logging_mixin.py:188} INFO - [2024-02-02T17:07:21.288+0000] {override.py:1769} INFO - Created Permission View: can read on DAG:dataset_consumes_unknown_never_scheduled
[2024-02-02T17:07:21.301+0000] {logging_mixin.py:188} INFO - [2024-02-02T17:07:21.301+0000] {override.py:1769} INFO - Created Permission View: can delete on DAG:dataset_produces_1
[2024-02-02T17:07:21.311+0000] {logging_mixin.py:188} INFO - [2024-02-02T17:07:21.310+0000] {override.py:1769} INFO - Created Permission View: can edit on DAG:dataset_produces_1
[2024-02-02T17:07:21.320+0000] {logging_mixin.py:188} INFO - [2024-02-02T17:07:21.319+0000] {override.py:1769} INFO - Created Permission View: can read on DAG:dataset_produces_1
[2024-02-02T17:07:21.346+0000] {logging_mixin.py:188} INFO - [2024-02-02T17:07:21.346+0000] {override.py:1769} INFO - Created Permission View: can delete on DAG:dataset_consumes_1_never_scheduled
[2024-02-02T17:07:21.368+0000] {logging_mixin.py:188} INFO - [2024-02-02T17:07:21.368+0000] {override.py:1769} INFO - Created Permission View: can edit on DAG:dataset_consumes_1_never_scheduled
[2024-02-02T17:07:21.377+0000] {logging_mixin.py:188} INFO - [2024-02-02T17:07:21.377+0000] {override.py:1769} INFO - Created Permission View: can read on DAG:dataset_consumes_1_never_scheduled
[2024-02-02T17:07:21.391+0000] {logging_mixin.py:188} INFO - [2024-02-02T17:07:21.391+0000] {override.py:1769} INFO - Created Permission View: can delete on DAG:dataset_consumes_1
[2024-02-02T17:07:21.398+0000] {logging_mixin.py:188} INFO - [2024-02-02T17:07:21.397+0000] {override.py:1769} INFO - Created Permission View: can edit on DAG:dataset_consumes_1
[2024-02-02T17:07:21.459+0000] {logging_mixin.py:188} INFO - [2024-02-02T17:07:21.458+0000] {override.py:1769} INFO - Created Permission View: can read on DAG:dataset_consumes_1
[2024-02-02T17:07:21.520+0000] {logging_mixin.py:188} INFO - [2024-02-02T17:07:21.519+0000] {override.py:1769} INFO - Created Permission View: can delete on DAG:dataset_consumes_1_and_2
[2024-02-02T17:07:21.528+0000] {logging_mixin.py:188} INFO - [2024-02-02T17:07:21.528+0000] {override.py:1769} INFO - Created Permission View: can edit on DAG:dataset_consumes_1_and_2
[2024-02-02T17:07:21.541+0000] {logging_mixin.py:188} INFO - [2024-02-02T17:07:21.540+0000] {override.py:1769} INFO - Created Permission View: can read on DAG:dataset_consumes_1_and_2
[2024-02-02T17:07:21.559+0000] {logging_mixin.py:188} INFO - [2024-02-02T17:07:21.558+0000] {override.py:1769} INFO - Created Permission View: can delete on DAG:dataset_produces_2
[2024-02-02T17:07:21.567+0000] {logging_mixin.py:188} INFO - [2024-02-02T17:07:21.566+0000] {override.py:1769} INFO - Created Permission View: can edit on DAG:dataset_produces_2
[2024-02-02T17:07:21.577+0000] {logging_mixin.py:188} INFO - [2024-02-02T17:07:21.577+0000] {override.py:1769} INFO - Created Permission View: can read on DAG:dataset_produces_2
[2024-02-02T17:07:21.579+0000] {logging_mixin.py:188} INFO - [2024-02-02T17:07:21.579+0000] {dag.py:3036} INFO - Sync 6 DAGs
[2024-02-02T17:07:21.598+0000] {logging_mixin.py:188} INFO - [2024-02-02T17:07:21.598+0000] {dag.py:3058} INFO - Creating ORM DAG for dataset_consumes_1_never_scheduled
[2024-02-02T17:07:21.600+0000] {logging_mixin.py:188} INFO - [2024-02-02T17:07:21.600+0000] {dag.py:3058} INFO - Creating ORM DAG for dataset_produces_2
[2024-02-02T17:07:21.603+0000] {logging_mixin.py:188} INFO - [2024-02-02T17:07:21.602+0000] {dag.py:3058} INFO - Creating ORM DAG for dataset_consumes_unknown_never_scheduled
[2024-02-02T17:07:21.605+0000] {logging_mixin.py:188} INFO - [2024-02-02T17:07:21.605+0000] {dag.py:3058} INFO - Creating ORM DAG for dataset_consumes_1_and_2
[2024-02-02T17:07:21.608+0000] {logging_mixin.py:188} INFO - [2024-02-02T17:07:21.607+0000] {dag.py:3058} INFO - Creating ORM DAG for dataset_consumes_1
[2024-02-02T17:07:21.610+0000] {logging_mixin.py:188} INFO - [2024-02-02T17:07:21.610+0000] {dag.py:3058} INFO - Creating ORM DAG for dataset_produces_1
[2024-02-02T17:07:21.618+0000] {logging_mixin.py:188} INFO - [2024-02-02T17:07:21.618+0000] {dag.py:3823} INFO - Setting next_dagrun for dataset_consumes_1 to None, run_after=None
[2024-02-02T17:07:21.620+0000] {logging_mixin.py:188} INFO - [2024-02-02T17:07:21.620+0000] {dag.py:3823} INFO - Setting next_dagrun for dataset_consumes_1_and_2 to None, run_after=None
[2024-02-02T17:07:21.623+0000] {logging_mixin.py:188} INFO - [2024-02-02T17:07:21.623+0000] {dag.py:3823} INFO - Setting next_dagrun for dataset_consumes_1_never_scheduled to None, run_after=None
[2024-02-02T17:07:21.625+0000] {logging_mixin.py:188} INFO - [2024-02-02T17:07:21.625+0000] {dag.py:3823} INFO - Setting next_dagrun for dataset_consumes_unknown_never_scheduled to None, run_after=None
[2024-02-02T17:07:21.636+0000] {logging_mixin.py:188} INFO - [2024-02-02T17:07:21.636+0000] {dag.py:3823} INFO - Setting next_dagrun for dataset_produces_1 to 2024-02-01 00:00:00+00:00, run_after=2024-02-02 00:00:00+00:00
[2024-02-02T17:07:21.643+0000] {logging_mixin.py:188} INFO - [2024-02-02T17:07:21.643+0000] {dag.py:3823} INFO - Setting next_dagrun for dataset_produces_2 to None, run_after=None
[2024-02-02T17:07:21.721+0000] {processor.py:183} INFO - Processing /home/airflow/.local/lib/python3.8/site-packages/airflow/example_dags/example_datasets.py took 0.657 seconds
[2024-02-02T17:07:52.389+0000] {processor.py:161} INFO - Started process (PID=93) to work on /home/airflow/.local/lib/python3.8/site-packages/airflow/example_dags/example_datasets.py
[2024-02-02T17:07:52.391+0000] {processor.py:830} INFO - Processing file /home/airflow/.local/lib/python3.8/site-packages/airflow/example_dags/example_datasets.py for tasks to queue
[2024-02-02T17:07:52.394+0000] {logging_mixin.py:188} INFO - [2024-02-02T17:07:52.393+0000] {dagbag.py:538} INFO - Filling up the DagBag from /home/airflow/.local/lib/python3.8/site-packages/airflow/example_dags/example_datasets.py
[2024-02-02T17:07:52.403+0000] {processor.py:840} INFO - DAG(s) 'dataset_consumes_1_and_2', 'dataset_produces_2', 'dataset_consumes_unknown_never_scheduled', 'dataset_produces_1', 'dataset_consumes_1_never_scheduled', 'dataset_consumes_1' retrieved from /home/airflow/.local/lib/python3.8/site-packages/airflow/example_dags/example_datasets.py
[2024-02-02T17:07:52.445+0000] {logging_mixin.py:188} INFO - [2024-02-02T17:07:52.445+0000] {dag.py:3036} INFO - Sync 6 DAGs
[2024-02-02T17:07:52.463+0000] {logging_mixin.py:188} INFO - [2024-02-02T17:07:52.463+0000] {dag.py:3823} INFO - Setting next_dagrun for dataset_consumes_1 to None, run_after=None
[2024-02-02T17:07:52.471+0000] {logging_mixin.py:188} INFO - [2024-02-02T17:07:52.471+0000] {dag.py:3823} INFO - Setting next_dagrun for dataset_consumes_1_and_2 to None, run_after=None
[2024-02-02T17:07:52.474+0000] {logging_mixin.py:188} INFO - [2024-02-02T17:07:52.474+0000] {dag.py:3823} INFO - Setting next_dagrun for dataset_consumes_1_never_scheduled to None, run_after=None
[2024-02-02T17:07:52.480+0000] {logging_mixin.py:188} INFO - [2024-02-02T17:07:52.480+0000] {dag.py:3823} INFO - Setting next_dagrun for dataset_consumes_unknown_never_scheduled to None, run_after=None
[2024-02-02T17:07:52.484+0000] {logging_mixin.py:188} INFO - [2024-02-02T17:07:52.483+0000] {dag.py:3823} INFO - Setting next_dagrun for dataset_produces_1 to 2024-02-01 00:00:00+00:00, run_after=2024-02-02 00:00:00+00:00
[2024-02-02T17:07:52.487+0000] {logging_mixin.py:188} INFO - [2024-02-02T17:07:52.486+0000] {dag.py:3823} INFO - Setting next_dagrun for dataset_produces_2 to None, run_after=None
[2024-02-02T17:07:52.510+0000] {processor.py:183} INFO - Processing /home/airflow/.local/lib/python3.8/site-packages/airflow/example_dags/example_datasets.py took 0.125 seconds
[2024-02-02T17:08:23.323+0000] {processor.py:161} INFO - Started process (PID=148) to work on /home/airflow/.local/lib/python3.8/site-packages/airflow/example_dags/example_datasets.py
[2024-02-02T17:08:23.327+0000] {processor.py:830} INFO - Processing file /home/airflow/.local/lib/python3.8/site-packages/airflow/example_dags/example_datasets.py for tasks to queue
[2024-02-02T17:08:23.332+0000] {logging_mixin.py:188} INFO - [2024-02-02T17:08:23.332+0000] {dagbag.py:538} INFO - Filling up the DagBag from /home/airflow/.local/lib/python3.8/site-packages/airflow/example_dags/example_datasets.py
[2024-02-02T17:08:23.343+0000] {processor.py:840} INFO - DAG(s) 'dataset_consumes_unknown_never_scheduled', 'dataset_produces_1', 'dataset_consumes_1', 'dataset_consumes_1_and_2', 'dataset_produces_2', 'dataset_consumes_1_never_scheduled' retrieved from /home/airflow/.local/lib/python3.8/site-packages/airflow/example_dags/example_datasets.py
[2024-02-02T17:08:23.372+0000] {logging_mixin.py:188} INFO - [2024-02-02T17:08:23.372+0000] {dag.py:3036} INFO - Sync 6 DAGs
[2024-02-02T17:08:23.386+0000] {logging_mixin.py:188} INFO - [2024-02-02T17:08:23.386+0000] {dag.py:3823} INFO - Setting next_dagrun for dataset_consumes_1 to None, run_after=None
[2024-02-02T17:08:23.391+0000] {logging_mixin.py:188} INFO - [2024-02-02T17:08:23.391+0000] {dag.py:3823} INFO - Setting next_dagrun for dataset_consumes_1_and_2 to None, run_after=None
[2024-02-02T17:08:23.393+0000] {logging_mixin.py:188} INFO - [2024-02-02T17:08:23.393+0000] {dag.py:3823} INFO - Setting next_dagrun for dataset_consumes_1_never_scheduled to None, run_after=None
[2024-02-02T17:08:23.395+0000] {logging_mixin.py:188} INFO - [2024-02-02T17:08:23.395+0000] {dag.py:3823} INFO - Setting next_dagrun for dataset_consumes_unknown_never_scheduled to None, run_after=None
[2024-02-02T17:08:23.398+0000] {logging_mixin.py:188} INFO - [2024-02-02T17:08:23.398+0000] {dag.py:3823} INFO - Setting next_dagrun for dataset_produces_1 to 2024-02-01 00:00:00+00:00, run_after=2024-02-02 00:00:00+00:00
[2024-02-02T17:08:23.400+0000] {logging_mixin.py:188} INFO - [2024-02-02T17:08:23.400+0000] {dag.py:3823} INFO - Setting next_dagrun for dataset_produces_2 to None, run_after=None
[2024-02-02T17:08:23.423+0000] {processor.py:183} INFO - Processing /home/airflow/.local/lib/python3.8/site-packages/airflow/example_dags/example_datasets.py took 0.106 seconds
