[2024-02-02T17:07:22.306+0000] {processor.py:161} INFO - Started process (PID=44) to work on /home/airflow/.local/lib/python3.8/site-packages/airflow/example_dags/example_branch_operator.py
[2024-02-02T17:07:22.308+0000] {processor.py:830} INFO - Processing file /home/airflow/.local/lib/python3.8/site-packages/airflow/example_dags/example_branch_operator.py for tasks to queue
[2024-02-02T17:07:22.310+0000] {logging_mixin.py:188} INFO - [2024-02-02T17:07:22.310+0000] {dagbag.py:538} INFO - Filling up the DagBag from /home/airflow/.local/lib/python3.8/site-packages/airflow/example_dags/example_branch_operator.py
[2024-02-02T17:07:22.324+0000] {processor.py:840} INFO - DAG(s) 'example_branch_operator' retrieved from /home/airflow/.local/lib/python3.8/site-packages/airflow/example_dags/example_branch_operator.py
[2024-02-02T17:07:22.397+0000] {logging_mixin.py:188} INFO - [2024-02-02T17:07:22.396+0000] {override.py:1769} INFO - Created Permission View: can delete on DAG:example_branch_operator
[2024-02-02T17:07:22.408+0000] {logging_mixin.py:188} INFO - [2024-02-02T17:07:22.408+0000] {override.py:1769} INFO - Created Permission View: can edit on DAG:example_branch_operator
[2024-02-02T17:07:22.415+0000] {logging_mixin.py:188} INFO - [2024-02-02T17:07:22.414+0000] {override.py:1769} INFO - Created Permission View: can read on DAG:example_branch_operator
[2024-02-02T17:07:22.417+0000] {logging_mixin.py:188} INFO - [2024-02-02T17:07:22.417+0000] {dag.py:3036} INFO - Sync 1 DAGs
[2024-02-02T17:07:22.431+0000] {logging_mixin.py:188} INFO - [2024-02-02T17:07:22.431+0000] {dag.py:3058} INFO - Creating ORM DAG for example_branch_operator
[2024-02-02T17:07:22.445+0000] {logging_mixin.py:188} INFO - [2024-02-02T17:07:22.445+0000] {dag.py:3823} INFO - Setting next_dagrun for example_branch_operator to 2024-02-01 00:00:00+00:00, run_after=2024-02-02 00:00:00+00:00
[2024-02-02T17:07:22.477+0000] {processor.py:183} INFO - Processing /home/airflow/.local/lib/python3.8/site-packages/airflow/example_dags/example_branch_operator.py took 0.174 seconds
[2024-02-02T17:07:52.754+0000] {processor.py:161} INFO - Started process (PID=100) to work on /home/airflow/.local/lib/python3.8/site-packages/airflow/example_dags/example_branch_operator.py
[2024-02-02T17:07:52.756+0000] {processor.py:830} INFO - Processing file /home/airflow/.local/lib/python3.8/site-packages/airflow/example_dags/example_branch_operator.py for tasks to queue
[2024-02-02T17:07:52.759+0000] {logging_mixin.py:188} INFO - [2024-02-02T17:07:52.759+0000] {dagbag.py:538} INFO - Filling up the DagBag from /home/airflow/.local/lib/python3.8/site-packages/airflow/example_dags/example_branch_operator.py
[2024-02-02T17:07:52.776+0000] {processor.py:840} INFO - DAG(s) 'example_branch_operator' retrieved from /home/airflow/.local/lib/python3.8/site-packages/airflow/example_dags/example_branch_operator.py
[2024-02-02T17:07:52.805+0000] {logging_mixin.py:188} INFO - [2024-02-02T17:07:52.805+0000] {dag.py:3036} INFO - Sync 1 DAGs
[2024-02-02T17:07:52.821+0000] {logging_mixin.py:188} INFO - [2024-02-02T17:07:52.821+0000] {dag.py:3823} INFO - Setting next_dagrun for example_branch_operator to 2024-02-01 00:00:00+00:00, run_after=2024-02-02 00:00:00+00:00
[2024-02-02T17:07:52.835+0000] {processor.py:183} INFO - Processing /home/airflow/.local/lib/python3.8/site-packages/airflow/example_dags/example_branch_operator.py took 0.086 seconds
[2024-02-02T17:08:23.599+0000] {processor.py:161} INFO - Started process (PID=155) to work on /home/airflow/.local/lib/python3.8/site-packages/airflow/example_dags/example_branch_operator.py
[2024-02-02T17:08:23.600+0000] {processor.py:830} INFO - Processing file /home/airflow/.local/lib/python3.8/site-packages/airflow/example_dags/example_branch_operator.py for tasks to queue
[2024-02-02T17:08:23.602+0000] {logging_mixin.py:188} INFO - [2024-02-02T17:08:23.602+0000] {dagbag.py:538} INFO - Filling up the DagBag from /home/airflow/.local/lib/python3.8/site-packages/airflow/example_dags/example_branch_operator.py
[2024-02-02T17:08:23.613+0000] {processor.py:840} INFO - DAG(s) 'example_branch_operator' retrieved from /home/airflow/.local/lib/python3.8/site-packages/airflow/example_dags/example_branch_operator.py
[2024-02-02T17:08:23.632+0000] {logging_mixin.py:188} INFO - [2024-02-02T17:08:23.632+0000] {dag.py:3036} INFO - Sync 1 DAGs
[2024-02-02T17:08:23.645+0000] {logging_mixin.py:188} INFO - [2024-02-02T17:08:23.645+0000] {dag.py:3823} INFO - Setting next_dagrun for example_branch_operator to 2024-02-01 00:00:00+00:00, run_after=2024-02-02 00:00:00+00:00
[2024-02-02T17:08:23.657+0000] {processor.py:183} INFO - Processing /home/airflow/.local/lib/python3.8/site-packages/airflow/example_dags/example_branch_operator.py took 0.060 seconds
