[2024-02-02T17:07:23.915+0000] {processor.py:161} INFO - Started process (PID=54) to work on /home/airflow/.local/lib/python3.8/site-packages/airflow/example_dags/example_trigger_target_dag.py
[2024-02-02T17:07:23.917+0000] {processor.py:830} INFO - Processing file /home/airflow/.local/lib/python3.8/site-packages/airflow/example_dags/example_trigger_target_dag.py for tasks to queue
[2024-02-02T17:07:23.919+0000] {logging_mixin.py:188} INFO - [2024-02-02T17:07:23.918+0000] {dagbag.py:538} INFO - Filling up the DagBag from /home/airflow/.local/lib/python3.8/site-packages/airflow/example_dags/example_trigger_target_dag.py
[2024-02-02T17:07:23.930+0000] {processor.py:840} INFO - DAG(s) 'example_trigger_target_dag' retrieved from /home/airflow/.local/lib/python3.8/site-packages/airflow/example_dags/example_trigger_target_dag.py
[2024-02-02T17:07:24.000+0000] {logging_mixin.py:188} INFO - [2024-02-02T17:07:23.999+0000] {override.py:1769} INFO - Created Permission View: can delete on DAG:example_trigger_target_dag
[2024-02-02T17:07:24.009+0000] {logging_mixin.py:188} INFO - [2024-02-02T17:07:24.009+0000] {override.py:1769} INFO - Created Permission View: can edit on DAG:example_trigger_target_dag
[2024-02-02T17:07:24.014+0000] {logging_mixin.py:188} INFO - [2024-02-02T17:07:24.014+0000] {override.py:1769} INFO - Created Permission View: can read on DAG:example_trigger_target_dag
[2024-02-02T17:07:24.017+0000] {logging_mixin.py:188} INFO - [2024-02-02T17:07:24.017+0000] {dag.py:3036} INFO - Sync 1 DAGs
[2024-02-02T17:07:24.025+0000] {logging_mixin.py:188} INFO - [2024-02-02T17:07:24.025+0000] {dag.py:3058} INFO - Creating ORM DAG for example_trigger_target_dag
[2024-02-02T17:07:24.026+0000] {logging_mixin.py:188} INFO - [2024-02-02T17:07:24.026+0000] {dag.py:3823} INFO - Setting next_dagrun for example_trigger_target_dag to None, run_after=None
[2024-02-02T17:07:24.039+0000] {processor.py:183} INFO - Processing /home/airflow/.local/lib/python3.8/site-packages/airflow/example_dags/example_trigger_target_dag.py took 0.127 seconds
[2024-02-02T17:07:54.342+0000] {processor.py:161} INFO - Started process (PID=110) to work on /home/airflow/.local/lib/python3.8/site-packages/airflow/example_dags/example_trigger_target_dag.py
[2024-02-02T17:07:54.344+0000] {processor.py:830} INFO - Processing file /home/airflow/.local/lib/python3.8/site-packages/airflow/example_dags/example_trigger_target_dag.py for tasks to queue
[2024-02-02T17:07:54.347+0000] {logging_mixin.py:188} INFO - [2024-02-02T17:07:54.346+0000] {dagbag.py:538} INFO - Filling up the DagBag from /home/airflow/.local/lib/python3.8/site-packages/airflow/example_dags/example_trigger_target_dag.py
[2024-02-02T17:07:54.352+0000] {processor.py:840} INFO - DAG(s) 'example_trigger_target_dag' retrieved from /home/airflow/.local/lib/python3.8/site-packages/airflow/example_dags/example_trigger_target_dag.py
[2024-02-02T17:07:54.371+0000] {logging_mixin.py:188} INFO - [2024-02-02T17:07:54.371+0000] {dag.py:3036} INFO - Sync 1 DAGs
[2024-02-02T17:07:54.380+0000] {logging_mixin.py:188} INFO - [2024-02-02T17:07:54.380+0000] {dag.py:3823} INFO - Setting next_dagrun for example_trigger_target_dag to None, run_after=None
[2024-02-02T17:07:54.400+0000] {processor.py:183} INFO - Processing /home/airflow/.local/lib/python3.8/site-packages/airflow/example_dags/example_trigger_target_dag.py took 0.061 seconds
[2024-02-02T17:08:25.076+0000] {processor.py:161} INFO - Started process (PID=165) to work on /home/airflow/.local/lib/python3.8/site-packages/airflow/example_dags/example_trigger_target_dag.py
[2024-02-02T17:08:25.078+0000] {processor.py:830} INFO - Processing file /home/airflow/.local/lib/python3.8/site-packages/airflow/example_dags/example_trigger_target_dag.py for tasks to queue
[2024-02-02T17:08:25.080+0000] {logging_mixin.py:188} INFO - [2024-02-02T17:08:25.080+0000] {dagbag.py:538} INFO - Filling up the DagBag from /home/airflow/.local/lib/python3.8/site-packages/airflow/example_dags/example_trigger_target_dag.py
[2024-02-02T17:08:25.085+0000] {processor.py:840} INFO - DAG(s) 'example_trigger_target_dag' retrieved from /home/airflow/.local/lib/python3.8/site-packages/airflow/example_dags/example_trigger_target_dag.py
[2024-02-02T17:08:25.103+0000] {logging_mixin.py:188} INFO - [2024-02-02T17:08:25.103+0000] {dag.py:3036} INFO - Sync 1 DAGs
[2024-02-02T17:08:25.113+0000] {logging_mixin.py:188} INFO - [2024-02-02T17:08:25.113+0000] {dag.py:3823} INFO - Setting next_dagrun for example_trigger_target_dag to None, run_after=None
[2024-02-02T17:08:25.127+0000] {processor.py:183} INFO - Processing /home/airflow/.local/lib/python3.8/site-packages/airflow/example_dags/example_trigger_target_dag.py took 0.053 seconds
