[2024-02-02T17:07:24.258+0000] {processor.py:161} INFO - Started process (PID=57) to work on /home/airflow/.local/lib/python3.8/site-packages/airflow/example_dags/example_task_group_decorator.py
[2024-02-02T17:07:24.260+0000] {processor.py:830} INFO - Processing file /home/airflow/.local/lib/python3.8/site-packages/airflow/example_dags/example_task_group_decorator.py for tasks to queue
[2024-02-02T17:07:24.263+0000] {logging_mixin.py:188} INFO - [2024-02-02T17:07:24.262+0000] {dagbag.py:538} INFO - Filling up the DagBag from /home/airflow/.local/lib/python3.8/site-packages/airflow/example_dags/example_task_group_decorator.py
[2024-02-02T17:07:24.274+0000] {processor.py:840} INFO - DAG(s) 'example_task_group_decorator' retrieved from /home/airflow/.local/lib/python3.8/site-packages/airflow/example_dags/example_task_group_decorator.py
[2024-02-02T17:07:24.339+0000] {logging_mixin.py:188} INFO - [2024-02-02T17:07:24.339+0000] {override.py:1769} INFO - Created Permission View: can delete on DAG:example_task_group_decorator
[2024-02-02T17:07:24.347+0000] {logging_mixin.py:188} INFO - [2024-02-02T17:07:24.347+0000] {override.py:1769} INFO - Created Permission View: can edit on DAG:example_task_group_decorator
[2024-02-02T17:07:24.353+0000] {logging_mixin.py:188} INFO - [2024-02-02T17:07:24.353+0000] {override.py:1769} INFO - Created Permission View: can read on DAG:example_task_group_decorator
[2024-02-02T17:07:24.355+0000] {logging_mixin.py:188} INFO - [2024-02-02T17:07:24.354+0000] {dag.py:3036} INFO - Sync 1 DAGs
[2024-02-02T17:07:24.362+0000] {logging_mixin.py:188} INFO - [2024-02-02T17:07:24.362+0000] {dag.py:3058} INFO - Creating ORM DAG for example_task_group_decorator
[2024-02-02T17:07:24.370+0000] {logging_mixin.py:188} INFO - [2024-02-02T17:07:24.369+0000] {dag.py:3823} INFO - Setting next_dagrun for example_task_group_decorator to 2024-02-01 00:00:00+00:00, run_after=2024-02-02 00:00:00+00:00
[2024-02-02T17:07:24.382+0000] {processor.py:183} INFO - Processing /home/airflow/.local/lib/python3.8/site-packages/airflow/example_dags/example_task_group_decorator.py took 0.126 seconds
[2024-02-02T17:07:54.509+0000] {processor.py:161} INFO - Started process (PID=113) to work on /home/airflow/.local/lib/python3.8/site-packages/airflow/example_dags/example_task_group_decorator.py
[2024-02-02T17:07:54.512+0000] {processor.py:830} INFO - Processing file /home/airflow/.local/lib/python3.8/site-packages/airflow/example_dags/example_task_group_decorator.py for tasks to queue
[2024-02-02T17:07:54.516+0000] {logging_mixin.py:188} INFO - [2024-02-02T17:07:54.516+0000] {dagbag.py:538} INFO - Filling up the DagBag from /home/airflow/.local/lib/python3.8/site-packages/airflow/example_dags/example_task_group_decorator.py
[2024-02-02T17:07:54.534+0000] {processor.py:840} INFO - DAG(s) 'example_task_group_decorator' retrieved from /home/airflow/.local/lib/python3.8/site-packages/airflow/example_dags/example_task_group_decorator.py
[2024-02-02T17:07:54.560+0000] {logging_mixin.py:188} INFO - [2024-02-02T17:07:54.560+0000] {dag.py:3036} INFO - Sync 1 DAGs
[2024-02-02T17:07:54.581+0000] {logging_mixin.py:188} INFO - [2024-02-02T17:07:54.581+0000] {dag.py:3823} INFO - Setting next_dagrun for example_task_group_decorator to 2024-02-01 00:00:00+00:00, run_after=2024-02-02 00:00:00+00:00
[2024-02-02T17:07:54.597+0000] {processor.py:183} INFO - Processing /home/airflow/.local/lib/python3.8/site-packages/airflow/example_dags/example_task_group_decorator.py took 0.091 seconds
[2024-02-02T17:08:25.223+0000] {processor.py:161} INFO - Started process (PID=168) to work on /home/airflow/.local/lib/python3.8/site-packages/airflow/example_dags/example_task_group_decorator.py
[2024-02-02T17:08:25.225+0000] {processor.py:830} INFO - Processing file /home/airflow/.local/lib/python3.8/site-packages/airflow/example_dags/example_task_group_decorator.py for tasks to queue
[2024-02-02T17:08:25.228+0000] {logging_mixin.py:188} INFO - [2024-02-02T17:08:25.227+0000] {dagbag.py:538} INFO - Filling up the DagBag from /home/airflow/.local/lib/python3.8/site-packages/airflow/example_dags/example_task_group_decorator.py
[2024-02-02T17:08:25.238+0000] {processor.py:840} INFO - DAG(s) 'example_task_group_decorator' retrieved from /home/airflow/.local/lib/python3.8/site-packages/airflow/example_dags/example_task_group_decorator.py
[2024-02-02T17:08:25.258+0000] {logging_mixin.py:188} INFO - [2024-02-02T17:08:25.258+0000] {dag.py:3036} INFO - Sync 1 DAGs
[2024-02-02T17:08:25.271+0000] {logging_mixin.py:188} INFO - [2024-02-02T17:08:25.271+0000] {dag.py:3823} INFO - Setting next_dagrun for example_task_group_decorator to 2024-02-01 00:00:00+00:00, run_after=2024-02-02 00:00:00+00:00
[2024-02-02T17:08:25.284+0000] {processor.py:183} INFO - Processing /home/airflow/.local/lib/python3.8/site-packages/airflow/example_dags/example_task_group_decorator.py took 0.063 seconds
