[2024-02-02T17:07:23.681+0000] {processor.py:161} INFO - Started process (PID=52) to work on /home/airflow/.local/lib/python3.8/site-packages/airflow/example_dags/tutorial_taskflow_api.py
[2024-02-02T17:07:23.683+0000] {processor.py:830} INFO - Processing file /home/airflow/.local/lib/python3.8/site-packages/airflow/example_dags/tutorial_taskflow_api.py for tasks to queue
[2024-02-02T17:07:23.685+0000] {logging_mixin.py:188} INFO - [2024-02-02T17:07:23.685+0000] {dagbag.py:538} INFO - Filling up the DagBag from /home/airflow/.local/lib/python3.8/site-packages/airflow/example_dags/tutorial_taskflow_api.py
[2024-02-02T17:07:23.694+0000] {processor.py:840} INFO - DAG(s) 'tutorial_taskflow_api' retrieved from /home/airflow/.local/lib/python3.8/site-packages/airflow/example_dags/tutorial_taskflow_api.py
[2024-02-02T17:07:23.785+0000] {logging_mixin.py:188} INFO - [2024-02-02T17:07:23.785+0000] {override.py:1769} INFO - Created Permission View: can delete on DAG:tutorial_taskflow_api
[2024-02-02T17:07:23.797+0000] {logging_mixin.py:188} INFO - [2024-02-02T17:07:23.796+0000] {override.py:1769} INFO - Created Permission View: can edit on DAG:tutorial_taskflow_api
[2024-02-02T17:07:23.803+0000] {logging_mixin.py:188} INFO - [2024-02-02T17:07:23.803+0000] {override.py:1769} INFO - Created Permission View: can read on DAG:tutorial_taskflow_api
[2024-02-02T17:07:23.806+0000] {logging_mixin.py:188} INFO - [2024-02-02T17:07:23.805+0000] {dag.py:3036} INFO - Sync 1 DAGs
[2024-02-02T17:07:23.815+0000] {logging_mixin.py:188} INFO - [2024-02-02T17:07:23.815+0000] {dag.py:3058} INFO - Creating ORM DAG for tutorial_taskflow_api
[2024-02-02T17:07:23.817+0000] {logging_mixin.py:188} INFO - [2024-02-02T17:07:23.817+0000] {dag.py:3823} INFO - Setting next_dagrun for tutorial_taskflow_api to None, run_after=None
[2024-02-02T17:07:23.837+0000] {processor.py:183} INFO - Processing /home/airflow/.local/lib/python3.8/site-packages/airflow/example_dags/tutorial_taskflow_api.py took 0.159 seconds
[2024-02-02T17:07:54.246+0000] {processor.py:161} INFO - Started process (PID=108) to work on /home/airflow/.local/lib/python3.8/site-packages/airflow/example_dags/tutorial_taskflow_api.py
[2024-02-02T17:07:54.251+0000] {processor.py:830} INFO - Processing file /home/airflow/.local/lib/python3.8/site-packages/airflow/example_dags/tutorial_taskflow_api.py for tasks to queue
[2024-02-02T17:07:54.254+0000] {logging_mixin.py:188} INFO - [2024-02-02T17:07:54.254+0000] {dagbag.py:538} INFO - Filling up the DagBag from /home/airflow/.local/lib/python3.8/site-packages/airflow/example_dags/tutorial_taskflow_api.py
[2024-02-02T17:07:54.260+0000] {processor.py:840} INFO - DAG(s) 'tutorial_taskflow_api' retrieved from /home/airflow/.local/lib/python3.8/site-packages/airflow/example_dags/tutorial_taskflow_api.py
[2024-02-02T17:07:54.284+0000] {logging_mixin.py:188} INFO - [2024-02-02T17:07:54.284+0000] {dag.py:3036} INFO - Sync 1 DAGs
[2024-02-02T17:07:54.295+0000] {logging_mixin.py:188} INFO - [2024-02-02T17:07:54.295+0000] {dag.py:3823} INFO - Setting next_dagrun for tutorial_taskflow_api to None, run_after=None
[2024-02-02T17:07:54.315+0000] {processor.py:183} INFO - Processing /home/airflow/.local/lib/python3.8/site-packages/airflow/example_dags/tutorial_taskflow_api.py took 0.073 seconds
[2024-02-02T17:08:24.999+0000] {processor.py:161} INFO - Started process (PID=163) to work on /home/airflow/.local/lib/python3.8/site-packages/airflow/example_dags/tutorial_taskflow_api.py
[2024-02-02T17:08:25.001+0000] {processor.py:830} INFO - Processing file /home/airflow/.local/lib/python3.8/site-packages/airflow/example_dags/tutorial_taskflow_api.py for tasks to queue
[2024-02-02T17:08:25.003+0000] {logging_mixin.py:188} INFO - [2024-02-02T17:08:25.003+0000] {dagbag.py:538} INFO - Filling up the DagBag from /home/airflow/.local/lib/python3.8/site-packages/airflow/example_dags/tutorial_taskflow_api.py
[2024-02-02T17:08:25.009+0000] {processor.py:840} INFO - DAG(s) 'tutorial_taskflow_api' retrieved from /home/airflow/.local/lib/python3.8/site-packages/airflow/example_dags/tutorial_taskflow_api.py
[2024-02-02T17:08:25.025+0000] {logging_mixin.py:188} INFO - [2024-02-02T17:08:25.025+0000] {dag.py:3036} INFO - Sync 1 DAGs
[2024-02-02T17:08:25.038+0000] {logging_mixin.py:188} INFO - [2024-02-02T17:08:25.037+0000] {dag.py:3823} INFO - Setting next_dagrun for tutorial_taskflow_api to None, run_after=None
[2024-02-02T17:08:25.051+0000] {processor.py:183} INFO - Processing /home/airflow/.local/lib/python3.8/site-packages/airflow/example_dags/tutorial_taskflow_api.py took 0.055 seconds
