[2024-02-02T17:07:24.423+0000] {processor.py:161} INFO - Started process (PID=59) to work on /home/airflow/.local/lib/python3.8/site-packages/airflow/example_dags/tutorial.py
[2024-02-02T17:07:24.425+0000] {processor.py:830} INFO - Processing file /home/airflow/.local/lib/python3.8/site-packages/airflow/example_dags/tutorial.py for tasks to queue
[2024-02-02T17:07:24.428+0000] {logging_mixin.py:188} INFO - [2024-02-02T17:07:24.428+0000] {dagbag.py:538} INFO - Filling up the DagBag from /home/airflow/.local/lib/python3.8/site-packages/airflow/example_dags/tutorial.py
[2024-02-02T17:07:24.438+0000] {processor.py:840} INFO - DAG(s) 'tutorial' retrieved from /home/airflow/.local/lib/python3.8/site-packages/airflow/example_dags/tutorial.py
[2024-02-02T17:07:24.504+0000] {logging_mixin.py:188} INFO - [2024-02-02T17:07:24.504+0000] {override.py:1769} INFO - Created Permission View: can delete on DAG:tutorial
[2024-02-02T17:07:24.512+0000] {logging_mixin.py:188} INFO - [2024-02-02T17:07:24.512+0000] {override.py:1769} INFO - Created Permission View: can edit on DAG:tutorial
[2024-02-02T17:07:24.519+0000] {logging_mixin.py:188} INFO - [2024-02-02T17:07:24.519+0000] {override.py:1769} INFO - Created Permission View: can read on DAG:tutorial
[2024-02-02T17:07:24.520+0000] {logging_mixin.py:188} INFO - [2024-02-02T17:07:24.520+0000] {dag.py:3036} INFO - Sync 1 DAGs
[2024-02-02T17:07:24.528+0000] {logging_mixin.py:188} INFO - [2024-02-02T17:07:24.528+0000] {dag.py:3058} INFO - Creating ORM DAG for tutorial
[2024-02-02T17:07:24.537+0000] {logging_mixin.py:188} INFO - [2024-02-02T17:07:24.537+0000] {dag.py:3823} INFO - Setting next_dagrun for tutorial to 2024-02-01 00:00:00+00:00, run_after=2024-02-02 00:00:00+00:00
[2024-02-02T17:07:24.552+0000] {processor.py:183} INFO - Processing /home/airflow/.local/lib/python3.8/site-packages/airflow/example_dags/tutorial.py took 0.133 seconds
[2024-02-02T17:07:54.628+0000] {processor.py:161} INFO - Started process (PID=114) to work on /home/airflow/.local/lib/python3.8/site-packages/airflow/example_dags/tutorial.py
[2024-02-02T17:07:54.630+0000] {processor.py:830} INFO - Processing file /home/airflow/.local/lib/python3.8/site-packages/airflow/example_dags/tutorial.py for tasks to queue
[2024-02-02T17:07:54.634+0000] {logging_mixin.py:188} INFO - [2024-02-02T17:07:54.633+0000] {dagbag.py:538} INFO - Filling up the DagBag from /home/airflow/.local/lib/python3.8/site-packages/airflow/example_dags/tutorial.py
[2024-02-02T17:07:54.640+0000] {processor.py:840} INFO - DAG(s) 'tutorial' retrieved from /home/airflow/.local/lib/python3.8/site-packages/airflow/example_dags/tutorial.py
[2024-02-02T17:07:54.662+0000] {logging_mixin.py:188} INFO - [2024-02-02T17:07:54.662+0000] {dag.py:3036} INFO - Sync 1 DAGs
[2024-02-02T17:07:54.679+0000] {logging_mixin.py:188} INFO - [2024-02-02T17:07:54.679+0000] {dag.py:3823} INFO - Setting next_dagrun for tutorial to 2024-02-01 00:00:00+00:00, run_after=2024-02-02 00:00:00+00:00
[2024-02-02T17:07:54.693+0000] {processor.py:183} INFO - Processing /home/airflow/.local/lib/python3.8/site-packages/airflow/example_dags/tutorial.py took 0.068 seconds
[2024-02-02T17:08:25.309+0000] {processor.py:161} INFO - Started process (PID=170) to work on /home/airflow/.local/lib/python3.8/site-packages/airflow/example_dags/tutorial.py
[2024-02-02T17:08:25.310+0000] {processor.py:830} INFO - Processing file /home/airflow/.local/lib/python3.8/site-packages/airflow/example_dags/tutorial.py for tasks to queue
[2024-02-02T17:08:25.312+0000] {logging_mixin.py:188} INFO - [2024-02-02T17:08:25.312+0000] {dagbag.py:538} INFO - Filling up the DagBag from /home/airflow/.local/lib/python3.8/site-packages/airflow/example_dags/tutorial.py
[2024-02-02T17:08:25.317+0000] {processor.py:840} INFO - DAG(s) 'tutorial' retrieved from /home/airflow/.local/lib/python3.8/site-packages/airflow/example_dags/tutorial.py
[2024-02-02T17:08:25.334+0000] {logging_mixin.py:188} INFO - [2024-02-02T17:08:25.334+0000] {dag.py:3036} INFO - Sync 1 DAGs
[2024-02-02T17:08:25.349+0000] {logging_mixin.py:188} INFO - [2024-02-02T17:08:25.349+0000] {dag.py:3823} INFO - Setting next_dagrun for tutorial to 2024-02-01 00:00:00+00:00, run_after=2024-02-02 00:00:00+00:00
[2024-02-02T17:08:25.368+0000] {processor.py:183} INFO - Processing /home/airflow/.local/lib/python3.8/site-packages/airflow/example_dags/tutorial.py took 0.062 seconds
