[2024-02-02T17:07:24.637+0000] {processor.py:161} INFO - Started process (PID=60) to work on /home/airflow/.local/lib/python3.8/site-packages/airflow/example_dags/tutorial_objectstorage.py
[2024-02-02T17:07:24.639+0000] {processor.py:830} INFO - Processing file /home/airflow/.local/lib/python3.8/site-packages/airflow/example_dags/tutorial_objectstorage.py for tasks to queue
[2024-02-02T17:07:24.642+0000] {logging_mixin.py:188} INFO - [2024-02-02T17:07:24.642+0000] {dagbag.py:538} INFO - Filling up the DagBag from /home/airflow/.local/lib/python3.8/site-packages/airflow/example_dags/tutorial_objectstorage.py
[2024-02-02T17:07:24.649+0000] {processor.py:840} INFO - DAG(s) 'tutorial_objectstorage' retrieved from /home/airflow/.local/lib/python3.8/site-packages/airflow/example_dags/tutorial_objectstorage.py
[2024-02-02T17:07:24.725+0000] {logging_mixin.py:188} INFO - [2024-02-02T17:07:24.724+0000] {override.py:1769} INFO - Created Permission View: can delete on DAG:tutorial_objectstorage
[2024-02-02T17:07:24.734+0000] {logging_mixin.py:188} INFO - [2024-02-02T17:07:24.734+0000] {override.py:1769} INFO - Created Permission View: can edit on DAG:tutorial_objectstorage
[2024-02-02T17:07:24.742+0000] {logging_mixin.py:188} INFO - [2024-02-02T17:07:24.741+0000] {override.py:1769} INFO - Created Permission View: can read on DAG:tutorial_objectstorage
[2024-02-02T17:07:24.743+0000] {logging_mixin.py:188} INFO - [2024-02-02T17:07:24.743+0000] {dag.py:3036} INFO - Sync 1 DAGs
[2024-02-02T17:07:24.751+0000] {logging_mixin.py:188} INFO - [2024-02-02T17:07:24.751+0000] {dag.py:3058} INFO - Creating ORM DAG for tutorial_objectstorage
[2024-02-02T17:07:24.753+0000] {logging_mixin.py:188} INFO - [2024-02-02T17:07:24.753+0000] {dag.py:3823} INFO - Setting next_dagrun for tutorial_objectstorage to None, run_after=None
[2024-02-02T17:07:24.765+0000] {processor.py:183} INFO - Processing /home/airflow/.local/lib/python3.8/site-packages/airflow/example_dags/tutorial_objectstorage.py took 0.130 seconds
[2024-02-02T17:07:54.813+0000] {processor.py:161} INFO - Started process (PID=116) to work on /home/airflow/.local/lib/python3.8/site-packages/airflow/example_dags/tutorial_objectstorage.py
[2024-02-02T17:07:54.817+0000] {processor.py:830} INFO - Processing file /home/airflow/.local/lib/python3.8/site-packages/airflow/example_dags/tutorial_objectstorage.py for tasks to queue
[2024-02-02T17:07:54.821+0000] {logging_mixin.py:188} INFO - [2024-02-02T17:07:54.820+0000] {dagbag.py:538} INFO - Filling up the DagBag from /home/airflow/.local/lib/python3.8/site-packages/airflow/example_dags/tutorial_objectstorage.py
[2024-02-02T17:07:54.831+0000] {processor.py:840} INFO - DAG(s) 'tutorial_objectstorage' retrieved from /home/airflow/.local/lib/python3.8/site-packages/airflow/example_dags/tutorial_objectstorage.py
[2024-02-02T17:07:54.852+0000] {logging_mixin.py:188} INFO - [2024-02-02T17:07:54.852+0000] {dag.py:3036} INFO - Sync 1 DAGs
[2024-02-02T17:07:54.862+0000] {logging_mixin.py:188} INFO - [2024-02-02T17:07:54.861+0000] {dag.py:3823} INFO - Setting next_dagrun for tutorial_objectstorage to None, run_after=None
[2024-02-02T17:07:54.875+0000] {processor.py:183} INFO - Processing /home/airflow/.local/lib/python3.8/site-packages/airflow/example_dags/tutorial_objectstorage.py took 0.068 seconds
[2024-02-02T17:08:25.333+0000] {processor.py:161} INFO - Started process (PID=171) to work on /home/airflow/.local/lib/python3.8/site-packages/airflow/example_dags/tutorial_objectstorage.py
[2024-02-02T17:08:25.335+0000] {processor.py:830} INFO - Processing file /home/airflow/.local/lib/python3.8/site-packages/airflow/example_dags/tutorial_objectstorage.py for tasks to queue
[2024-02-02T17:08:25.337+0000] {logging_mixin.py:188} INFO - [2024-02-02T17:08:25.337+0000] {dagbag.py:538} INFO - Filling up the DagBag from /home/airflow/.local/lib/python3.8/site-packages/airflow/example_dags/tutorial_objectstorage.py
[2024-02-02T17:08:25.342+0000] {processor.py:840} INFO - DAG(s) 'tutorial_objectstorage' retrieved from /home/airflow/.local/lib/python3.8/site-packages/airflow/example_dags/tutorial_objectstorage.py
[2024-02-02T17:08:25.357+0000] {logging_mixin.py:188} INFO - [2024-02-02T17:08:25.357+0000] {dag.py:3036} INFO - Sync 1 DAGs
[2024-02-02T17:08:25.365+0000] {logging_mixin.py:188} INFO - [2024-02-02T17:08:25.365+0000] {dag.py:3823} INFO - Setting next_dagrun for tutorial_objectstorage to None, run_after=None
[2024-02-02T17:08:25.378+0000] {processor.py:183} INFO - Processing /home/airflow/.local/lib/python3.8/site-packages/airflow/example_dags/tutorial_objectstorage.py took 0.048 seconds
